0 95 21 800 1 0 0 0 0
1 95 61 1004 3 0 0 0 0
2 95 101 826 2 0 0 0 0
3 95 139 837 2 0 0 0 0
4 95 183 943 3 0 0 0 0
5 102 11 1107 1 0 0 0 0
6 102 52 1065 1 0 0 0 0
7 102 92 842 1 0 0 0 0
8 102 127 937 1 0 0 0 0
9 102 169 1639 1 0 0 0 0
total_num: 2463 disapper_num: 922 get_num: 1380 get_num_val: 250871
14995 0 0
14995 1 0
14995 2 1
14995 3 1
14995 4 0
14995 5 0
14995 6 0
14995 7 6
14995 8 0
14995 9 0
total_num: 2463 disapper_num: 922 get_num: 1380 get_num_val: 250871
14996 0 0
14996 1 0
14996 2 1
14996 3 1
14996 4 0
14996 5 0
14996 6 0
14996 7 6
14996 8 0
14996 9 0
total_num: 2463 disapper_num: 922 get_num: 1380 get_num_val: 250871
14997 0 0
14997 1 0
14997 2 1
14997 3 1
14997 4 0
14997 5 0
14997 6 0
14997 7 6
14997 8 0
14997 9 0
total_num: 2463 disapper_num: 922 get_num: 1380 get_num_val: 250871
14998 0 0
14998 1 0
14998 2 1
14998 3 1
14998 4 0
14998 5 0
14998 6 0
14998 7 6
14998 8 0
14998 9 0
total_num: 2463 disapper_num: 922 get_num: 1380 get_num_val: 250871
14999 0 0
14999 1 0
14999 2 1
14999 3 1
14999 4 0
14999 5 0
14999 6 0
14999 7 6
14999 8 0
14999 9 0
total_num: 2464 disapper_num: 923 get_num: 1380 get_num_val: 250871
15000 0 0
15000 1 0
15000 2 1
15000 3 1
15000 4 0
15000 5 0
15000 6 0
15000 7 6
15000 8 0
15000 9 0
