2024/03/19 15:11:56 - log_util.py[line:41] - INFO:  Log file path: /mnt/c/Users/consonnm/Desktop/CodeCraft/log/train_2024-03-19_15-11-56.log
2024/03/19 15:12:28 - train.py[line:39] - INFO:  params: 0.5928446182250184 0.8442657485810175 0.857945617622757 0.8472517387841256 0.6235636967859725 0.38438170729269994 0.29753460654447234 0.11342595463488639 0.5453125891602265 0.47766511732135 0.8121687287754934
2024/03/19 15:12:28 - train.py[line:40] - INFO:  Score list: [190791]
2024/03/19 15:12:28 - train.py[line:41] - INFO:  Total score: 190791
2024/03/19 15:12:28 - train.py[line:42] - INFO:  Average score: 190791.0
2024/03/19 15:12:28 - train.py[line:47] - INFO:  After call 1: Best score: 190791.0
2024/03/19 15:12:28 - train.py[line:48] - INFO:  With parameters: [0.5928446182250184, 0.8442657485810175, 0.857945617622757, 0.8472517387841256, 0.6235636967859725, 0.38438170729269994, 0.29753460654447234, 0.11342595463488639, 0.5453125891602265, 0.47766511732135, 0.8121687287754934]
2024/03/19 15:12:28 - train.py[line:49] - INFO:  ====================================

2024/03/19 15:13:02 - train.py[line:39] - INFO:  params: 0.47997717237505744 0.39278479610082984 0.8360787635373778 0.33739616041726844 0.6481718720511973 0.368241539840548 0.9571551589530466 0.28070156082529035 1.7401745167168732 0.4736080452737106 0.8009107519796445
2024/03/19 15:13:02 - train.py[line:40] - INFO:  Score list: [191780]
2024/03/19 15:13:02 - train.py[line:41] - INFO:  Total score: 191780
2024/03/19 15:13:02 - train.py[line:42] - INFO:  Average score: 191780.0
2024/03/19 15:13:02 - train.py[line:47] - INFO:  After call 2: Best score: 191780.0
2024/03/19 15:13:02 - train.py[line:48] - INFO:  With parameters: [0.47997717237505744, 0.39278479610082984, 0.8360787635373778, 0.33739616041726844, 0.6481718720511973, 0.368241539840548, 0.9571551589530466, 0.28070156082529035, 1.7401745167168732, 0.4736080452737106, 0.8009107519796445]
2024/03/19 15:13:02 - train.py[line:49] - INFO:  ====================================

2024/03/19 15:13:36 - train.py[line:39] - INFO:  params: 0.5204774795512049 0.6788795301189604 0.7206326547259169 0.5820197920751072 0.5373732294490108 0.7586156243223574 0.10590760718779216 0.9472008386933151 0.37266468665352 0.7369181771289582 0.21655035442437193
2024/03/19 15:13:36 - train.py[line:40] - INFO:  Score list: [153550]
2024/03/19 15:13:36 - train.py[line:41] - INFO:  Total score: 153550
2024/03/19 15:13:36 - train.py[line:42] - INFO:  Average score: 153550.0
2024/03/19 15:13:36 - train.py[line:47] - INFO:  After call 3: Best score: 191780.0
2024/03/19 15:13:36 - train.py[line:48] - INFO:  With parameters: [0.47997717237505744, 0.39278479610082984, 0.8360787635373778, 0.33739616041726844, 0.6481718720511973, 0.368241539840548, 0.9571551589530466, 0.28070156082529035, 1.7401745167168732, 0.4736080452737106, 0.8009107519796445]
2024/03/19 15:13:36 - train.py[line:49] - INFO:  ====================================

2024/03/19 15:14:10 - train.py[line:39] - INFO:  params: 0.13521817340545209 0.32414100779321414 0.1496748671836832 0.2223213882515877 0.38648898112586205 0.9025984755294049 0.4499499899112277 1.226126915768265 1.804697166347969 0.0992803503589739 0.969809067746749
2024/03/19 15:14:10 - train.py[line:40] - INFO:  Score list: [190177]
2024/03/19 15:14:10 - train.py[line:41] - INFO:  Total score: 190177
2024/03/19 15:14:10 - train.py[line:42] - INFO:  Average score: 190177.0
2024/03/19 15:14:10 - train.py[line:47] - INFO:  After call 4: Best score: 191780.0
2024/03/19 15:14:10 - train.py[line:48] - INFO:  With parameters: [0.47997717237505744, 0.39278479610082984, 0.8360787635373778, 0.33739616041726844, 0.6481718720511973, 0.368241539840548, 0.9571551589530466, 0.28070156082529035, 1.7401745167168732, 0.4736080452737106, 0.8009107519796445]
2024/03/19 15:14:10 - train.py[line:49] - INFO:  ====================================

2024/03/19 15:14:46 - train.py[line:39] - INFO:  params: 0.6531400357979378 0.17090958513604518 0.35815216696952507 0.7506861412184564 0.6078306687154679 0.32504722900835253 0.03842542647273473 1.2685481159146703 1.9178985372490411 0.652790317005491 0.635058873603564
2024/03/19 15:14:46 - train.py[line:40] - INFO:  Score list: [130753]
2024/03/19 15:14:46 - train.py[line:41] - INFO:  Total score: 130753
2024/03/19 15:14:46 - train.py[line:42] - INFO:  Average score: 130753.0
2024/03/19 15:14:46 - train.py[line:47] - INFO:  After call 5: Best score: 191780.0
2024/03/19 15:14:46 - train.py[line:48] - INFO:  With parameters: [0.47997717237505744, 0.39278479610082984, 0.8360787635373778, 0.33739616041726844, 0.6481718720511973, 0.368241539840548, 0.9571551589530466, 0.28070156082529035, 1.7401745167168732, 0.4736080452737106, 0.8009107519796445]
2024/03/19 15:14:46 - train.py[line:49] - INFO:  ====================================

2024/03/19 15:15:21 - train.py[line:39] - INFO:  params: 0.9952995676778879 0.5818503294385344 0.4143685882263689 0.474697502288413 0.6235101011318683 0.3380076148388918 0.6747523222590208 0.6344034841385923 1.5566909640518185 0.9495710534507423 0.6625268669500444
2024/03/19 15:15:21 - train.py[line:40] - INFO:  Score list: [192004]
2024/03/19 15:15:21 - train.py[line:41] - INFO:  Total score: 192004
2024/03/19 15:15:21 - train.py[line:42] - INFO:  Average score: 192004.0
2024/03/19 15:15:21 - train.py[line:47] - INFO:  After call 6: Best score: 192004.0
2024/03/19 15:15:21 - train.py[line:48] - INFO:  With parameters: [0.9952995676778879, 0.5818503294385344, 0.4143685882263689, 0.474697502288413, 0.6235101011318683, 0.3380076148388918, 0.6747523222590208, 0.6344034841385923, 1.5566909640518185, 0.9495710534507423, 0.6625268669500444]
2024/03/19 15:15:21 - train.py[line:49] - INFO:  ====================================

2024/03/19 15:15:57 - train.py[line:39] - INFO:  params: 0.013571635612109837 0.6228460955466696 0.6736596308357895 0.971945002499666 0.8781934713471772 0.5096243767199002 0.055714693701606324 0.9023184290418564 0.03997533081751748 0.4417109212488455 0.9795867288127287
2024/03/19 15:15:57 - train.py[line:40] - INFO:  Score list: [124576]
2024/03/19 15:15:57 - train.py[line:41] - INFO:  Total score: 124576
2024/03/19 15:15:57 - train.py[line:42] - INFO:  Average score: 124576.0
2024/03/19 15:15:57 - train.py[line:47] - INFO:  After call 7: Best score: 192004.0
2024/03/19 15:15:57 - train.py[line:48] - INFO:  With parameters: [0.9952995676778879, 0.5818503294385344, 0.4143685882263689, 0.474697502288413, 0.6235101011318683, 0.3380076148388918, 0.6747523222590208, 0.6344034841385923, 1.5566909640518185, 0.9495710534507423, 0.6625268669500444]
2024/03/19 15:15:57 - train.py[line:49] - INFO:  ====================================

2024/03/19 15:16:35 - train.py[line:39] - INFO:  params: 0.35944446396932156 0.48089353083616293 0.6886611828057705 0.8804758892525957 0.9182354663621449 0.21682213762754293 0.5651888666048754 1.7302051226107704 1.0179379213340292 0.916722954019461 0.9211576102372
2024/03/19 15:16:35 - train.py[line:40] - INFO:  Score list: [190643]
2024/03/19 15:16:35 - train.py[line:41] - INFO:  Total score: 190643
2024/03/19 15:16:35 - train.py[line:42] - INFO:  Average score: 190643.0
2024/03/19 15:16:35 - train.py[line:47] - INFO:  After call 8: Best score: 192004.0
2024/03/19 15:16:35 - train.py[line:48] - INFO:  With parameters: [0.9952995676778879, 0.5818503294385344, 0.4143685882263689, 0.474697502288413, 0.6235101011318683, 0.3380076148388918, 0.6747523222590208, 0.6344034841385923, 1.5566909640518185, 0.9495710534507423, 0.6625268669500444]
2024/03/19 15:16:35 - train.py[line:49] - INFO:  ====================================

2024/03/19 15:17:13 - train.py[line:39] - INFO:  params: 0.0831124926306024 0.2777185612810325 0.009356704856532618 0.8423420796677312 0.6471741401875556 0.8413861191973546 0.2647301642834497 0.7956415055172583 1.1056429597751432 0.16494046024188416 0.3698080927483401
2024/03/19 15:17:13 - train.py[line:40] - INFO:  Score list: [189863]
2024/03/19 15:17:13 - train.py[line:41] - INFO:  Total score: 189863
2024/03/19 15:17:13 - train.py[line:42] - INFO:  Average score: 189863.0
2024/03/19 15:17:13 - train.py[line:47] - INFO:  After call 9: Best score: 192004.0
2024/03/19 15:17:13 - train.py[line:48] - INFO:  With parameters: [0.9952995676778879, 0.5818503294385344, 0.4143685882263689, 0.474697502288413, 0.6235101011318683, 0.3380076148388918, 0.6747523222590208, 0.6344034841385923, 1.5566909640518185, 0.9495710534507423, 0.6625268669500444]
2024/03/19 15:17:13 - train.py[line:49] - INFO:  ====================================

2024/03/19 15:17:51 - train.py[line:39] - INFO:  params: 0.14644176272911227 0.5696184059233068 0.7037372792899164 0.2884764370485287 0.43328806198204417 0.7561066938650411 0.3960982754233624 1.7920767750181545 1.277842152462626 0.8915544372256773 0.6800555694634124
2024/03/19 15:17:51 - train.py[line:40] - INFO:  Score list: [195271]
2024/03/19 15:17:51 - train.py[line:41] - INFO:  Total score: 195271
2024/03/19 15:17:51 - train.py[line:42] - INFO:  Average score: 195271.0
2024/03/19 15:17:52 - train.py[line:47] - INFO:  After call 10: Best score: 195271.0
2024/03/19 15:17:52 - train.py[line:48] - INFO:  With parameters: [0.14644176272911227, 0.5696184059233068, 0.7037372792899164, 0.2884764370485287, 0.43328806198204417, 0.7561066938650411, 0.3960982754233624, 1.7920767750181545, 1.277842152462626, 0.8915544372256773, 0.6800555694634124]
2024/03/19 15:17:52 - train.py[line:49] - INFO:  ====================================

2024/03/19 15:18:28 - train.py[line:39] - INFO:  params: 0.8735488764252517 0.5404272136709655 0.09342693686051108 0.9557322578906703 0.5200338853956361 0.2629504960207771 0.3516640242634151 1.9183874659975586 1.5141769244367418 0.9165138391942983 0.11674343068841089
2024/03/19 15:18:28 - train.py[line:40] - INFO:  Score list: [203825]
2024/03/19 15:18:28 - train.py[line:41] - INFO:  Total score: 203825
2024/03/19 15:18:28 - train.py[line:42] - INFO:  Average score: 203825.0
2024/03/19 15:18:28 - train.py[line:47] - INFO:  After call 11: Best score: 203825.0
2024/03/19 15:18:28 - train.py[line:48] - INFO:  With parameters: [0.8735488764252517, 0.5404272136709655, 0.09342693686051108, 0.9557322578906703, 0.5200338853956361, 0.2629504960207771, 0.3516640242634151, 1.9183874659975586, 1.5141769244367418, 0.9165138391942983, 0.11674343068841089]
2024/03/19 15:18:28 - train.py[line:49] - INFO:  ====================================

2024/03/19 15:19:13 - train.py[line:39] - INFO:  params: 0.34324976820336955 0.5554536847706865 0.5178163424884256 0.690352185554287 0.15697718594424628 0.5848387717605361 0.23310523097666253 1.8215754830642175 1.0175149852630114 0.9947023076669559 0.7509404171732428
2024/03/19 15:19:13 - train.py[line:40] - INFO:  Score list: [178997]
2024/03/19 15:19:13 - train.py[line:41] - INFO:  Total score: 178997
2024/03/19 15:19:13 - train.py[line:42] - INFO:  Average score: 178997.0
2024/03/19 15:19:13 - train.py[line:47] - INFO:  After call 12: Best score: 203825.0
2024/03/19 15:19:13 - train.py[line:48] - INFO:  With parameters: [0.8735488764252517, 0.5404272136709655, 0.09342693686051108, 0.9557322578906703, 0.5200338853956361, 0.2629504960207771, 0.3516640242634151, 1.9183874659975586, 1.5141769244367418, 0.9165138391942983, 0.11674343068841089]
2024/03/19 15:19:13 - train.py[line:49] - INFO:  ====================================

2024/03/19 15:20:02 - train.py[line:39] - INFO:  params: 0.43844238852289175 0.8520357750063902 0.14858116868723228 0.8836563269474267 0.4840489400639253 0.3666846170541806 0.36480506493514947 0.7398151156437808 1.8986117175641994 0.6417115908233332 0.23674859415969635
2024/03/19 15:20:02 - train.py[line:40] - INFO:  Score list: [190109]
2024/03/19 15:20:02 - train.py[line:41] - INFO:  Total score: 190109
2024/03/19 15:20:02 - train.py[line:42] - INFO:  Average score: 190109.0
2024/03/19 15:20:02 - train.py[line:47] - INFO:  After call 13: Best score: 203825.0
2024/03/19 15:20:02 - train.py[line:48] - INFO:  With parameters: [0.8735488764252517, 0.5404272136709655, 0.09342693686051108, 0.9557322578906703, 0.5200338853956361, 0.2629504960207771, 0.3516640242634151, 1.9183874659975586, 1.5141769244367418, 0.9165138391942983, 0.11674343068841089]
2024/03/19 15:20:02 - train.py[line:49] - INFO:  ====================================

2024/03/19 15:20:43 - train.py[line:39] - INFO:  params: 0.9976680986959632 0.13926949783800205 0.015536542289030123 0.945674621241063 0.8398863476622179 0.14062421574708708 0.23649971457262092 1.7023348620921273 1.614932907081986 0.3420186915110321 0.12811096614312092
2024/03/19 15:20:43 - train.py[line:40] - INFO:  Score list: [191998]
2024/03/19 15:20:43 - train.py[line:41] - INFO:  Total score: 191998
2024/03/19 15:20:43 - train.py[line:42] - INFO:  Average score: 191998.0
2024/03/19 15:20:43 - train.py[line:47] - INFO:  After call 14: Best score: 203825.0
2024/03/19 15:20:43 - train.py[line:48] - INFO:  With parameters: [0.8735488764252517, 0.5404272136709655, 0.09342693686051108, 0.9557322578906703, 0.5200338853956361, 0.2629504960207771, 0.3516640242634151, 1.9183874659975586, 1.5141769244367418, 0.9165138391942983, 0.11674343068841089]
2024/03/19 15:20:43 - train.py[line:49] - INFO:  ====================================

2024/03/19 15:21:28 - train.py[line:39] - INFO:  params: 0.807488942585173 0.5983923203570171 0.02553445667697097 0.9755078880745716 0.5377704134970587 0.14669320534437316 0.17760772058350174 0.4749011072918513 1.5241082392138023 0.49453511035936404 0.8174402479595374
2024/03/19 15:21:28 - train.py[line:40] - INFO:  Score list: [191442]
2024/03/19 15:21:28 - train.py[line:41] - INFO:  Total score: 191442
2024/03/19 15:21:28 - train.py[line:42] - INFO:  Average score: 191442.0
2024/03/19 15:21:28 - train.py[line:47] - INFO:  After call 15: Best score: 203825.0
2024/03/19 15:21:28 - train.py[line:48] - INFO:  With parameters: [0.8735488764252517, 0.5404272136709655, 0.09342693686051108, 0.9557322578906703, 0.5200338853956361, 0.2629504960207771, 0.3516640242634151, 1.9183874659975586, 1.5141769244367418, 0.9165138391942983, 0.11674343068841089]
2024/03/19 15:21:28 - train.py[line:49] - INFO:  ====================================

2024/03/19 15:22:08 - train.py[line:39] - INFO:  params: 0.9621815928134997 0.14561420009011153 0.04066521873017937 0.9025288959365626 0.885042873718749 0.24441689073380574 0.9737913627542671 1.8326406050729318 0.00221441867186778 0.9334217868161397 0.13757263460337157
2024/03/19 15:22:08 - train.py[line:40] - INFO:  Score list: [191480]
2024/03/19 15:22:08 - train.py[line:41] - INFO:  Total score: 191480
2024/03/19 15:22:08 - train.py[line:42] - INFO:  Average score: 191480.0
2024/03/19 15:22:09 - train.py[line:47] - INFO:  After call 16: Best score: 203825.0
2024/03/19 15:22:09 - train.py[line:48] - INFO:  With parameters: [0.8735488764252517, 0.5404272136709655, 0.09342693686051108, 0.9557322578906703, 0.5200338853956361, 0.2629504960207771, 0.3516640242634151, 1.9183874659975586, 1.5141769244367418, 0.9165138391942983, 0.11674343068841089]
2024/03/19 15:22:09 - train.py[line:49] - INFO:  ====================================

2024/03/19 15:22:50 - train.py[line:39] - INFO:  params: 0.9421874787293933 0.6763042696054881 0.07546216930750284 0.6119235187933766 0.9225208408950344 0.08027914763281853 0.15989349538312217 1.8427937793766758 1.849103014239555 0.6954264012298053 0.9903879103287142
2024/03/19 15:22:50 - train.py[line:40] - INFO:  Score list: [186813]
2024/03/19 15:22:50 - train.py[line:41] - INFO:  Total score: 186813
2024/03/19 15:22:50 - train.py[line:42] - INFO:  Average score: 186813.0
2024/03/19 15:22:51 - train.py[line:47] - INFO:  After call 17: Best score: 203825.0
2024/03/19 15:22:51 - train.py[line:48] - INFO:  With parameters: [0.8735488764252517, 0.5404272136709655, 0.09342693686051108, 0.9557322578906703, 0.5200338853956361, 0.2629504960207771, 0.3516640242634151, 1.9183874659975586, 1.5141769244367418, 0.9165138391942983, 0.11674343068841089]
2024/03/19 15:22:51 - train.py[line:49] - INFO:  ====================================

2024/03/19 15:23:29 - train.py[line:39] - INFO:  params: 0.9193293484578071 0.33382374249224295 0.23100186544479767 0.9959057627479502 0.2813140402516812 0.1485093567592133 0.35930738444588567 1.5933512347486587 0.034425020841054595 0.7044512768018113 0.16093477100243406
2024/03/19 15:23:29 - train.py[line:40] - INFO:  Score list: [191573]
2024/03/19 15:23:29 - train.py[line:41] - INFO:  Total score: 191573
2024/03/19 15:23:29 - train.py[line:42] - INFO:  Average score: 191573.0
2024/03/19 15:23:29 - train.py[line:47] - INFO:  After call 18: Best score: 203825.0
2024/03/19 15:23:29 - train.py[line:48] - INFO:  With parameters: [0.8735488764252517, 0.5404272136709655, 0.09342693686051108, 0.9557322578906703, 0.5200338853956361, 0.2629504960207771, 0.3516640242634151, 1.9183874659975586, 1.5141769244367418, 0.9165138391942983, 0.11674343068841089]
2024/03/19 15:23:29 - train.py[line:49] - INFO:  ====================================

2024/03/19 15:24:05 - train.py[line:39] - INFO:  params: 0.6770751638467051 0.12692830521927748 0.498716782791615 0.8846950491956215 0.5027768026807664 0.8023039982735595 0.33305673031848576 1.1254175173062013 1.6489600214013416 0.3872948510878115 0.013552030252199424
2024/03/19 15:24:05 - train.py[line:40] - INFO:  Score list: [191707]
2024/03/19 15:24:05 - train.py[line:41] - INFO:  Total score: 191707
2024/03/19 15:24:05 - train.py[line:42] - INFO:  Average score: 191707.0
2024/03/19 15:24:05 - train.py[line:47] - INFO:  After call 19: Best score: 203825.0
2024/03/19 15:24:05 - train.py[line:48] - INFO:  With parameters: [0.8735488764252517, 0.5404272136709655, 0.09342693686051108, 0.9557322578906703, 0.5200338853956361, 0.2629504960207771, 0.3516640242634151, 1.9183874659975586, 1.5141769244367418, 0.9165138391942983, 0.11674343068841089]
2024/03/19 15:24:05 - train.py[line:49] - INFO:  ====================================

2024/03/19 15:24:36 - train.py[line:39] - INFO:  params: 0.9837009567456029 0.6248662183119151 0.6610403199934192 0.8989275968387184 0.41954829297639507 0.11118619902610163 0.5696882267797332 1.7879648213630484 0.14748446022739106 0.009257050120544232 0.10742492773390469
2024/03/19 15:24:36 - train.py[line:40] - INFO:  Score list: [204388]
2024/03/19 15:24:36 - train.py[line:41] - INFO:  Total score: 204388
2024/03/19 15:24:36 - train.py[line:42] - INFO:  Average score: 204388.0
2024/03/19 15:24:37 - train.py[line:47] - INFO:  After call 20: Best score: 204388.0
2024/03/19 15:24:37 - train.py[line:48] - INFO:  With parameters: [0.9837009567456029, 0.6248662183119151, 0.6610403199934192, 0.8989275968387184, 0.41954829297639507, 0.11118619902610163, 0.5696882267797332, 1.7879648213630484, 0.14748446022739106, 0.009257050120544232, 0.10742492773390469]
2024/03/19 15:24:37 - train.py[line:49] - INFO:  ====================================

2024/03/19 15:25:04 - train.py[line:39] - INFO:  params: 0.9480715186658456 0.5493467278815378 0.6091978259040381 0.4894476914646846 0.31350090081055854 0.17885494710567854 0.18491917658549764 1.4435493634544443 0.042546784324560834 0.3667621589864784 0.17009431619304707
2024/03/19 15:25:04 - train.py[line:40] - INFO:  Score list: [190267]
2024/03/19 15:25:04 - train.py[line:41] - INFO:  Total score: 190267
2024/03/19 15:25:04 - train.py[line:42] - INFO:  Average score: 190267.0
2024/03/19 15:25:04 - train.py[line:47] - INFO:  After call 21: Best score: 204388.0
2024/03/19 15:25:04 - train.py[line:48] - INFO:  With parameters: [0.9837009567456029, 0.6248662183119151, 0.6610403199934192, 0.8989275968387184, 0.41954829297639507, 0.11118619902610163, 0.5696882267797332, 1.7879648213630484, 0.14748446022739106, 0.009257050120544232, 0.10742492773390469]
2024/03/19 15:25:04 - train.py[line:49] - INFO:  ====================================

2024/03/19 15:25:32 - train.py[line:39] - INFO:  params: 0.003251603776482482 0.7323771759223997 0.18293261855082113 0.8852238446421767 0.13707306112429 0.07563559615372008 0.13360160793811984 1.735203138969374 1.2192806497532396 0.006828380532317381 0.02822488714570571
2024/03/19 15:25:32 - train.py[line:40] - INFO:  Score list: [203483]
2024/03/19 15:25:32 - train.py[line:41] - INFO:  Total score: 203483
2024/03/19 15:25:32 - train.py[line:42] - INFO:  Average score: 203483.0
2024/03/19 15:25:33 - train.py[line:47] - INFO:  After call 22: Best score: 204388.0
2024/03/19 15:25:33 - train.py[line:48] - INFO:  With parameters: [0.9837009567456029, 0.6248662183119151, 0.6610403199934192, 0.8989275968387184, 0.41954829297639507, 0.11118619902610163, 0.5696882267797332, 1.7879648213630484, 0.14748446022739106, 0.009257050120544232, 0.10742492773390469]
2024/03/19 15:25:33 - train.py[line:49] - INFO:  ====================================

2024/03/19 15:25:59 - train.py[line:39] - INFO:  params: 0.6235788536999971 0.9391368539951338 0.616201675576361 0.9731884932742527 0.09516377410504642 0.0711459052489919 0.07397934242394412 1.7584666397933897 1.0549574194463631 0.06941808971978349 0.1303785178797803
2024/03/19 15:25:59 - train.py[line:40] - INFO:  Score list: [191449]
2024/03/19 15:25:59 - train.py[line:41] - INFO:  Total score: 191449
2024/03/19 15:25:59 - train.py[line:42] - INFO:  Average score: 191449.0
2024/03/19 15:25:59 - train.py[line:47] - INFO:  After call 23: Best score: 204388.0
2024/03/19 15:25:59 - train.py[line:48] - INFO:  With parameters: [0.9837009567456029, 0.6248662183119151, 0.6610403199934192, 0.8989275968387184, 0.41954829297639507, 0.11118619902610163, 0.5696882267797332, 1.7879648213630484, 0.14748446022739106, 0.009257050120544232, 0.10742492773390469]
2024/03/19 15:25:59 - train.py[line:49] - INFO:  ====================================

2024/03/19 15:26:25 - train.py[line:39] - INFO:  params: 0.5738790329762896 0.8297392630003956 0.8520864265004058 0.15071754412156882 0.4588345258762615 0.10232880793155322 0.11712257692306385 1.912737209932138 1.357301544733732 0.14851212209260947 0.11609041820112889
2024/03/19 15:26:25 - train.py[line:40] - INFO:  Score list: [190987]
2024/03/19 15:26:25 - train.py[line:41] - INFO:  Total score: 190987
2024/03/19 15:26:25 - train.py[line:42] - INFO:  Average score: 190987.0
2024/03/19 15:26:25 - train.py[line:47] - INFO:  After call 24: Best score: 204388.0
2024/03/19 15:26:25 - train.py[line:48] - INFO:  With parameters: [0.9837009567456029, 0.6248662183119151, 0.6610403199934192, 0.8989275968387184, 0.41954829297639507, 0.11118619902610163, 0.5696882267797332, 1.7879648213630484, 0.14748446022739106, 0.009257050120544232, 0.10742492773390469]
2024/03/19 15:26:25 - train.py[line:49] - INFO:  ====================================

2024/03/19 15:26:51 - train.py[line:39] - INFO:  params: 0.994309652008851 0.8859436510114141 0.8208791895918064 0.8111273938984691 0.8278206426833624 0.19993743602111053 0.012611951179332895 1.9653740986945638 1.622694697597284 0.0006250619021440641 0.07282139914498244
2024/03/19 15:26:51 - train.py[line:40] - INFO:  Score list: [160445]
2024/03/19 15:26:51 - train.py[line:41] - INFO:  Total score: 160445
2024/03/19 15:26:51 - train.py[line:42] - INFO:  Average score: 160445.0
2024/03/19 15:26:52 - train.py[line:47] - INFO:  After call 25: Best score: 204388.0
2024/03/19 15:26:52 - train.py[line:48] - INFO:  With parameters: [0.9837009567456029, 0.6248662183119151, 0.6610403199934192, 0.8989275968387184, 0.41954829297639507, 0.11118619902610163, 0.5696882267797332, 1.7879648213630484, 0.14748446022739106, 0.009257050120544232, 0.10742492773390469]
2024/03/19 15:26:52 - train.py[line:49] - INFO:  ====================================

2024/03/19 15:27:19 - train.py[line:39] - INFO:  params: 0.4047912883885597 0.5709662173410854 0.07812908981146806 0.9656353866745296 0.175519334533659 0.07688045622884378 0.031147326759197187 0.4879200382372427 1.4322989406060933 0.314977583577947 0.01460586505011319
2024/03/19 15:27:19 - train.py[line:40] - INFO:  Score list: [190006]
2024/03/19 15:27:19 - train.py[line:41] - INFO:  Total score: 190006
2024/03/19 15:27:19 - train.py[line:42] - INFO:  Average score: 190006.0
2024/03/19 15:27:20 - train.py[line:47] - INFO:  After call 26: Best score: 204388.0
2024/03/19 15:27:20 - train.py[line:48] - INFO:  With parameters: [0.9837009567456029, 0.6248662183119151, 0.6610403199934192, 0.8989275968387184, 0.41954829297639507, 0.11118619902610163, 0.5696882267797332, 1.7879648213630484, 0.14748446022739106, 0.009257050120544232, 0.10742492773390469]
2024/03/19 15:27:20 - train.py[line:49] - INFO:  ====================================

2024/03/19 15:27:46 - train.py[line:39] - INFO:  params: 0.7915280049350768 0.8977870072453227 0.24487300558076047 0.9161349940779927 0.2250884212187469 0.21440336631857576 0.06120175841610133 1.8037415162480117 1.659674542208792 0.15552872414742727 0.39572284284914894
2024/03/19 15:27:46 - train.py[line:40] - INFO:  Score list: [190895]
2024/03/19 15:27:46 - train.py[line:41] - INFO:  Total score: 190895
2024/03/19 15:27:46 - train.py[line:42] - INFO:  Average score: 190895.0
2024/03/19 15:27:46 - train.py[line:47] - INFO:  After call 27: Best score: 204388.0
2024/03/19 15:27:46 - train.py[line:48] - INFO:  With parameters: [0.9837009567456029, 0.6248662183119151, 0.6610403199934192, 0.8989275968387184, 0.41954829297639507, 0.11118619902610163, 0.5696882267797332, 1.7879648213630484, 0.14748446022739106, 0.009257050120544232, 0.10742492773390469]
2024/03/19 15:27:46 - train.py[line:49] - INFO:  ====================================

2024/03/19 15:28:13 - train.py[line:39] - INFO:  params: 0.15224136573465355 0.030923354241114816 0.16673506766641547 0.7666777385161068 0.4552877608148931 0.16520686701734646 0.0311365435348604 1.690666613774977 1.1591305812395887 0.7384728931551479 0.00558169693220767
2024/03/19 15:28:13 - train.py[line:40] - INFO:  Score list: [192012]
2024/03/19 15:28:13 - train.py[line:41] - INFO:  Total score: 192012
2024/03/19 15:28:13 - train.py[line:42] - INFO:  Average score: 192012.0
2024/03/19 15:28:13 - train.py[line:47] - INFO:  After call 28: Best score: 204388.0
2024/03/19 15:28:13 - train.py[line:48] - INFO:  With parameters: [0.9837009567456029, 0.6248662183119151, 0.6610403199934192, 0.8989275968387184, 0.41954829297639507, 0.11118619902610163, 0.5696882267797332, 1.7879648213630484, 0.14748446022739106, 0.009257050120544232, 0.10742492773390469]
2024/03/19 15:28:13 - train.py[line:49] - INFO:  ====================================

2024/03/19 15:28:44 - train.py[line:39] - INFO:  params: 0.821884398873185 0.7227832200921998 0.741271234727101 0.9992122870888024 0.6827466861969226 0.8219161253390559 0.3683990909588177 1.3758216768493705 0.3399322902375928 0.1948945778326126 0.07100492249261471
2024/03/19 15:28:44 - train.py[line:40] - INFO:  Score list: [191090]
2024/03/19 15:28:44 - train.py[line:41] - INFO:  Total score: 191090
2024/03/19 15:28:44 - train.py[line:42] - INFO:  Average score: 191090.0
2024/03/19 15:28:45 - train.py[line:47] - INFO:  After call 29: Best score: 204388.0
2024/03/19 15:28:45 - train.py[line:48] - INFO:  With parameters: [0.9837009567456029, 0.6248662183119151, 0.6610403199934192, 0.8989275968387184, 0.41954829297639507, 0.11118619902610163, 0.5696882267797332, 1.7879648213630484, 0.14748446022739106, 0.009257050120544232, 0.10742492773390469]
2024/03/19 15:28:45 - train.py[line:49] - INFO:  ====================================

2024/03/19 15:29:18 - train.py[line:39] - INFO:  params: 0.11580304260519861 0.42984998385110174 0.1847204146013969 0.9179134052834585 0.600968030816328 0.03131748753532627 0.09627085787265147 1.9335301436288754 0.9865901031195363 0.8715027336706992 0.9486815892055764
2024/03/19 15:29:18 - train.py[line:40] - INFO:  Score list: [173347]
2024/03/19 15:29:18 - train.py[line:41] - INFO:  Total score: 173347
2024/03/19 15:29:18 - train.py[line:42] - INFO:  Average score: 173347.0
2024/03/19 15:29:18 - train.py[line:47] - INFO:  After call 30: Best score: 204388.0
2024/03/19 15:29:18 - train.py[line:48] - INFO:  With parameters: [0.9837009567456029, 0.6248662183119151, 0.6610403199934192, 0.8989275968387184, 0.41954829297639507, 0.11118619902610163, 0.5696882267797332, 1.7879648213630484, 0.14748446022739106, 0.009257050120544232, 0.10742492773390469]
2024/03/19 15:29:18 - train.py[line:49] - INFO:  ====================================

2024/03/19 15:29:45 - train.py[line:39] - INFO:  params: 0.12379862217865092 0.8866976829868356 0.23348686906759825 0.6729069314929105 0.44851293915615154 0.37609476770598704 0.07854381599899164 1.6200777275200362 1.976693492180749 0.10233117721295484 0.02554938116417072
2024/03/19 15:29:45 - train.py[line:40] - INFO:  Score list: [189617]
2024/03/19 15:29:45 - train.py[line:41] - INFO:  Total score: 189617
2024/03/19 15:29:46 - train.py[line:42] - INFO:  Average score: 189617.0
2024/03/19 15:29:46 - train.py[line:47] - INFO:  After call 31: Best score: 204388.0
2024/03/19 15:29:46 - train.py[line:48] - INFO:  With parameters: [0.9837009567456029, 0.6248662183119151, 0.6610403199934192, 0.8989275968387184, 0.41954829297639507, 0.11118619902610163, 0.5696882267797332, 1.7879648213630484, 0.14748446022739106, 0.009257050120544232, 0.10742492773390469]
2024/03/19 15:29:46 - train.py[line:49] - INFO:  ====================================

2024/03/19 15:30:12 - train.py[line:39] - INFO:  params: 0.572763954010716 0.3163621835482909 0.413531418958924 0.9373903197571269 0.0664779746143246 0.0047735416791122596 0.05691052895115335 0.0433148308892053 1.493685244488606 0.3605010449832157 0.8028163338446469
2024/03/19 15:30:12 - train.py[line:40] - INFO:  Score list: [166927]
2024/03/19 15:30:12 - train.py[line:41] - INFO:  Total score: 166927
2024/03/19 15:30:12 - train.py[line:42] - INFO:  Average score: 166927.0
2024/03/19 15:30:13 - train.py[line:47] - INFO:  After call 32: Best score: 204388.0
2024/03/19 15:30:13 - train.py[line:48] - INFO:  With parameters: [0.9837009567456029, 0.6248662183119151, 0.6610403199934192, 0.8989275968387184, 0.41954829297639507, 0.11118619902610163, 0.5696882267797332, 1.7879648213630484, 0.14748446022739106, 0.009257050120544232, 0.10742492773390469]
2024/03/19 15:30:13 - train.py[line:49] - INFO:  ====================================

2024/03/19 15:30:39 - train.py[line:39] - INFO:  params: 0.074246894138583 0.20277349652476234 0.1537490176791462 0.7943559383929757 0.48241682945741404 0.9608711834300149 0.048850561487136526 1.2299161872097297 0.9467869572389895 0.46106493092418155 0.05012618313448071
2024/03/19 15:30:39 - train.py[line:40] - INFO:  Score list: [179473]
2024/03/19 15:30:39 - train.py[line:41] - INFO:  Total score: 179473
2024/03/19 15:30:39 - train.py[line:42] - INFO:  Average score: 179473.0
2024/03/19 15:30:40 - train.py[line:47] - INFO:  After call 33: Best score: 204388.0
2024/03/19 15:30:40 - train.py[line:48] - INFO:  With parameters: [0.9837009567456029, 0.6248662183119151, 0.6610403199934192, 0.8989275968387184, 0.41954829297639507, 0.11118619902610163, 0.5696882267797332, 1.7879648213630484, 0.14748446022739106, 0.009257050120544232, 0.10742492773390469]
2024/03/19 15:30:40 - train.py[line:49] - INFO:  ====================================

2024/03/19 15:31:07 - train.py[line:39] - INFO:  params: 0.4365013577867145 0.791497639862281 0.7099911866649086 0.5005764230592501 0.8556588695644365 0.265458835907561 0.4414608113920472 1.2505144674609954 0.1415763758030131 0.05654148435810759 0.6389825819466414
2024/03/19 15:31:07 - train.py[line:40] - INFO:  Score list: [189891]
2024/03/19 15:31:07 - train.py[line:41] - INFO:  Total score: 189891
2024/03/19 15:31:07 - train.py[line:42] - INFO:  Average score: 189891.0
2024/03/19 15:31:07 - train.py[line:47] - INFO:  After call 34: Best score: 204388.0
2024/03/19 15:31:07 - train.py[line:48] - INFO:  With parameters: [0.9837009567456029, 0.6248662183119151, 0.6610403199934192, 0.8989275968387184, 0.41954829297639507, 0.11118619902610163, 0.5696882267797332, 1.7879648213630484, 0.14748446022739106, 0.009257050120544232, 0.10742492773390469]
2024/03/19 15:31:07 - train.py[line:49] - INFO:  ====================================

2024/03/19 15:31:34 - train.py[line:39] - INFO:  params: 0.24305427879378 0.6296198586982423 0.9061244908252444 0.9873954960365517 0.6208646881314376 0.3878669492329354 0.16324293882227817 1.0025273414763332 1.1824177284580566 0.38180628084394985 0.035853674728818404
2024/03/19 15:31:34 - train.py[line:40] - INFO:  Score list: [190678]
2024/03/19 15:31:34 - train.py[line:41] - INFO:  Total score: 190678
2024/03/19 15:31:34 - train.py[line:42] - INFO:  Average score: 190678.0
2024/03/19 15:31:34 - train.py[line:47] - INFO:  After call 35: Best score: 204388.0
2024/03/19 15:31:34 - train.py[line:48] - INFO:  With parameters: [0.9837009567456029, 0.6248662183119151, 0.6610403199934192, 0.8989275968387184, 0.41954829297639507, 0.11118619902610163, 0.5696882267797332, 1.7879648213630484, 0.14748446022739106, 0.009257050120544232, 0.10742492773390469]
2024/03/19 15:31:34 - train.py[line:49] - INFO:  ====================================

2024/03/19 15:32:01 - train.py[line:39] - INFO:  params: 0.4667590019772597 0.6191195187542258 0.3074989690896088 0.952547420722 0.047095978045255796 0.5506128804396717 0.13495413182318564 1.905666217134499 1.9567986181631394 0.6897701313028178 0.08833795145311187
2024/03/19 15:32:01 - train.py[line:40] - INFO:  Score list: [190492]
2024/03/19 15:32:01 - train.py[line:41] - INFO:  Total score: 190492
2024/03/19 15:32:01 - train.py[line:42] - INFO:  Average score: 190492.0
2024/03/19 15:32:02 - train.py[line:47] - INFO:  After call 36: Best score: 204388.0
2024/03/19 15:32:02 - train.py[line:48] - INFO:  With parameters: [0.9837009567456029, 0.6248662183119151, 0.6610403199934192, 0.8989275968387184, 0.41954829297639507, 0.11118619902610163, 0.5696882267797332, 1.7879648213630484, 0.14748446022739106, 0.009257050120544232, 0.10742492773390469]
2024/03/19 15:32:02 - train.py[line:49] - INFO:  ====================================

2024/03/19 15:32:27 - train.py[line:39] - INFO:  params: 0.9262572362808345 0.3603855396102044 0.8976308121361624 0.9803518947929775 0.5997070952044351 0.2977228584843417 0.16294357591569134 0.8405499471877802 0.5245066478786798 0.028390648483598853 0.8882583137661598
2024/03/19 15:32:27 - train.py[line:40] - INFO:  Score list: [191488]
2024/03/19 15:32:27 - train.py[line:41] - INFO:  Total score: 191488
2024/03/19 15:32:27 - train.py[line:42] - INFO:  Average score: 191488.0
2024/03/19 15:32:28 - train.py[line:47] - INFO:  After call 37: Best score: 204388.0
2024/03/19 15:32:28 - train.py[line:48] - INFO:  With parameters: [0.9837009567456029, 0.6248662183119151, 0.6610403199934192, 0.8989275968387184, 0.41954829297639507, 0.11118619902610163, 0.5696882267797332, 1.7879648213630484, 0.14748446022739106, 0.009257050120544232, 0.10742492773390469]
2024/03/19 15:32:28 - train.py[line:49] - INFO:  ====================================

2024/03/19 15:32:53 - train.py[line:39] - INFO:  params: 0.8564715885191084 0.922044951396959 0.4014531692996983 0.838191298543503 0.6234189681817879 0.43977557663896294 0.14732926051313036 1.1766597008460704 0.04354170123185198 0.0056018582719366 0.9649217657461829
2024/03/19 15:32:53 - train.py[line:40] - INFO:  Score list: [191036]
2024/03/19 15:32:53 - train.py[line:41] - INFO:  Total score: 191036
2024/03/19 15:32:53 - train.py[line:42] - INFO:  Average score: 191036.0
2024/03/19 15:32:54 - train.py[line:47] - INFO:  After call 38: Best score: 204388.0
2024/03/19 15:32:54 - train.py[line:48] - INFO:  With parameters: [0.9837009567456029, 0.6248662183119151, 0.6610403199934192, 0.8989275968387184, 0.41954829297639507, 0.11118619902610163, 0.5696882267797332, 1.7879648213630484, 0.14748446022739106, 0.009257050120544232, 0.10742492773390469]
2024/03/19 15:32:54 - train.py[line:49] - INFO:  ====================================

2024/03/19 15:33:22 - train.py[line:39] - INFO:  params: 0.41203327694651115 0.927317332227558 0.613542909906737 0.9789450785166769 0.11668309945627767 0.011967368058770859 0.012981852244939866 1.7421799456681322 0.8733282311884847 0.13566522798074623 0.8382597078131175
2024/03/19 15:33:22 - train.py[line:40] - INFO:  Score list: [190217]
2024/03/19 15:33:22 - train.py[line:41] - INFO:  Total score: 190217
2024/03/19 15:33:22 - train.py[line:42] - INFO:  Average score: 190217.0
2024/03/19 15:33:22 - train.py[line:47] - INFO:  After call 39: Best score: 204388.0
2024/03/19 15:33:22 - train.py[line:48] - INFO:  With parameters: [0.9837009567456029, 0.6248662183119151, 0.6610403199934192, 0.8989275968387184, 0.41954829297639507, 0.11118619902610163, 0.5696882267797332, 1.7879648213630484, 0.14748446022739106, 0.009257050120544232, 0.10742492773390469]
2024/03/19 15:33:22 - train.py[line:49] - INFO:  ====================================

2024/03/19 15:33:50 - train.py[line:39] - INFO:  params: 0.15252819022037015 0.353945167058412 0.9933004660374259 0.7046042489021567 0.7567783636458174 0.7205407028963046 0.13542933679228844 0.9090321852659009 1.6109387504294164 0.033820112625224226 0.9520581198540107
2024/03/19 15:33:50 - train.py[line:40] - INFO:  Score list: [190133]
2024/03/19 15:33:50 - train.py[line:41] - INFO:  Total score: 190133
2024/03/19 15:33:50 - train.py[line:42] - INFO:  Average score: 190133.0
2024/03/19 15:33:50 - train.py[line:47] - INFO:  After call 40: Best score: 204388.0
2024/03/19 15:33:50 - train.py[line:48] - INFO:  With parameters: [0.9837009567456029, 0.6248662183119151, 0.6610403199934192, 0.8989275968387184, 0.41954829297639507, 0.11118619902610163, 0.5696882267797332, 1.7879648213630484, 0.14748446022739106, 0.009257050120544232, 0.10742492773390469]
2024/03/19 15:33:50 - train.py[line:49] - INFO:  ====================================

2024/03/19 15:34:16 - train.py[line:39] - INFO:  params: 0.2376603563194996 0.9265162497179867 0.0969620254550915 0.8010790744758952 0.9140507460234178 0.10680829416899143 0.05716743607863052 1.2164136538963906 0.010026003279330455 0.041312532461572966 0.02849555321143927
2024/03/19 15:34:16 - train.py[line:40] - INFO:  Score list: [188663]
2024/03/19 15:34:16 - train.py[line:41] - INFO:  Total score: 188663
2024/03/19 15:34:16 - train.py[line:42] - INFO:  Average score: 188663.0
2024/03/19 15:34:16 - train.py[line:47] - INFO:  After call 41: Best score: 204388.0
2024/03/19 15:34:16 - train.py[line:48] - INFO:  With parameters: [0.9837009567456029, 0.6248662183119151, 0.6610403199934192, 0.8989275968387184, 0.41954829297639507, 0.11118619902610163, 0.5696882267797332, 1.7879648213630484, 0.14748446022739106, 0.009257050120544232, 0.10742492773390469]
2024/03/19 15:34:16 - train.py[line:49] - INFO:  ====================================

2024/03/19 15:34:43 - train.py[line:39] - INFO:  params: 0.48842128877621893 0.5311021551669354 0.527316585845721 0.8778684676493694 0.2725360047493321 1.436378455754728e-05 0.030401123944262094 1.7153474385837373 0.0853300332942122 0.04067826570958378 0.5325427629514049
2024/03/19 15:34:43 - train.py[line:40] - INFO:  Score list: [207786]
2024/03/19 15:34:43 - train.py[line:41] - INFO:  Total score: 207786
2024/03/19 15:34:43 - train.py[line:42] - INFO:  Average score: 207786.0
2024/03/19 15:34:44 - train.py[line:47] - INFO:  After call 42: Best score: 207786.0
2024/03/19 15:34:44 - train.py[line:48] - INFO:  With parameters: [0.48842128877621893, 0.5311021551669354, 0.527316585845721, 0.8778684676493694, 0.2725360047493321, 1.436378455754728e-05, 0.030401123944262094, 1.7153474385837373, 0.0853300332942122, 0.04067826570958378, 0.5325427629514049]
2024/03/19 15:34:44 - train.py[line:49] - INFO:  ====================================

2024/03/19 15:35:09 - train.py[line:39] - INFO:  params: 0.45539652668122 0.53391853038852 0.8615920150176077 0.3053986335926639 0.36421818078534013 0.43557753791233844 0.01347821036646735 0.8614322283703273 0.3098911597746466 0.0649948451920467 0.9790187023622227
2024/03/19 15:35:09 - train.py[line:40] - INFO:  Score list: [128765]
2024/03/19 15:35:09 - train.py[line:41] - INFO:  Total score: 128765
2024/03/19 15:35:09 - train.py[line:42] - INFO:  Average score: 128765.0
2024/03/19 15:35:09 - train.py[line:47] - INFO:  After call 43: Best score: 207786.0
2024/03/19 15:35:09 - train.py[line:48] - INFO:  With parameters: [0.48842128877621893, 0.5311021551669354, 0.527316585845721, 0.8778684676493694, 0.2725360047493321, 1.436378455754728e-05, 0.030401123944262094, 1.7153474385837373, 0.0853300332942122, 0.04067826570958378, 0.5325427629514049]
2024/03/19 15:35:09 - train.py[line:49] - INFO:  ====================================

2024/03/19 15:35:37 - train.py[line:39] - INFO:  params: 0.6558971620954916 0.13539118630795713 0.6962576860422167 0.8987859964012712 0.49421354071265056 0.2747914351440072 0.013458774206290828 1.6703015851840728 0.43752502689404194 0.013473647880829945 0.5053573416489848
2024/03/19 15:35:37 - train.py[line:40] - INFO:  Score list: [178653]
2024/03/19 15:35:37 - train.py[line:41] - INFO:  Total score: 178653
2024/03/19 15:35:37 - train.py[line:42] - INFO:  Average score: 178653.0
2024/03/19 15:35:37 - train.py[line:47] - INFO:  After call 44: Best score: 207786.0
2024/03/19 15:35:37 - train.py[line:48] - INFO:  With parameters: [0.48842128877621893, 0.5311021551669354, 0.527316585845721, 0.8778684676493694, 0.2725360047493321, 1.436378455754728e-05, 0.030401123944262094, 1.7153474385837373, 0.0853300332942122, 0.04067826570958378, 0.5325427629514049]
2024/03/19 15:35:37 - train.py[line:49] - INFO:  ====================================

2024/03/19 15:36:05 - train.py[line:39] - INFO:  params: 0.7700672470205414 0.7185475993626267 0.8885394646050406 0.98046558571985 0.493577354613393 0.2900534923920319 0.359250327060936 0.2915419331066192 0.2064111755133174 0.2731414568084564 0.9782590228301242
2024/03/19 15:36:05 - train.py[line:40] - INFO:  Score list: [191530]
2024/03/19 15:36:05 - train.py[line:41] - INFO:  Total score: 191530
2024/03/19 15:36:05 - train.py[line:42] - INFO:  Average score: 191530.0
2024/03/19 15:36:05 - train.py[line:47] - INFO:  After call 45: Best score: 207786.0
2024/03/19 15:36:05 - train.py[line:48] - INFO:  With parameters: [0.48842128877621893, 0.5311021551669354, 0.527316585845721, 0.8778684676493694, 0.2725360047493321, 1.436378455754728e-05, 0.030401123944262094, 1.7153474385837373, 0.0853300332942122, 0.04067826570958378, 0.5325427629514049]
2024/03/19 15:36:05 - train.py[line:49] - INFO:  ====================================

2024/03/19 15:36:33 - train.py[line:39] - INFO:  params: 0.4473445498641999 0.5714391185945975 0.418236304229057 0.7711137839804932 0.1422265538672927 0.06735428638043552 0.09594216989212626 1.2833449777989916 0.07668036742281915 0.03414165564429406 0.8154424982701346
2024/03/19 15:36:33 - train.py[line:40] - INFO:  Score list: [199761]
2024/03/19 15:36:33 - train.py[line:41] - INFO:  Total score: 199761
2024/03/19 15:36:33 - train.py[line:42] - INFO:  Average score: 199761.0
2024/03/19 15:36:33 - train.py[line:47] - INFO:  After call 46: Best score: 207786.0
2024/03/19 15:36:33 - train.py[line:48] - INFO:  With parameters: [0.48842128877621893, 0.5311021551669354, 0.527316585845721, 0.8778684676493694, 0.2725360047493321, 1.436378455754728e-05, 0.030401123944262094, 1.7153474385837373, 0.0853300332942122, 0.04067826570958378, 0.5325427629514049]
2024/03/19 15:36:33 - train.py[line:49] - INFO:  ====================================

2024/03/19 15:37:02 - train.py[line:39] - INFO:  params: 0.04244496071046567 0.5498810002504502 0.5176433242041208 0.78027026429056 0.1283800436778181 0.03819010500923859 0.007265315543726782 1.3308786100960672 0.788468999135642 0.115510168335386 0.580569916652396
2024/03/19 15:37:02 - train.py[line:40] - INFO:  Score list: [182361]
2024/03/19 15:37:02 - train.py[line:41] - INFO:  Total score: 182361
2024/03/19 15:37:02 - train.py[line:42] - INFO:  Average score: 182361.0
2024/03/19 15:37:02 - train.py[line:47] - INFO:  After call 47: Best score: 207786.0
2024/03/19 15:37:02 - train.py[line:48] - INFO:  With parameters: [0.48842128877621893, 0.5311021551669354, 0.527316585845721, 0.8778684676493694, 0.2725360047493321, 1.436378455754728e-05, 0.030401123944262094, 1.7153474385837373, 0.0853300332942122, 0.04067826570958378, 0.5325427629514049]
2024/03/19 15:37:02 - train.py[line:49] - INFO:  ====================================

2024/03/19 15:37:31 - train.py[line:39] - INFO:  params: 0.0737910311539577 0.36785963513174363 0.2847286242298424 0.0818010506926994 0.9505821257065697 0.08766184963944991 0.04005328153575694 1.7434457678629234 0.1168516058906546 0.043887561911290514 0.9564142241499317
2024/03/19 15:37:31 - train.py[line:40] - INFO:  Score list: [189732]
2024/03/19 15:37:31 - train.py[line:41] - INFO:  Total score: 189732
2024/03/19 15:37:31 - train.py[line:42] - INFO:  Average score: 189732.0
2024/03/19 15:37:31 - train.py[line:47] - INFO:  After call 48: Best score: 207786.0
2024/03/19 15:37:31 - train.py[line:48] - INFO:  With parameters: [0.48842128877621893, 0.5311021551669354, 0.527316585845721, 0.8778684676493694, 0.2725360047493321, 1.436378455754728e-05, 0.030401123944262094, 1.7153474385837373, 0.0853300332942122, 0.04067826570958378, 0.5325427629514049]
2024/03/19 15:37:31 - train.py[line:49] - INFO:  ====================================

2024/03/19 15:38:01 - train.py[line:39] - INFO:  params: 0.2681985832991958 0.7737590247772201 0.9285734892649788 0.47644372424226045 0.4625292924268877 0.053257558703363364 0.06646992205154335 1.2287374348745492 0.032709097226374835 0.4593812252012649 0.96283236593758
2024/03/19 15:38:01 - train.py[line:40] - INFO:  Score list: [140534]
2024/03/19 15:38:01 - train.py[line:41] - INFO:  Total score: 140534
2024/03/19 15:38:01 - train.py[line:42] - INFO:  Average score: 140534.0
2024/03/19 15:38:01 - train.py[line:47] - INFO:  After call 49: Best score: 207786.0
2024/03/19 15:38:01 - train.py[line:48] - INFO:  With parameters: [0.48842128877621893, 0.5311021551669354, 0.527316585845721, 0.8778684676493694, 0.2725360047493321, 1.436378455754728e-05, 0.030401123944262094, 1.7153474385837373, 0.0853300332942122, 0.04067826570958378, 0.5325427629514049]
2024/03/19 15:38:01 - train.py[line:49] - INFO:  ====================================

2024/03/19 15:38:31 - train.py[line:39] - INFO:  params: 0.10981425453326124 0.8602358495975579 0.6686477764530713 0.9819035586170929 0.08939784130803509 0.15940103429204225 0.049405948450589335 1.3528841537071514 0.11093502044685669 0.07105585055611997 0.3298026274056894
2024/03/19 15:38:31 - train.py[line:40] - INFO:  Score list: [189631]
2024/03/19 15:38:31 - train.py[line:41] - INFO:  Total score: 189631
2024/03/19 15:38:31 - train.py[line:42] - INFO:  Average score: 189631.0
2024/03/19 15:38:31 - train.py[line:47] - INFO:  After call 50: Best score: 207786.0
2024/03/19 15:38:31 - train.py[line:48] - INFO:  With parameters: [0.48842128877621893, 0.5311021551669354, 0.527316585845721, 0.8778684676493694, 0.2725360047493321, 1.436378455754728e-05, 0.030401123944262094, 1.7153474385837373, 0.0853300332942122, 0.04067826570958378, 0.5325427629514049]
2024/03/19 15:38:31 - train.py[line:49] - INFO:  ====================================

2024/03/19 15:39:01 - train.py[line:39] - INFO:  params: 0.8749835530348385 0.523192652747444 0.5906076351362679 0.8599635849070612 0.3824599352401362 0.18687780964161207 0.06913334499740899 1.488146631521132 0.029352439295355033 0.015038925424573416 0.9412582610313424
2024/03/19 15:39:01 - train.py[line:40] - INFO:  Score list: [191296]
2024/03/19 15:39:01 - train.py[line:41] - INFO:  Total score: 191296
2024/03/19 15:39:01 - train.py[line:42] - INFO:  Average score: 191296.0
2024/03/19 15:39:01 - train.py[line:47] - INFO:  After call 51: Best score: 207786.0
2024/03/19 15:39:01 - train.py[line:48] - INFO:  With parameters: [0.48842128877621893, 0.5311021551669354, 0.527316585845721, 0.8778684676493694, 0.2725360047493321, 1.436378455754728e-05, 0.030401123944262094, 1.7153474385837373, 0.0853300332942122, 0.04067826570958378, 0.5325427629514049]
2024/03/19 15:39:01 - train.py[line:49] - INFO:  ====================================

