2024/03/19 13:23:02 - log_util.py[line:41] - INFO:  Log file path: /mnt/c/Users/consonnm/Desktop/CodeCraft/log/train_2024-03-19_13-23-02.log
2024/03/19 13:23:41 - train.py[line:39] - INFO:  params: 0.5928446182250184 0.8442657485810175 0.857945617622757 0.8472517387841256 0.6235636967859725 0.38438170729269994 0.29753460654447234 0.11342595463488639 0.5453125891602265 0.47766511732135 0.8121687287754934
2024/03/19 13:23:41 - train.py[line:40] - INFO:  Score list: [24994]
2024/03/19 13:23:41 - train.py[line:41] - INFO:  Total score: 24994
2024/03/19 13:23:41 - train.py[line:42] - INFO:  Average score: 24994.0
2024/03/19 13:23:41 - train.py[line:47] - INFO:  After call 1: Best score: 24994.0
2024/03/19 13:23:41 - train.py[line:48] - INFO:  With parameters: [0.5928446182250184, 0.8442657485810175, 0.857945617622757, 0.8472517387841256, 0.6235636967859725, 0.38438170729269994, 0.29753460654447234, 0.11342595463488639, 0.5453125891602265, 0.47766511732135, 0.8121687287754934]
2024/03/19 13:23:41 - train.py[line:49] - INFO:  ====================================

2024/03/19 13:24:25 - train.py[line:39] - INFO:  params: 0.47997717237505744 0.39278479610082984 0.8360787635373778 0.33739616041726844 0.6481718720511973 0.368241539840548 0.9571551589530466 0.28070156082529035 1.7401745167168732 0.4736080452737106 0.8009107519796445
2024/03/19 13:24:25 - train.py[line:40] - INFO:  Score list: [0]
2024/03/19 13:24:25 - train.py[line:41] - INFO:  Total score: 0
2024/03/19 13:24:25 - train.py[line:42] - INFO:  Average score: 0.0
2024/03/19 13:24:25 - train.py[line:47] - INFO:  After call 2: Best score: 24994.0
2024/03/19 13:24:25 - train.py[line:48] - INFO:  With parameters: [0.5928446182250184, 0.8442657485810175, 0.857945617622757, 0.8472517387841256, 0.6235636967859725, 0.38438170729269994, 0.29753460654447234, 0.11342595463488639, 0.5453125891602265, 0.47766511732135, 0.8121687287754934]
2024/03/19 13:24:25 - train.py[line:49] - INFO:  ====================================

2024/03/19 13:25:10 - train.py[line:39] - INFO:  params: 0.5204774795512049 0.6788795301189604 0.7206326547259169 0.5820197920751072 0.5373732294490108 0.7586156243223574 0.10590760718779216 0.9472008386933151 0.37266468665352 0.7369181771289582 0.21655035442437193
2024/03/19 13:25:10 - train.py[line:40] - INFO:  Score list: [24041]
2024/03/19 13:25:10 - train.py[line:41] - INFO:  Total score: 24041
2024/03/19 13:25:10 - train.py[line:42] - INFO:  Average score: 24041.0
2024/03/19 13:25:10 - train.py[line:47] - INFO:  After call 3: Best score: 24994.0
2024/03/19 13:25:10 - train.py[line:48] - INFO:  With parameters: [0.5928446182250184, 0.8442657485810175, 0.857945617622757, 0.8472517387841256, 0.6235636967859725, 0.38438170729269994, 0.29753460654447234, 0.11342595463488639, 0.5453125891602265, 0.47766511732135, 0.8121687287754934]
2024/03/19 13:25:10 - train.py[line:49] - INFO:  ====================================

2024/03/19 13:25:50 - train.py[line:39] - INFO:  params: 0.13521817340545209 0.32414100779321414 0.1496748671836832 0.2223213882515877 0.38648898112586205 0.9025984755294049 0.4499499899112277 1.226126915768265 1.804697166347969 0.0992803503589739 0.969809067746749
2024/03/19 13:25:50 - train.py[line:40] - INFO:  Score list: [0]
2024/03/19 13:25:50 - train.py[line:41] - INFO:  Total score: 0
2024/03/19 13:25:50 - train.py[line:42] - INFO:  Average score: 0.0
2024/03/19 13:25:50 - train.py[line:47] - INFO:  After call 4: Best score: 24994.0
2024/03/19 13:25:50 - train.py[line:48] - INFO:  With parameters: [0.5928446182250184, 0.8442657485810175, 0.857945617622757, 0.8472517387841256, 0.6235636967859725, 0.38438170729269994, 0.29753460654447234, 0.11342595463488639, 0.5453125891602265, 0.47766511732135, 0.8121687287754934]
2024/03/19 13:25:50 - train.py[line:49] - INFO:  ====================================

2024/03/19 13:26:27 - train.py[line:39] - INFO:  params: 0.6531400357979378 0.17090958513604518 0.35815216696952507 0.7506861412184564 0.6078306687154679 0.32504722900835253 0.03842542647273473 1.2685481159146703 1.9178985372490411 0.652790317005491 0.635058873603564
2024/03/19 13:26:27 - train.py[line:40] - INFO:  Score list: [24833]
2024/03/19 13:26:27 - train.py[line:41] - INFO:  Total score: 24833
2024/03/19 13:26:27 - train.py[line:42] - INFO:  Average score: 24833.0
2024/03/19 13:26:27 - train.py[line:47] - INFO:  After call 5: Best score: 24994.0
2024/03/19 13:26:27 - train.py[line:48] - INFO:  With parameters: [0.5928446182250184, 0.8442657485810175, 0.857945617622757, 0.8472517387841256, 0.6235636967859725, 0.38438170729269994, 0.29753460654447234, 0.11342595463488639, 0.5453125891602265, 0.47766511732135, 0.8121687287754934]
2024/03/19 13:26:27 - train.py[line:49] - INFO:  ====================================

2024/03/19 13:27:03 - train.py[line:39] - INFO:  params: 0.9952995676778879 0.5818503294385344 0.4143685882263689 0.474697502288413 0.6235101011318683 0.3380076148388918 0.6747523222590208 0.6344034841385923 1.5566909640518185 0.9495710534507423 0.6625268669500444
2024/03/19 13:27:03 - train.py[line:40] - INFO:  Score list: [25257]
2024/03/19 13:27:03 - train.py[line:41] - INFO:  Total score: 25257
2024/03/19 13:27:03 - train.py[line:42] - INFO:  Average score: 25257.0
2024/03/19 13:27:03 - train.py[line:47] - INFO:  After call 6: Best score: 25257.0
2024/03/19 13:27:03 - train.py[line:48] - INFO:  With parameters: [0.9952995676778879, 0.5818503294385344, 0.4143685882263689, 0.474697502288413, 0.6235101011318683, 0.3380076148388918, 0.6747523222590208, 0.6344034841385923, 1.5566909640518185, 0.9495710534507423, 0.6625268669500444]
2024/03/19 13:27:03 - train.py[line:49] - INFO:  ====================================

2024/03/19 13:27:39 - train.py[line:39] - INFO:  params: 0.013571635612109837 0.6228460955466696 0.6736596308357895 0.971945002499666 0.8781934713471772 0.5096243767199002 0.055714693701606324 0.9023184290418564 0.03997533081751748 0.4417109212488455 0.9795867288127287
2024/03/19 13:27:39 - train.py[line:40] - INFO:  Score list: [24877]
2024/03/19 13:27:39 - train.py[line:41] - INFO:  Total score: 24877
2024/03/19 13:27:39 - train.py[line:42] - INFO:  Average score: 24877.0
2024/03/19 13:27:39 - train.py[line:47] - INFO:  After call 7: Best score: 25257.0
2024/03/19 13:27:39 - train.py[line:48] - INFO:  With parameters: [0.9952995676778879, 0.5818503294385344, 0.4143685882263689, 0.474697502288413, 0.6235101011318683, 0.3380076148388918, 0.6747523222590208, 0.6344034841385923, 1.5566909640518185, 0.9495710534507423, 0.6625268669500444]
2024/03/19 13:27:39 - train.py[line:49] - INFO:  ====================================

2024/03/19 13:28:18 - train.py[line:39] - INFO:  params: 0.35944446396932156 0.48089353083616293 0.6886611828057705 0.8804758892525957 0.9182354663621449 0.21682213762754293 0.5651888666048754 1.7302051226107704 1.0179379213340292 0.916722954019461 0.9211576102372
2024/03/19 13:28:18 - train.py[line:40] - INFO:  Score list: [0]
2024/03/19 13:28:18 - train.py[line:41] - INFO:  Total score: 0
2024/03/19 13:28:18 - train.py[line:42] - INFO:  Average score: 0.0
2024/03/19 13:28:18 - train.py[line:47] - INFO:  After call 8: Best score: 25257.0
2024/03/19 13:28:18 - train.py[line:48] - INFO:  With parameters: [0.9952995676778879, 0.5818503294385344, 0.4143685882263689, 0.474697502288413, 0.6235101011318683, 0.3380076148388918, 0.6747523222590208, 0.6344034841385923, 1.5566909640518185, 0.9495710534507423, 0.6625268669500444]
2024/03/19 13:28:18 - train.py[line:49] - INFO:  ====================================

