2024/03/18 22:03:10 - log_util.py[line:41] - INFO:  Log file path: /mnt/c/Users/consonnm/Desktop/CodeCraft/log/train_2024-03-18_22-03-10.log
2024/03/18 22:04:19 - train.py[line:56] - INFO:  params: 0.5928446182250184 0.8442657485810175 0.857945617622757 0.8472517387841256 0.6235636967859725 0.38438170729269994 0.29753460654447234 0.056712977317443194 0.27265629458011326 0.47766511732135
2024/03/18 22:04:19 - train.py[line:57] - INFO:  Score list: [163932, 174329, 176296, 140264, 189601, 200812]
2024/03/18 22:04:19 - train.py[line:58] - INFO:  Total score: 1045234
2024/03/18 22:04:19 - train.py[line:59] - INFO:  Average score: 174205.66666666666
2024/03/18 22:04:19 - train.py[line:64] - INFO:  After call 1: Best score: 174205.66666666666
2024/03/18 22:04:19 - train.py[line:65] - INFO:  With parameters: [0.5928446182250184, 0.8442657485810175, 0.857945617622757, 0.8472517387841256, 0.6235636967859725, 0.38438170729269994, 0.29753460654447234, 0.056712977317443194, 0.27265629458011326, 0.47766511732135]
2024/03/18 22:04:19 - train.py[line:66] - INFO:  ====================================

2024/03/18 22:05:36 - train.py[line:56] - INFO:  params: 0.8121687287754934 0.47997717237505744 0.39278479610082984 0.8360787635373778 0.33739616041726844 0.6481718720511973 0.368241539840548 0.9571551589530466 0.14035078041264518 0.8700872583584366
2024/03/18 22:05:36 - train.py[line:57] - INFO:  Score list: [189576, 187927, 189279, 172220, 202331, 213838]
2024/03/18 22:05:36 - train.py[line:58] - INFO:  Total score: 1155171
2024/03/18 22:05:36 - train.py[line:59] - INFO:  Average score: 192528.5
2024/03/18 22:05:36 - train.py[line:64] - INFO:  After call 2: Best score: 192528.5
2024/03/18 22:05:36 - train.py[line:65] - INFO:  With parameters: [0.8121687287754934, 0.47997717237505744, 0.39278479610082984, 0.8360787635373778, 0.33739616041726844, 0.6481718720511973, 0.368241539840548, 0.9571551589530466, 0.14035078041264518, 0.8700872583584366]
2024/03/18 22:05:36 - train.py[line:66] - INFO:  ====================================

2024/03/18 22:07:09 - train.py[line:56] - INFO:  params: 0.4736080452737106 0.8009107519796445 0.5204774795512049 0.6788795301189604 0.7206326547259169 0.5820197920751072 0.5373732294490108 0.7586156243223574 0.10590760718779216 0.47360041934665753
2024/03/18 22:07:09 - train.py[line:57] - INFO:  Score list: [150687, 174329, 175068, 138861, 201710, 200426]
2024/03/18 22:07:09 - train.py[line:58] - INFO:  Total score: 1041081
2024/03/18 22:07:09 - train.py[line:59] - INFO:  Average score: 173513.5
2024/03/18 22:07:09 - train.py[line:64] - INFO:  After call 3: Best score: 192528.5
2024/03/18 22:07:09 - train.py[line:65] - INFO:  With parameters: [0.8121687287754934, 0.47997717237505744, 0.39278479610082984, 0.8360787635373778, 0.33739616041726844, 0.6481718720511973, 0.368241539840548, 0.9571551589530466, 0.14035078041264518, 0.8700872583584366]
2024/03/18 22:07:09 - train.py[line:66] - INFO:  ====================================

2024/03/18 22:08:40 - train.py[line:56] - INFO:  params: 0.18633234332676 0.7369181771289582 0.21655035442437193 0.13521817340545209 0.32414100779321414 0.1496748671836832 0.2223213882515877 0.38648898112586205 0.9025984755294049 0.4499499899112277
2024/03/18 22:08:40 - train.py[line:57] - INFO:  Score list: [176240, 137272, 149400, 127187, 176166, 176373]
2024/03/18 22:08:40 - train.py[line:58] - INFO:  Total score: 942638
2024/03/18 22:08:40 - train.py[line:59] - INFO:  Average score: 157106.33333333334
2024/03/18 22:08:40 - train.py[line:64] - INFO:  After call 4: Best score: 192528.5
2024/03/18 22:08:40 - train.py[line:65] - INFO:  With parameters: [0.8121687287754934, 0.47997717237505744, 0.39278479610082984, 0.8360787635373778, 0.33739616041726844, 0.6481718720511973, 0.368241539840548, 0.9571551589530466, 0.14035078041264518, 0.8700872583584366]
2024/03/18 22:08:40 - train.py[line:66] - INFO:  ====================================

2024/03/18 22:10:32 - train.py[line:56] - INFO:  params: 0.6130634578841325 0.9023485831739845 0.0992803503589739 0.969809067746749 0.6531400357979378 0.17090958513604518 0.35815216696952507 0.7506861412184564 0.6078306687154679 0.32504722900835253
2024/03/18 22:10:32 - train.py[line:57] - INFO:  Score list: [189898, 187867, 175154, 139363, 214220, 225808]
2024/03/18 22:10:32 - train.py[line:58] - INFO:  Total score: 1132310
2024/03/18 22:10:32 - train.py[line:59] - INFO:  Average score: 188718.33333333334
2024/03/18 22:10:32 - train.py[line:64] - INFO:  After call 5: Best score: 192528.5
2024/03/18 22:10:32 - train.py[line:65] - INFO:  With parameters: [0.8121687287754934, 0.47997717237505744, 0.39278479610082984, 0.8360787635373778, 0.33739616041726844, 0.6481718720511973, 0.368241539840548, 0.9571551589530466, 0.14035078041264518, 0.8700872583584366]
2024/03/18 22:10:32 - train.py[line:66] - INFO:  ====================================

2024/03/18 22:12:13 - train.py[line:56] - INFO:  params: 0.03842542647273473 0.6342740579573352 0.9589492686245206 0.652790317005491 0.635058873603564 0.9952995676778879 0.5818503294385344 0.4143685882263689 0.474697502288413 0.6235101011318683
2024/03/18 22:12:13 - train.py[line:57] - INFO:  Score list: [198076, 159499, 159041, 137562, 187826, 210614]
2024/03/18 22:12:13 - train.py[line:58] - INFO:  Total score: 1052618
2024/03/18 22:12:13 - train.py[line:59] - INFO:  Average score: 175436.33333333334
2024/03/18 22:12:13 - train.py[line:64] - INFO:  After call 6: Best score: 192528.5
2024/03/18 22:12:13 - train.py[line:65] - INFO:  With parameters: [0.8121687287754934, 0.47997717237505744, 0.39278479610082984, 0.8360787635373778, 0.33739616041726844, 0.6481718720511973, 0.368241539840548, 0.9571551589530466, 0.14035078041264518, 0.8700872583584366]
2024/03/18 22:12:13 - train.py[line:66] - INFO:  ====================================

2024/03/18 22:15:05 - train.py[line:56] - INFO:  params: 0.3380076148388918 0.6747523222590208 0.31720174206929613 0.7783454820259093 0.9495710534507423 0.6625268669500444 0.013571635612109837 0.6228460955466696 0.6736596308357895 0.971945002499666
2024/03/18 22:15:05 - train.py[line:57] - INFO:  Score list: [63264, 0, 112022, 77996, 139289, 163294]
2024/03/18 22:15:05 - train.py[line:58] - INFO:  Total score: 555865
2024/03/18 22:15:05 - train.py[line:59] - INFO:  Average score: 92644.16666666667
2024/03/18 22:15:05 - train.py[line:64] - INFO:  After call 7: Best score: 192528.5
2024/03/18 22:15:05 - train.py[line:65] - INFO:  With parameters: [0.8121687287754934, 0.47997717237505744, 0.39278479610082984, 0.8360787635373778, 0.33739616041726844, 0.6481718720511973, 0.368241539840548, 0.9571551589530466, 0.14035078041264518, 0.8700872583584366]
2024/03/18 22:15:05 - train.py[line:66] - INFO:  ====================================

2024/03/18 22:16:28 - train.py[line:56] - INFO:  params: 0.8781934713471772 0.5096243767199002 0.055714693701606324 0.4511592145209282 0.01998766540875874 0.4417109212488455 0.9795867288127287 0.35944446396932156 0.48089353083616293 0.6886611828057705
2024/03/18 22:16:28 - train.py[line:57] - INFO:  Score list: [190005, 173952, 189426, 139553, 202097, 201966]
2024/03/18 22:16:28 - train.py[line:58] - INFO:  Total score: 1096999
2024/03/18 22:16:28 - train.py[line:59] - INFO:  Average score: 182833.16666666666
2024/03/18 22:16:28 - train.py[line:64] - INFO:  After call 8: Best score: 192528.5
2024/03/18 22:16:28 - train.py[line:65] - INFO:  With parameters: [0.8121687287754934, 0.47997717237505744, 0.39278479610082984, 0.8360787635373778, 0.33739616041726844, 0.6481718720511973, 0.368241539840548, 0.9571551589530466, 0.14035078041264518, 0.8700872583584366]
2024/03/18 22:16:28 - train.py[line:66] - INFO:  ====================================

2024/03/18 22:17:51 - train.py[line:56] - INFO:  params: 0.8804758892525957 0.9182354663621449 0.21682213762754293 0.5651888666048754 0.8651025613053852 0.5089689606670146 0.916722954019461 0.9211576102372 0.0831124926306024 0.2777185612810325
2024/03/18 22:17:51 - train.py[line:57] - INFO:  Score list: [150516, 174410, 175896, 139961, 189076, 200958]
2024/03/18 22:17:51 - train.py[line:58] - INFO:  Total score: 1030817
2024/03/18 22:17:51 - train.py[line:59] - INFO:  Average score: 171802.83333333334
2024/03/18 22:17:51 - train.py[line:64] - INFO:  After call 9: Best score: 192528.5
2024/03/18 22:17:51 - train.py[line:65] - INFO:  With parameters: [0.8121687287754934, 0.47997717237505744, 0.39278479610082984, 0.8360787635373778, 0.33739616041726844, 0.6481718720511973, 0.368241539840548, 0.9571551589530466, 0.14035078041264518, 0.8700872583584366]
2024/03/18 22:17:51 - train.py[line:66] - INFO:  ====================================

2024/03/18 22:19:14 - train.py[line:56] - INFO:  params: 0.009356704856532618 0.8423420796677312 0.6471741401875556 0.8413861191973546 0.2647301642834497 0.39782075275862916 0.5528214798875716 0.16494046024188416 0.3698080927483401 0.14644176272911227
2024/03/18 22:19:14 - train.py[line:57] - INFO:  Score list: [172746, 184585, 171444, 135898, 186108, 208531]
2024/03/18 22:19:14 - train.py[line:58] - INFO:  Total score: 1059312
2024/03/18 22:19:14 - train.py[line:59] - INFO:  Average score: 176552.0
2024/03/18 22:19:14 - train.py[line:64] - INFO:  After call 10: Best score: 192528.5
2024/03/18 22:19:14 - train.py[line:65] - INFO:  With parameters: [0.8121687287754934, 0.47997717237505744, 0.39278479610082984, 0.8360787635373778, 0.33739616041726844, 0.6481718720511973, 0.368241539840548, 0.9571551589530466, 0.14035078041264518, 0.8700872583584366]
2024/03/18 22:19:14 - train.py[line:66] - INFO:  ====================================

2024/03/18 22:20:39 - train.py[line:56] - INFO:  params: 0.8073537238488452 0.022554986738361874 0.10968422974235884 0.8244264914054984 0.7982830433043304 0.8227756789385277 0.34432678404257827 0.39615505978474275 0.8541395939532954 0.869912676999416
2024/03/18 22:20:39 - train.py[line:57] - INFO:  Score list: [166258, 150543, 140350, 106964, 116690, 154162]
2024/03/18 22:20:39 - train.py[line:58] - INFO:  Total score: 834967
2024/03/18 22:20:39 - train.py[line:59] - INFO:  Average score: 139161.16666666666
2024/03/18 22:20:39 - train.py[line:64] - INFO:  After call 11: Best score: 192528.5
2024/03/18 22:20:39 - train.py[line:65] - INFO:  With parameters: [0.8121687287754934, 0.47997717237505744, 0.39278479610082984, 0.8360787635373778, 0.33739616041726844, 0.6481718720511973, 0.368241539840548, 0.9571551589530466, 0.14035078041264518, 0.8700872583584366]
2024/03/18 22:20:39 - train.py[line:66] - INFO:  ====================================

2024/03/18 22:22:00 - train.py[line:56] - INFO:  params: 0.6240829048228115 0.4273717069584181 0.07964914877905672 0.9713606184351326 0.03747143296309131 0.18627772541910173 0.3524172270615394 0.8873617400216297 0.3979445580478076 0.9647472184980758
2024/03/18 22:22:00 - train.py[line:57] - INFO:  Score list: [213405, 202105, 187573, 140586, 202741, 213937]
2024/03/18 22:22:00 - train.py[line:58] - INFO:  Total score: 1160347
2024/03/18 22:22:00 - train.py[line:59] - INFO:  Average score: 193391.16666666666
2024/03/18 22:22:00 - train.py[line:64] - INFO:  After call 12: Best score: 193391.16666666666
2024/03/18 22:22:00 - train.py[line:65] - INFO:  With parameters: [0.6240829048228115, 0.4273717069584181, 0.07964914877905672, 0.9713606184351326, 0.03747143296309131, 0.18627772541910173, 0.3524172270615394, 0.8873617400216297, 0.3979445580478076, 0.9647472184980758]
2024/03/18 22:22:00 - train.py[line:66] - INFO:  ====================================

2024/03/18 22:24:06 - train.py[line:56] - INFO:  params: 0.5258659929284951 0.3435771731355998 0.3434239853385314 0.9985425475715498 0.26618140665844675 0.924856702982423 0.06226114100310133 0.8934429231698315 0.5837370594744763 0.9294128064167189
2024/03/18 22:24:06 - train.py[line:57] - INFO:  Score list: [90514, 137472, 126275, 79134, 152899, 178949]
2024/03/18 22:24:06 - train.py[line:58] - INFO:  Total score: 765243
2024/03/18 22:24:06 - train.py[line:59] - INFO:  Average score: 127540.5
2024/03/18 22:24:06 - train.py[line:64] - INFO:  After call 13: Best score: 193391.16666666666
2024/03/18 22:24:06 - train.py[line:65] - INFO:  With parameters: [0.6240829048228115, 0.4273717069584181, 0.07964914877905672, 0.9713606184351326, 0.03747143296309131, 0.18627772541910173, 0.3524172270615394, 0.8873617400216297, 0.3979445580478076, 0.9647472184980758]
2024/03/18 22:24:06 - train.py[line:66] - INFO:  ====================================

2024/03/18 22:25:28 - train.py[line:56] - INFO:  params: 0.9973258975115983 0.388717693002402 0.21014097308632534 0.879562923223979 0.045860644496175225 0.5530897790405731 0.1517303785201364 0.6381157229208706 0.26776941332291776 0.9120226231870344
2024/03/18 22:25:28 - train.py[line:57] - INFO:  Score list: [204096, 188929, 187370, 140435, 202508, 189456]
2024/03/18 22:25:28 - train.py[line:58] - INFO:  Total score: 1112794
2024/03/18 22:25:28 - train.py[line:59] - INFO:  Average score: 185465.66666666666
2024/03/18 22:25:29 - train.py[line:64] - INFO:  After call 14: Best score: 193391.16666666666
2024/03/18 22:25:29 - train.py[line:65] - INFO:  With parameters: [0.6240829048228115, 0.4273717069584181, 0.07964914877905672, 0.9713606184351326, 0.03747143296309131, 0.18627772541910173, 0.3524172270615394, 0.8873617400216297, 0.3979445580478076, 0.9647472184980758]
2024/03/18 22:25:29 - train.py[line:66] - INFO:  ====================================

2024/03/18 22:26:51 - train.py[line:56] - INFO:  params: 0.7875065970150559 0.05506703841529283 0.29774579621533165 0.08426550430402659 0.029226806703369863 0.6246067293400376 0.10092648540298224 0.12633708592401607 0.15501643093718256 0.9803765581013436
2024/03/18 22:26:51 - train.py[line:57] - INFO:  Score list: [153201, 152498, 164258, 135756, 165540, 164766]
2024/03/18 22:26:51 - train.py[line:58] - INFO:  Total score: 936019
2024/03/18 22:26:51 - train.py[line:59] - INFO:  Average score: 156003.16666666666
2024/03/18 22:26:52 - train.py[line:64] - INFO:  After call 15: Best score: 193391.16666666666
2024/03/18 22:26:52 - train.py[line:65] - INFO:  With parameters: [0.6240829048228115, 0.4273717069584181, 0.07964914877905672, 0.9713606184351326, 0.03747143296309131, 0.18627772541910173, 0.3524172270615394, 0.8873617400216297, 0.3979445580478076, 0.9647472184980758]
2024/03/18 22:26:52 - train.py[line:66] - INFO:  ====================================

2024/03/18 22:28:15 - train.py[line:56] - INFO:  params: 0.9708949379640428 0.5279314505649789 0.5949785218139906 0.9464644709911997 0.4219654568508189 0.1639794257975419 0.6474350443007962 0.8610731450288254 0.5438955747496809 0.965149294598193
2024/03/18 22:28:15 - train.py[line:57] - INFO:  Score list: [203076, 175818, 163369, 140515, 214223, 202160]
2024/03/18 22:28:15 - train.py[line:58] - INFO:  Total score: 1099161
2024/03/18 22:28:15 - train.py[line:59] - INFO:  Average score: 183193.5
2024/03/18 22:28:16 - train.py[line:64] - INFO:  After call 16: Best score: 193391.16666666666
2024/03/18 22:28:16 - train.py[line:65] - INFO:  With parameters: [0.6240829048228115, 0.4273717069584181, 0.07964914877905672, 0.9713606184351326, 0.03747143296309131, 0.18627772541910173, 0.3524172270615394, 0.8873617400216297, 0.3979445580478076, 0.9647472184980758]
2024/03/18 22:28:16 - train.py[line:66] - INFO:  ====================================

2024/03/18 22:29:43 - train.py[line:56] - INFO:  params: 0.9638813882280172 0.4437272694496722 0.8853279096096698 0.9931365066473324 0.04594156952102469 0.2889305366333765 0.9495012224141429 0.98619153358605 0.7200305030357972 0.9887813376594329
2024/03/18 22:29:43 - train.py[line:57] - INFO:  Score list: [203378, 189213, 176440, 140832, 215277, 214477]
2024/03/18 22:29:43 - train.py[line:58] - INFO:  Total score: 1139617
2024/03/18 22:29:43 - train.py[line:59] - INFO:  Average score: 189936.16666666666
2024/03/18 22:29:43 - train.py[line:64] - INFO:  After call 17: Best score: 193391.16666666666
2024/03/18 22:29:43 - train.py[line:65] - INFO:  With parameters: [0.6240829048228115, 0.4273717069584181, 0.07964914877905672, 0.9713606184351326, 0.03747143296309131, 0.18627772541910173, 0.3524172270615394, 0.8873617400216297, 0.3979445580478076, 0.9647472184980758]
2024/03/18 22:29:43 - train.py[line:66] - INFO:  ====================================

2024/03/18 22:31:13 - train.py[line:56] - INFO:  params: 0.6912904491254154 0.49789386312871453 0.6595649714302106 0.8922568932331602 0.09885034148201191 0.2771922258569453 0.0939194290137513 0.9256292704062775 0.16258769193013947 0.9779883710873799
2024/03/18 22:31:13 - train.py[line:57] - INFO:  Score list: [215879, 189226, 175586, 126964, 189808, 225327]
2024/03/18 22:31:13 - train.py[line:58] - INFO:  Total score: 1122790
2024/03/18 22:31:13 - train.py[line:59] - INFO:  Average score: 187131.66666666666
2024/03/18 22:31:14 - train.py[line:64] - INFO:  After call 18: Best score: 193391.16666666666
2024/03/18 22:31:14 - train.py[line:65] - INFO:  With parameters: [0.6240829048228115, 0.4273717069584181, 0.07964914877905672, 0.9713606184351326, 0.03747143296309131, 0.18627772541910173, 0.3524172270615394, 0.8873617400216297, 0.3979445580478076, 0.9647472184980758]
2024/03/18 22:31:14 - train.py[line:66] - INFO:  ====================================

2024/03/18 22:33:05 - train.py[line:56] - INFO:  params: 0.7074394140977636 0.5297938556384554 0.67828528889678 0.9627451662716017 0.06657029372340097 0.5413364398674922 0.3525975141654459 0.8012825466024914 0.7701379745633551 0.9832397001100142
2024/03/18 22:33:05 - train.py[line:57] - INFO:  Score list: [153030, 162311, 187674, 118060, 140015, 165474]
2024/03/18 22:33:05 - train.py[line:58] - INFO:  Total score: 926564
2024/03/18 22:33:05 - train.py[line:59] - INFO:  Average score: 154427.33333333334
2024/03/18 22:33:05 - train.py[line:64] - INFO:  After call 19: Best score: 193391.16666666666
2024/03/18 22:33:05 - train.py[line:65] - INFO:  With parameters: [0.6240829048228115, 0.4273717069584181, 0.07964914877905672, 0.9713606184351326, 0.03747143296309131, 0.18627772541910173, 0.3524172270615394, 0.8873617400216297, 0.3979445580478076, 0.9647472184980758]
2024/03/18 22:33:05 - train.py[line:66] - INFO:  ====================================

2024/03/18 22:34:35 - train.py[line:56] - INFO:  params: 0.0546508656767203 0.5173131172444679 0.8547581121888237 0.920710155862621 0.9395932890961128 0.04186268624941248 0.2782990089116148 0.9296990961545513 0.40806922708054305 0.9708075497324923
2024/03/18 22:34:35 - train.py[line:57] - INFO:  Score list: [187044, 174785, 186247, 125491, 201932, 211344]
2024/03/18 22:34:35 - train.py[line:58] - INFO:  Total score: 1086843
2024/03/18 22:34:35 - train.py[line:59] - INFO:  Average score: 181140.5
2024/03/18 22:34:35 - train.py[line:64] - INFO:  After call 20: Best score: 193391.16666666666
2024/03/18 22:34:35 - train.py[line:65] - INFO:  With parameters: [0.6240829048228115, 0.4273717069584181, 0.07964914877905672, 0.9713606184351326, 0.03747143296309131, 0.18627772541910173, 0.3524172270615394, 0.8873617400216297, 0.3979445580478076, 0.9647472184980758]
2024/03/18 22:34:35 - train.py[line:66] - INFO:  ====================================

2024/03/18 22:36:05 - train.py[line:56] - INFO:  params: 0.636926399421868 0.14471239546173545 0.9034287259127026 0.9828885252377677 0.09896719919663235 0.16695345144775844 0.07842747891587466 0.817610573675612 0.1952218756519814 0.5937904005087686
2024/03/18 22:36:05 - train.py[line:57] - INFO:  Score list: [164819, 189432, 193740, 128592, 202948, 202721]
2024/03/18 22:36:05 - train.py[line:58] - INFO:  Total score: 1082252
2024/03/18 22:36:05 - train.py[line:59] - INFO:  Average score: 180375.33333333334
2024/03/18 22:36:05 - train.py[line:64] - INFO:  After call 21: Best score: 193391.16666666666
2024/03/18 22:36:05 - train.py[line:65] - INFO:  With parameters: [0.6240829048228115, 0.4273717069584181, 0.07964914877905672, 0.9713606184351326, 0.03747143296309131, 0.18627772541910173, 0.3524172270615394, 0.8873617400216297, 0.3979445580478076, 0.9647472184980758]
2024/03/18 22:36:05 - train.py[line:66] - INFO:  ====================================

2024/03/18 22:38:32 - train.py[line:56] - INFO:  params: 0.9386460071337276 0.5724195708335169 0.1660138255369418 0.9307151701688049 0.30534429461278295 0.1792775975737614 0.013871160250488516 0.8589132571412492 0.2751336638802659 0.9752944473904345
2024/03/18 22:38:32 - train.py[line:57] - INFO:  Score list: [63846, 150640, 113044, 79751, 152753, 177334]
2024/03/18 22:38:32 - train.py[line:58] - INFO:  Total score: 737368
2024/03/18 22:38:32 - train.py[line:59] - INFO:  Average score: 122894.66666666667
2024/03/18 22:38:32 - train.py[line:64] - INFO:  After call 22: Best score: 193391.16666666666
2024/03/18 22:38:32 - train.py[line:65] - INFO:  With parameters: [0.6240829048228115, 0.4273717069584181, 0.07964914877905672, 0.9713606184351326, 0.03747143296309131, 0.18627772541910173, 0.3524172270615394, 0.8873617400216297, 0.3979445580478076, 0.9647472184980758]
2024/03/18 22:38:32 - train.py[line:66] - INFO:  ====================================

2024/03/18 22:39:54 - train.py[line:56] - INFO:  params: 0.5232648922944048 0.2636844226145016 0.39752822653988984 0.9502282230368662 0.26569248340949975 0.01993584172781693 0.40430850666504614 0.954187500734443 0.2824154230518539 0.9568111131000052
2024/03/18 22:39:54 - train.py[line:57] - INFO:  Score list: [190271, 188931, 173443, 140683, 203221, 201867]
2024/03/18 22:39:54 - train.py[line:58] - INFO:  Total score: 1098416
2024/03/18 22:39:54 - train.py[line:59] - INFO:  Average score: 183069.33333333334
2024/03/18 22:39:54 - train.py[line:64] - INFO:  After call 23: Best score: 193391.16666666666
2024/03/18 22:39:54 - train.py[line:65] - INFO:  With parameters: [0.6240829048228115, 0.4273717069584181, 0.07964914877905672, 0.9713606184351326, 0.03747143296309131, 0.18627772541910173, 0.3524172270615394, 0.8873617400216297, 0.3979445580478076, 0.9647472184980758]
2024/03/18 22:39:54 - train.py[line:66] - INFO:  ====================================

2024/03/18 22:41:17 - train.py[line:56] - INFO:  params: 0.5573202939615991 0.11311495645837247 0.3120496761589265 0.9988340011762364 0.25703977208510415 0.05011343170983652 0.6492111623159202 0.9976183493282023 0.6522536380090688 0.31964849128699074
2024/03/18 22:41:17 - train.py[line:57] - INFO:  Score list: [178108, 188793, 163137, 141414, 202842, 201375]
2024/03/18 22:41:17 - train.py[line:58] - INFO:  Total score: 1075669
2024/03/18 22:41:17 - train.py[line:59] - INFO:  Average score: 179278.16666666666
2024/03/18 22:41:17 - train.py[line:64] - INFO:  After call 24: Best score: 193391.16666666666
2024/03/18 22:41:17 - train.py[line:65] - INFO:  With parameters: [0.6240829048228115, 0.4273717069584181, 0.07964914877905672, 0.9713606184351326, 0.03747143296309131, 0.18627772541910173, 0.3524172270615394, 0.8873617400216297, 0.3979445580478076, 0.9647472184980758]
2024/03/18 22:41:17 - train.py[line:66] - INFO:  ====================================

2024/03/18 22:42:44 - train.py[line:56] - INFO:  params: 0.529315728134706 0.6221655144055851 0.15616860614285713 0.9348638406441203 0.8761778308392174 0.26662965606719896 0.16963470256792526 0.9565844661209887 0.31711315978596294 0.946178637516491
2024/03/18 22:42:44 - train.py[line:57] - INFO:  Score list: [201690, 201351, 174638, 139889, 214258, 224602]
2024/03/18 22:42:44 - train.py[line:58] - INFO:  Total score: 1156428
2024/03/18 22:42:44 - train.py[line:59] - INFO:  Average score: 192738.0
2024/03/18 22:42:44 - train.py[line:64] - INFO:  After call 25: Best score: 193391.16666666666
2024/03/18 22:42:44 - train.py[line:65] - INFO:  With parameters: [0.6240829048228115, 0.4273717069584181, 0.07964914877905672, 0.9713606184351326, 0.03747143296309131, 0.18627772541910173, 0.3524172270615394, 0.8873617400216297, 0.3979445580478076, 0.9647472184980758]
2024/03/18 22:42:44 - train.py[line:66] - INFO:  ====================================

2024/03/18 22:44:16 - train.py[line:56] - INFO:  params: 0.32140786602300014 0.27435558580351777 0.20458235209490777 0.9667895359004087 0.7746997012759175 0.31444770178236875 0.10589657000934385 0.6428857026793235 0.5149217029713076 0.8505398864325325
2024/03/18 22:44:16 - train.py[line:57] - INFO:  Score list: [115058, 163173, 148960, 92883, 139859, 200162]
2024/03/18 22:44:16 - train.py[line:58] - INFO:  Total score: 860095
2024/03/18 22:44:16 - train.py[line:59] - INFO:  Average score: 143349.16666666666
2024/03/18 22:44:17 - train.py[line:64] - INFO:  After call 26: Best score: 193391.16666666666
2024/03/18 22:44:17 - train.py[line:65] - INFO:  With parameters: [0.6240829048228115, 0.4273717069584181, 0.07964914877905672, 0.9713606184351326, 0.03747143296309131, 0.18627772541910173, 0.3524172270615394, 0.8873617400216297, 0.3979445580478076, 0.9647472184980758]
2024/03/18 22:44:17 - train.py[line:66] - INFO:  ====================================

2024/03/18 22:45:42 - train.py[line:56] - INFO:  params: 0.5552774617519307 0.9178118025267327 0.8506578586086163 0.7549997838797423 0.3079075381917367 0.25579075696539294 0.14730993581776367 0.9478555740039798 0.4853869035563533 0.9188360764696349
2024/03/18 22:45:42 - train.py[line:57] - INFO:  Score list: [189029, 188812, 187083, 78758, 175984, 162951]
2024/03/18 22:45:42 - train.py[line:58] - INFO:  Total score: 982617
2024/03/18 22:45:42 - train.py[line:59] - INFO:  Average score: 163769.5
2024/03/18 22:45:42 - train.py[line:64] - INFO:  After call 27: Best score: 193391.16666666666
2024/03/18 22:45:42 - train.py[line:65] - INFO:  With parameters: [0.6240829048228115, 0.4273717069584181, 0.07964914877905672, 0.9713606184351326, 0.03747143296309131, 0.18627772541910173, 0.3524172270615394, 0.8873617400216297, 0.3979445580478076, 0.9647472184980758]
2024/03/18 22:45:42 - train.py[line:66] - INFO:  ====================================

2024/03/18 22:47:08 - train.py[line:56] - INFO:  params: 0.6960235580937051 0.2893175746997981 0.24469874405141462 0.9076804162080422 0.4519885485245988 0.7423661726756428 0.23805998092248243 0.8908586858108261 0.156822763358637 0.9623694197872243
2024/03/18 22:47:08 - train.py[line:57] - INFO:  Score list: [189048, 188745, 174461, 140449, 204200, 203164]
2024/03/18 22:47:08 - train.py[line:58] - INFO:  Total score: 1100067
2024/03/18 22:47:08 - train.py[line:59] - INFO:  Average score: 183344.5
2024/03/18 22:47:08 - train.py[line:64] - INFO:  After call 28: Best score: 193391.16666666666
2024/03/18 22:47:08 - train.py[line:65] - INFO:  With parameters: [0.6240829048228115, 0.4273717069584181, 0.07964914877905672, 0.9713606184351326, 0.03747143296309131, 0.18627772541910173, 0.3524172270615394, 0.8873617400216297, 0.3979445580478076, 0.9647472184980758]
2024/03/18 22:47:08 - train.py[line:66] - INFO:  ====================================

2024/03/18 22:48:39 - train.py[line:56] - INFO:  params: 0.7312133168007587 0.5400669810192161 0.023982584682530235 0.6240952830756521 0.04439600271945499 0.07048113015467784 0.05699598255829287 0.9743718467649543 0.3120840853405236 0.7388221018300654
2024/03/18 22:48:39 - train.py[line:57] - INFO:  Score list: [138967, 175778, 190248, 91436, 203387, 189399]
2024/03/18 22:48:39 - train.py[line:58] - INFO:  Total score: 989215
2024/03/18 22:48:39 - train.py[line:59] - INFO:  Average score: 164869.16666666666
2024/03/18 22:48:39 - train.py[line:64] - INFO:  After call 29: Best score: 193391.16666666666
2024/03/18 22:48:39 - train.py[line:65] - INFO:  With parameters: [0.6240829048228115, 0.4273717069584181, 0.07964914877905672, 0.9713606184351326, 0.03747143296309131, 0.18627772541910173, 0.3524172270615394, 0.8873617400216297, 0.3979445580478076, 0.9647472184980758]
2024/03/18 22:48:39 - train.py[line:66] - INFO:  ====================================

2024/03/18 22:49:59 - train.py[line:56] - INFO:  params: 0.26483326629606346 0.04096402632616159 0.03713357091100656 0.9075652408493027 0.9174368645278871 0.18967677852164294 0.8990089497006363 0.6732469269848755 0.2858577027492984 0.7698753080897794
2024/03/18 22:49:59 - train.py[line:57] - INFO:  Score list: [140890, 187598, 164920, 141030, 203581, 203650]
2024/03/18 22:49:59 - train.py[line:58] - INFO:  Total score: 1041669
2024/03/18 22:49:59 - train.py[line:59] - INFO:  Average score: 173611.5
2024/03/18 22:50:00 - train.py[line:64] - INFO:  After call 30: Best score: 193391.16666666666
2024/03/18 22:50:00 - train.py[line:65] - INFO:  With parameters: [0.6240829048228115, 0.4273717069584181, 0.07964914877905672, 0.9713606184351326, 0.03747143296309131, 0.18627772541910173, 0.3524172270615394, 0.8873617400216297, 0.3979445580478076, 0.9647472184980758]
2024/03/18 22:50:00 - train.py[line:66] - INFO:  ====================================

2024/03/18 22:51:21 - train.py[line:56] - INFO:  params: 0.44549655397362753 0.5329615721050249 0.29393185721887666 0.8383692781448974 0.6639535007995954 0.6333430373218096 0.41223679800626856 0.9465407953464876 0.541927935114383 0.7270139377336859
2024/03/18 22:51:21 - train.py[line:57] - INFO:  Score list: [214184, 187245, 174628, 140403, 213697, 214081]
2024/03/18 22:51:21 - train.py[line:58] - INFO:  Total score: 1144238
2024/03/18 22:51:21 - train.py[line:59] - INFO:  Average score: 190706.33333333334
2024/03/18 22:51:21 - train.py[line:64] - INFO:  After call 31: Best score: 193391.16666666666
2024/03/18 22:51:21 - train.py[line:65] - INFO:  With parameters: [0.6240829048228115, 0.4273717069584181, 0.07964914877905672, 0.9713606184351326, 0.03747143296309131, 0.18627772541910173, 0.3524172270615394, 0.8873617400216297, 0.3979445580478076, 0.9647472184980758]
2024/03/18 22:51:21 - train.py[line:66] - INFO:  ====================================

2024/03/18 22:52:43 - train.py[line:56] - INFO:  params: 0.5702553046821482 0.27923419910339115 0.27353460626674103 0.9791497405097433 0.9324033523198142 0.8062726485114371 0.3959370033349575 0.9381283270064978 0.6156491035764763 0.1197610733503646
2024/03/18 22:52:43 - train.py[line:57] - INFO:  Score list: [150629, 188446, 188568, 140606, 190060, 214499]
2024/03/18 22:52:43 - train.py[line:58] - INFO:  Total score: 1072808
2024/03/18 22:52:43 - train.py[line:59] - INFO:  Average score: 178801.33333333334
2024/03/18 22:52:43 - train.py[line:64] - INFO:  After call 32: Best score: 193391.16666666666
2024/03/18 22:52:43 - train.py[line:65] - INFO:  With parameters: [0.6240829048228115, 0.4273717069584181, 0.07964914877905672, 0.9713606184351326, 0.03747143296309131, 0.18627772541910173, 0.3524172270615394, 0.8873617400216297, 0.3979445580478076, 0.9647472184980758]
2024/03/18 22:52:43 - train.py[line:66] - INFO:  ====================================

2024/03/18 22:54:09 - train.py[line:56] - INFO:  params: 0.24847876471873392 0.7549347897311598 0.09908650158141943 0.865672564362601 0.41269192693304146 0.6965243874333186 0.28449906052718527 0.9727201543619625 0.32029409699634454 0.7790458518218675
2024/03/18 22:54:09 - train.py[line:57] - INFO:  Score list: [212059, 186645, 188084, 139910, 201568, 211962]
2024/03/18 22:54:09 - train.py[line:58] - INFO:  Total score: 1140228
2024/03/18 22:54:09 - train.py[line:59] - INFO:  Average score: 190038.0
2024/03/18 22:54:09 - train.py[line:64] - INFO:  After call 33: Best score: 193391.16666666666
2024/03/18 22:54:09 - train.py[line:65] - INFO:  With parameters: [0.6240829048228115, 0.4273717069584181, 0.07964914877905672, 0.9713606184351326, 0.03747143296309131, 0.18627772541910173, 0.3524172270615394, 0.8873617400216297, 0.3979445580478076, 0.9647472184980758]
2024/03/18 22:54:09 - train.py[line:66] - INFO:  ====================================

2024/03/18 22:55:37 - train.py[line:56] - INFO:  params: 0.1434689579304579 0.3659706540713394 0.31837851630038366 0.8946317053495887 0.5668927646906203 0.6144443804605599 0.33174692580606574 0.9540893922765648 0.565275472574162 0.9722591198045868
2024/03/18 22:55:37 - train.py[line:57] - INFO:  Score list: [176289, 188623, 136960, 116998, 188728, 189037]
2024/03/18 22:55:37 - train.py[line:58] - INFO:  Total score: 996635
2024/03/18 22:55:37 - train.py[line:59] - INFO:  Average score: 166105.83333333334
2024/03/18 22:55:38 - train.py[line:64] - INFO:  After call 34: Best score: 193391.16666666666
2024/03/18 22:55:38 - train.py[line:65] - INFO:  With parameters: [0.6240829048228115, 0.4273717069584181, 0.07964914877905672, 0.9713606184351326, 0.03747143296309131, 0.18627772541910173, 0.3524172270615394, 0.8873617400216297, 0.3979445580478076, 0.9647472184980758]
2024/03/18 22:55:38 - train.py[line:66] - INFO:  ====================================

2024/03/18 22:57:03 - train.py[line:56] - INFO:  params: 0.26529285759504057 0.9166387991308546 0.17061532922823278 0.9258370980839242 0.8436223614569284 0.7095793549428502 0.09359180173939975 0.792336078505579 0.14784994336728366 0.5711599059924934
2024/03/18 22:57:03 - train.py[line:57] - INFO:  Score list: [188879, 200872, 186542, 139719, 201368, 212452]
2024/03/18 22:57:03 - train.py[line:58] - INFO:  Total score: 1129832
2024/03/18 22:57:03 - train.py[line:59] - INFO:  Average score: 188305.33333333334
2024/03/18 22:57:04 - train.py[line:64] - INFO:  After call 35: Best score: 193391.16666666666
2024/03/18 22:57:04 - train.py[line:65] - INFO:  With parameters: [0.6240829048228115, 0.4273717069584181, 0.07964914877905672, 0.9713606184351326, 0.03747143296309131, 0.18627772541910173, 0.3524172270615394, 0.8873617400216297, 0.3979445580478076, 0.9647472184980758]
2024/03/18 22:57:04 - train.py[line:66] - INFO:  ====================================

2024/03/18 22:58:30 - train.py[line:56] - INFO:  params: 0.2990489494433008 0.8527426397443272 0.11187730094551088 0.7078378098234168 0.9852305988768544 0.6741875816730433 0.06342431311049125 0.9766862608200101 0.13877115814745392 0.9503553848897419
2024/03/18 22:58:30 - train.py[line:57] - INFO:  Score list: [175593, 175953, 185180, 139299, 214114, 213262]
2024/03/18 22:58:30 - train.py[line:58] - INFO:  Total score: 1103401
2024/03/18 22:58:30 - train.py[line:59] - INFO:  Average score: 183900.16666666666
2024/03/18 22:58:30 - train.py[line:64] - INFO:  After call 36: Best score: 193391.16666666666
2024/03/18 22:58:30 - train.py[line:65] - INFO:  With parameters: [0.6240829048228115, 0.4273717069584181, 0.07964914877905672, 0.9713606184351326, 0.03747143296309131, 0.18627772541910173, 0.3524172270615394, 0.8873617400216297, 0.3979445580478076, 0.9647472184980758]
2024/03/18 22:58:30 - train.py[line:66] - INFO:  ====================================

2024/03/18 23:00:03 - train.py[line:56] - INFO:  params: 0.2869595462622056 0.6523440881005816 0.7283887920700529 0.8742575349931923 0.9058694149245032 0.637825055869857 0.018964310474829386 0.6191105768983243 0.08863505903352865 0.18745919016116133
2024/03/18 23:00:03 - train.py[line:57] - INFO:  Score list: [163698, 148385, 161819, 114684, 149683, 200459]
2024/03/18 23:00:03 - train.py[line:58] - INFO:  Total score: 938728
2024/03/18 23:00:03 - train.py[line:59] - INFO:  Average score: 156454.66666666666
2024/03/18 23:00:04 - train.py[line:64] - INFO:  After call 37: Best score: 193391.16666666666
2024/03/18 23:00:04 - train.py[line:65] - INFO:  With parameters: [0.6240829048228115, 0.4273717069584181, 0.07964914877905672, 0.9713606184351326, 0.03747143296309131, 0.18627772541910173, 0.3524172270615394, 0.8873617400216297, 0.3979445580478076, 0.9647472184980758]
2024/03/18 23:00:04 - train.py[line:66] - INFO:  ====================================

2024/03/18 23:01:35 - train.py[line:56] - INFO:  params: 0.9967615206413613 0.6711644190320823 0.13851096757976625 0.9750307905791903 0.9794472869418198 0.3321581516036997 0.1816025966193592 0.9826536921572735 0.7664823151758172 0.9308948309429717
2024/03/18 23:01:35 - train.py[line:57] - INFO:  Score list: [141129, 163238, 162911, 92728, 89317, 153602]
2024/03/18 23:01:35 - train.py[line:58] - INFO:  Total score: 802925
2024/03/18 23:01:35 - train.py[line:59] - INFO:  Average score: 133820.83333333334
2024/03/18 23:01:35 - train.py[line:64] - INFO:  After call 38: Best score: 193391.16666666666
2024/03/18 23:01:35 - train.py[line:65] - INFO:  With parameters: [0.6240829048228115, 0.4273717069584181, 0.07964914877905672, 0.9713606184351326, 0.03747143296309131, 0.18627772541910173, 0.3524172270615394, 0.8873617400216297, 0.3979445580478076, 0.9647472184980758]
2024/03/18 23:01:35 - train.py[line:66] - INFO:  ====================================

2024/03/18 23:03:23 - train.py[line:56] - INFO:  params: 0.45235594158219206 0.5782781895924277 0.12322764687486334 0.9122762884262581 0.6392623430153411 0.3073789017594691 0.1712452601949586 0.9180582530795569 0.3825144124165779 0.8580082993994763
2024/03/18 23:03:23 - train.py[line:57] - INFO:  Score list: [201898, 187920, 186461, 115854, 225027, 212617]
2024/03/18 23:03:23 - train.py[line:58] - INFO:  Total score: 1129777
2024/03/18 23:03:23 - train.py[line:59] - INFO:  Average score: 188296.16666666666
2024/03/18 23:03:23 - train.py[line:64] - INFO:  After call 39: Best score: 193391.16666666666
2024/03/18 23:03:23 - train.py[line:65] - INFO:  With parameters: [0.6240829048228115, 0.4273717069584181, 0.07964914877905672, 0.9713606184351326, 0.03747143296309131, 0.18627772541910173, 0.3524172270615394, 0.8873617400216297, 0.3979445580478076, 0.9647472184980758]
2024/03/18 23:03:23 - train.py[line:66] - INFO:  ====================================

2024/03/18 23:04:57 - train.py[line:56] - INFO:  params: 0.6468182661454809 0.8461084861179605 0.08726154673418753 0.9906575989951835 0.27061730090516195 0.8030441744281321 0.4369029583905044 0.6347102052974306 0.5985316497428688 0.9213615448307901
2024/03/18 23:04:57 - train.py[line:57] - INFO:  Score list: [215285, 188572, 161184, 140351, 200429, 225334]
2024/03/18 23:04:57 - train.py[line:58] - INFO:  Total score: 1131155
2024/03/18 23:04:57 - train.py[line:59] - INFO:  Average score: 188525.83333333334
2024/03/18 23:04:57 - train.py[line:64] - INFO:  After call 40: Best score: 193391.16666666666
2024/03/18 23:04:57 - train.py[line:65] - INFO:  With parameters: [0.6240829048228115, 0.4273717069584181, 0.07964914877905672, 0.9713606184351326, 0.03747143296309131, 0.18627772541910173, 0.3524172270615394, 0.8873617400216297, 0.3979445580478076, 0.9647472184980758]
2024/03/18 23:04:57 - train.py[line:66] - INFO:  ====================================

2024/03/18 23:06:28 - train.py[line:56] - INFO:  params: 0.027368403740511422 0.6011295079823495 0.13670087847023119 0.953788521570234 0.7533467754348634 0.7698117672048551 0.5667527238496922 0.9864276413417967 0.6630543112009153 0.9036283318891776
2024/03/18 23:06:28 - train.py[line:57] - INFO:  Score list: [197772, 184182, 184244, 149637, 210324, 209705]
2024/03/18 23:06:28 - train.py[line:58] - INFO:  Total score: 1135864
2024/03/18 23:06:28 - train.py[line:59] - INFO:  Average score: 189310.66666666666
2024/03/18 23:06:29 - train.py[line:64] - INFO:  After call 41: Best score: 193391.16666666666
2024/03/18 23:06:29 - train.py[line:65] - INFO:  With parameters: [0.6240829048228115, 0.4273717069584181, 0.07964914877905672, 0.9713606184351326, 0.03747143296309131, 0.18627772541910173, 0.3524172270615394, 0.8873617400216297, 0.3979445580478076, 0.9647472184980758]
2024/03/18 23:06:29 - train.py[line:66] - INFO:  ====================================

2024/03/18 23:08:02 - train.py[line:56] - INFO:  params: 0.8474229025089544 0.9036079795129707 0.10147432433928386 0.8611544571152848 0.5754606627953986 0.9829464277228569 0.5084163739905679 0.4438800941687464 0.6468585829642807 0.9936618835735155
2024/03/18 23:08:02 - train.py[line:57] - INFO:  Score list: [201030, 176834, 161430, 141779, 189247, 202265]
2024/03/18 23:08:02 - train.py[line:58] - INFO:  Total score: 1072585
2024/03/18 23:08:02 - train.py[line:59] - INFO:  Average score: 178764.16666666666
2024/03/18 23:08:03 - train.py[line:64] - INFO:  After call 42: Best score: 193391.16666666666
2024/03/18 23:08:03 - train.py[line:65] - INFO:  With parameters: [0.6240829048228115, 0.4273717069584181, 0.07964914877905672, 0.9713606184351326, 0.03747143296309131, 0.18627772541910173, 0.3524172270615394, 0.8873617400216297, 0.3979445580478076, 0.9647472184980758]
2024/03/18 23:08:03 - train.py[line:66] - INFO:  ====================================

