2024/03/20 13:03:57 - log_util.py[line:41] - INFO:  Log file path: /mnt/c/Users/consonnm/Desktop/CodeCraft/log/train_2024-03-20_13-03-57.log
2024/03/20 13:04:27 - train.py[line:39] - INFO:  params: 0.5928446182250184 0.8442657485810175 0.857945617622757 1.6945034775682513 0.6235636967859725 0.7687634145853999 0.29753460654447234 0.11342595463488639 0.27265629458011326 0.47766511732135
2024/03/20 13:04:27 - train.py[line:40] - INFO:  Score list: [181038]
2024/03/20 13:04:27 - train.py[line:41] - INFO:  Total score: 181038
2024/03/20 13:04:27 - train.py[line:42] - INFO:  Average score: 181038.0
2024/03/20 13:04:27 - train.py[line:47] - INFO:  After call 1: Best score: 181038.0
2024/03/20 13:04:27 - train.py[line:48] - INFO:  With parameters: [0.5928446182250184, 0.8442657485810175, 0.857945617622757, 1.6945034775682513, 0.6235636967859725, 0.7687634145853999, 0.29753460654447234, 0.11342595463488639, 0.27265629458011326, 0.47766511732135]
2024/03/20 13:04:27 - train.py[line:49] - INFO:  ====================================

2024/03/20 13:04:58 - train.py[line:39] - INFO:  params: 0.8121687287754934 0.47997717237505744 0.39278479610082984 1.6721575270747555 0.33739616041726844 1.2963437441023946 0.368241539840548 1.9143103179060932 0.14035078041264518 0.8700872583584366
2024/03/20 13:04:58 - train.py[line:40] - INFO:  Score list: [206610]
2024/03/20 13:04:58 - train.py[line:41] - INFO:  Total score: 206610
2024/03/20 13:04:58 - train.py[line:42] - INFO:  Average score: 206610.0
2024/03/20 13:04:58 - train.py[line:47] - INFO:  After call 2: Best score: 206610.0
2024/03/20 13:04:58 - train.py[line:48] - INFO:  With parameters: [0.8121687287754934, 0.47997717237505744, 0.39278479610082984, 1.6721575270747555, 0.33739616041726844, 1.2963437441023946, 0.368241539840548, 1.9143103179060932, 0.14035078041264518, 0.8700872583584366]
2024/03/20 13:04:58 - train.py[line:49] - INFO:  ====================================

2024/03/20 13:05:28 - train.py[line:39] - INFO:  params: 0.4736080452737106 0.8009107519796445 0.5204774795512049 1.3577590602379208 0.7206326547259169 1.1640395841502145 0.5373732294490108 1.5172312486447148 0.10590760718779216 0.47360041934665753
2024/03/20 13:05:28 - train.py[line:40] - INFO:  Score list: [232365]
2024/03/20 13:05:28 - train.py[line:41] - INFO:  Total score: 232365
2024/03/20 13:05:28 - train.py[line:42] - INFO:  Average score: 232365.0
2024/03/20 13:05:28 - train.py[line:47] - INFO:  After call 3: Best score: 232365.0
2024/03/20 13:05:28 - train.py[line:48] - INFO:  With parameters: [0.4736080452737106, 0.8009107519796445, 0.5204774795512049, 1.3577590602379208, 0.7206326547259169, 1.1640395841502145, 0.5373732294490108, 1.5172312486447148, 0.10590760718779216, 0.47360041934665753]
2024/03/20 13:05:28 - train.py[line:49] - INFO:  ====================================

2024/03/20 13:06:00 - train.py[line:39] - INFO:  params: 0.18633234332676 0.7369181771289582 0.21655035442437193 0.27043634681090417 0.32414100779321414 0.2993497343673664 0.2223213882515877 0.7729779622517241 0.9025984755294049 0.4499499899112277
2024/03/20 13:06:00 - train.py[line:40] - INFO:  Score list: [193558]
2024/03/20 13:06:00 - train.py[line:41] - INFO:  Total score: 193558
2024/03/20 13:06:00 - train.py[line:42] - INFO:  Average score: 193558.0
2024/03/20 13:06:00 - train.py[line:47] - INFO:  After call 4: Best score: 232365.0
2024/03/20 13:06:00 - train.py[line:48] - INFO:  With parameters: [0.4736080452737106, 0.8009107519796445, 0.5204774795512049, 1.3577590602379208, 0.7206326547259169, 1.1640395841502145, 0.5373732294490108, 1.5172312486447148, 0.10590760718779216, 0.47360041934665753]
2024/03/20 13:06:00 - train.py[line:49] - INFO:  ====================================

2024/03/20 13:06:31 - train.py[line:39] - INFO:  params: 0.6130634578841325 0.9023485831739845 0.0992803503589739 1.939618135493498 0.6531400357979378 0.34181917027209036 0.35815216696952507 1.501372282436913 0.6078306687154679 0.32504722900835253
2024/03/20 13:06:31 - train.py[line:40] - INFO:  Score list: [200945]
2024/03/20 13:06:31 - train.py[line:41] - INFO:  Total score: 200945
2024/03/20 13:06:31 - train.py[line:42] - INFO:  Average score: 200945.0
2024/03/20 13:06:31 - train.py[line:47] - INFO:  After call 5: Best score: 232365.0
2024/03/20 13:06:31 - train.py[line:48] - INFO:  With parameters: [0.4736080452737106, 0.8009107519796445, 0.5204774795512049, 1.3577590602379208, 0.7206326547259169, 1.1640395841502145, 0.5373732294490108, 1.5172312486447148, 0.10590760718779216, 0.47360041934665753]
2024/03/20 13:06:31 - train.py[line:49] - INFO:  ====================================

2024/03/20 13:07:08 - train.py[line:39] - INFO:  params: 0.03842542647273473 0.6342740579573352 0.9589492686245206 1.305580634010982 0.635058873603564 1.9905991353557757 0.5818503294385344 0.8287371764527378 0.474697502288413 0.6235101011318683
2024/03/20 13:07:08 - train.py[line:40] - INFO:  Score list: [197253]
2024/03/20 13:07:08 - train.py[line:41] - INFO:  Total score: 197253
2024/03/20 13:07:08 - train.py[line:42] - INFO:  Average score: 197253.0
2024/03/20 13:07:08 - train.py[line:47] - INFO:  After call 6: Best score: 232365.0
2024/03/20 13:07:08 - train.py[line:48] - INFO:  With parameters: [0.4736080452737106, 0.8009107519796445, 0.5204774795512049, 1.3577590602379208, 0.7206326547259169, 1.1640395841502145, 0.5373732294490108, 1.5172312486447148, 0.10590760718779216, 0.47360041934665753]
2024/03/20 13:07:08 - train.py[line:49] - INFO:  ====================================

2024/03/20 13:07:42 - train.py[line:39] - INFO:  params: 0.3380076148388918 0.6747523222590208 0.31720174206929613 1.5566909640518185 0.9495710534507423 1.3250537339000887 0.013571635612109837 1.2456921910933392 0.6736596308357895 0.971945002499666
2024/03/20 13:07:42 - train.py[line:40] - INFO:  Score list: [151527]
2024/03/20 13:07:42 - train.py[line:41] - INFO:  Total score: 151527
2024/03/20 13:07:42 - train.py[line:42] - INFO:  Average score: 151527.0
2024/03/20 13:07:42 - train.py[line:47] - INFO:  After call 7: Best score: 232365.0
2024/03/20 13:07:42 - train.py[line:48] - INFO:  With parameters: [0.4736080452737106, 0.8009107519796445, 0.5204774795512049, 1.3577590602379208, 0.7206326547259169, 1.1640395841502145, 0.5373732294490108, 1.5172312486447148, 0.10590760718779216, 0.47360041934665753]
2024/03/20 13:07:42 - train.py[line:49] - INFO:  ====================================

2024/03/20 13:08:13 - train.py[line:39] - INFO:  params: 0.8781934713471772 0.5096243767199002 0.055714693701606324 0.9023184290418564 0.01998766540875874 0.883421842497691 0.9795867288127287 0.7188889279386431 0.48089353083616293 0.6886611828057705
2024/03/20 13:08:13 - train.py[line:40] - INFO:  Score list: [206870]
2024/03/20 13:08:13 - train.py[line:41] - INFO:  Total score: 206870
2024/03/20 13:08:13 - train.py[line:42] - INFO:  Average score: 206870.0
2024/03/20 13:08:13 - train.py[line:47] - INFO:  After call 8: Best score: 232365.0
2024/03/20 13:08:13 - train.py[line:48] - INFO:  With parameters: [0.4736080452737106, 0.8009107519796445, 0.5204774795512049, 1.3577590602379208, 0.7206326547259169, 1.1640395841502145, 0.5373732294490108, 1.5172312486447148, 0.10590760718779216, 0.47360041934665753]
2024/03/20 13:08:13 - train.py[line:49] - INFO:  ====================================

2024/03/20 13:08:44 - train.py[line:39] - INFO:  params: 0.8804758892525957 0.9182354663621449 0.21682213762754293 1.1303777332097509 0.8651025613053852 1.0179379213340292 0.916722954019461 1.8423152204744 0.0831124926306024 0.2777185612810325
2024/03/20 13:08:44 - train.py[line:40] - INFO:  Score list: [230312]
2024/03/20 13:08:44 - train.py[line:41] - INFO:  Total score: 230312
2024/03/20 13:08:44 - train.py[line:42] - INFO:  Average score: 230312.0
2024/03/20 13:08:44 - train.py[line:47] - INFO:  After call 9: Best score: 232365.0
2024/03/20 13:08:44 - train.py[line:48] - INFO:  With parameters: [0.4736080452737106, 0.8009107519796445, 0.5204774795512049, 1.3577590602379208, 0.7206326547259169, 1.1640395841502145, 0.5373732294490108, 1.5172312486447148, 0.10590760718779216, 0.47360041934665753]
2024/03/20 13:08:44 - train.py[line:49] - INFO:  ====================================

2024/03/20 13:09:15 - train.py[line:39] - INFO:  params: 0.009356704856532618 0.8423420796677312 0.6471741401875556 1.6827722383947092 0.2647301642834497 0.7956415055172583 0.5528214798875716 0.3298809204837683 0.3698080927483401 0.14644176272911227
2024/03/20 13:09:15 - train.py[line:40] - INFO:  Score list: [232111]
2024/03/20 13:09:15 - train.py[line:41] - INFO:  Total score: 232111
2024/03/20 13:09:15 - train.py[line:42] - INFO:  Average score: 232111.0
2024/03/20 13:09:16 - train.py[line:47] - INFO:  After call 10: Best score: 232365.0
2024/03/20 13:09:16 - train.py[line:48] - INFO:  With parameters: [0.4736080452737106, 0.8009107519796445, 0.5204774795512049, 1.3577590602379208, 0.7206326547259169, 1.1640395841502145, 0.5373732294490108, 1.5172312486447148, 0.10590760718779216, 0.47360041934665753]
2024/03/20 13:09:16 - train.py[line:49] - INFO:  ====================================

2024/03/20 13:09:46 - train.py[line:39] - INFO:  params: 0.07364664239652187 0.8299264470753326 0.30792262052093017 0.453341114424585 0.9899626758654546 1.8637885951603255 0.8709562889228991 1.7658218099958756 0.04013612479213014 0.8948061509748377
2024/03/20 13:09:46 - train.py[line:40] - INFO:  Score list: [228434]
2024/03/20 13:09:46 - train.py[line:41] - INFO:  Total score: 228434
2024/03/20 13:09:46 - train.py[line:42] - INFO:  Average score: 228434.0
2024/03/20 13:09:46 - train.py[line:47] - INFO:  After call 11: Best score: 232365.0
2024/03/20 13:09:46 - train.py[line:48] - INFO:  With parameters: [0.4736080452737106, 0.8009107519796445, 0.5204774795512049, 1.3577590602379208, 0.7206326547259169, 1.1640395841502145, 0.5373732294490108, 1.5172312486447148, 0.10590760718779216, 0.47360041934665753]
2024/03/20 13:09:46 - train.py[line:49] - INFO:  ====================================

2024/03/20 13:10:18 - train.py[line:39] - INFO:  params: 0.06538583599173821 0.9422175489447316 0.9161726952326312 1.1943628726664148 0.8304622387511886 1.8034166119467647 0.4939144422287556 1.7704179571401886 0.13848708210787034 0.5894680880317528
2024/03/20 13:10:18 - train.py[line:40] - INFO:  Score list: [230553]
2024/03/20 13:10:18 - train.py[line:41] - INFO:  Total score: 230553
2024/03/20 13:10:18 - train.py[line:42] - INFO:  Average score: 230553.0
2024/03/20 13:10:18 - train.py[line:47] - INFO:  After call 12: Best score: 232365.0
2024/03/20 13:10:18 - train.py[line:48] - INFO:  With parameters: [0.4736080452737106, 0.8009107519796445, 0.5204774795512049, 1.3577590602379208, 0.7206326547259169, 1.1640395841502145, 0.5373732294490108, 1.5172312486447148, 0.10590760718779216, 0.47360041934665753]
2024/03/20 13:10:18 - train.py[line:49] - INFO:  ====================================

2024/03/20 13:10:49 - train.py[line:39] - INFO:  params: 0.010589223985084885 0.8955701129326747 0.06698533373792394 0.0426857510748453 0.958046492754853 1.7525071050982832 0.0789561135753928 1.8563575559327825 0.044260449653965035 0.517205772677533
2024/03/20 13:10:49 - train.py[line:40] - INFO:  Score list: [184547]
2024/03/20 13:10:49 - train.py[line:41] - INFO:  Total score: 184547
2024/03/20 13:10:49 - train.py[line:42] - INFO:  Average score: 184547.0
2024/03/20 13:10:49 - train.py[line:47] - INFO:  After call 13: Best score: 232365.0
2024/03/20 13:10:49 - train.py[line:48] - INFO:  With parameters: [0.4736080452737106, 0.8009107519796445, 0.5204774795512049, 1.3577590602379208, 0.7206326547259169, 1.1640395841502145, 0.5373732294490108, 1.5172312486447148, 0.10590760718779216, 0.47360041934665753]
2024/03/20 13:10:49 - train.py[line:49] - INFO:  ====================================

2024/03/20 13:11:18 - train.py[line:39] - INFO:  params: 0.49378094719810794 0.9410714627562977 0.8151102824410176 1.5247687144698852 0.9806797796960679 1.16075441533714 0.5095165658020266 1.3720251330974012 0.05117831258229001 0.36686787438237706
2024/03/20 13:11:18 - train.py[line:40] - INFO:  Score list: [239880]
2024/03/20 13:11:18 - train.py[line:41] - INFO:  Total score: 239880
2024/03/20 13:11:18 - train.py[line:42] - INFO:  Average score: 239880.0
2024/03/20 13:11:19 - train.py[line:47] - INFO:  After call 14: Best score: 239880.0
2024/03/20 13:11:19 - train.py[line:48] - INFO:  With parameters: [0.49378094719810794, 0.9410714627562977, 0.8151102824410176, 1.5247687144698852, 0.9806797796960679, 1.16075441533714, 0.5095165658020266, 1.3720251330974012, 0.05117831258229001, 0.36686787438237706]
2024/03/20 13:11:19 - train.py[line:49] - INFO:  ====================================

2024/03/20 13:11:47 - train.py[line:39] - INFO:  params: 0.3618836939401127 0.472763008153283 0.8617511304063586 0.7578459088543499 0.8047337806007681 0.13538943896056724 0.6508369938703071 1.3700120628342944 0.0776321153423183 0.8932457395809645
2024/03/20 13:11:47 - train.py[line:40] - INFO:  Score list: [219384]
2024/03/20 13:11:47 - train.py[line:41] - INFO:  Total score: 219384
2024/03/20 13:11:47 - train.py[line:42] - INFO:  Average score: 219384.0
2024/03/20 13:11:47 - train.py[line:47] - INFO:  After call 15: Best score: 239880.0
2024/03/20 13:11:47 - train.py[line:48] - INFO:  With parameters: [0.49378094719810794, 0.9410714627562977, 0.8151102824410176, 1.5247687144698852, 0.9806797796960679, 1.16075441533714, 0.5095165658020266, 1.3720251330974012, 0.05117831258229001, 0.36686787438237706]
2024/03/20 13:11:47 - train.py[line:49] - INFO:  ====================================

2024/03/20 13:12:18 - train.py[line:39] - INFO:  params: 0.11292969278176881 0.9699066096706436 0.4655271482233613 0.9231820755074982 0.9669719111936087 1.3315347690431982 0.4344547357947466 0.9027976048676591 0.07128740485991893 0.1106781286174984
2024/03/20 13:12:18 - train.py[line:40] - INFO:  Score list: [239793]
2024/03/20 13:12:18 - train.py[line:41] - INFO:  Total score: 239793
2024/03/20 13:12:18 - train.py[line:42] - INFO:  Average score: 239793.0
2024/03/20 13:12:19 - train.py[line:47] - INFO:  After call 16: Best score: 239880.0
2024/03/20 13:12:19 - train.py[line:48] - INFO:  With parameters: [0.49378094719810794, 0.9410714627562977, 0.8151102824410176, 1.5247687144698852, 0.9806797796960679, 1.16075441533714, 0.5095165658020266, 1.3720251330974012, 0.05117831258229001, 0.36686787438237706]
2024/03/20 13:12:19 - train.py[line:49] - INFO:  ====================================

2024/03/20 13:12:47 - train.py[line:39] - INFO:  params: 0.5306305979987551 0.9371939348146198 0.5093908110355168 0.8075390613755353 0.8786396192357354 1.2276252486382808 0.1823191000955379 0.0611394563123462 0.06597956167195941 0.19191617907820285
2024/03/20 13:12:47 - train.py[line:40] - INFO:  Score list: [228966]
2024/03/20 13:12:47 - train.py[line:41] - INFO:  Total score: 228966
2024/03/20 13:12:47 - train.py[line:42] - INFO:  Average score: 228966.0
2024/03/20 13:12:48 - train.py[line:47] - INFO:  After call 17: Best score: 239880.0
2024/03/20 13:12:48 - train.py[line:48] - INFO:  With parameters: [0.49378094719810794, 0.9410714627562977, 0.8151102824410176, 1.5247687144698852, 0.9806797796960679, 1.16075441533714, 0.5095165658020266, 1.3720251330974012, 0.05117831258229001, 0.36686787438237706]
2024/03/20 13:12:48 - train.py[line:49] - INFO:  ====================================

2024/03/20 13:13:19 - train.py[line:39] - INFO:  params: 0.08172075576672612 0.9395753734779702 0.9479244570892129 1.095904025182295 0.28172197315472974 0.08763455008079403 0.0710915107732464 0.8068011427883981 0.000569553259822997 0.03803711506055563
2024/03/20 13:13:19 - train.py[line:40] - INFO:  Score list: [238964]
2024/03/20 13:13:19 - train.py[line:41] - INFO:  Total score: 238964
2024/03/20 13:13:19 - train.py[line:42] - INFO:  Average score: 238964.0
2024/03/20 13:13:19 - train.py[line:47] - INFO:  After call 18: Best score: 239880.0
2024/03/20 13:13:19 - train.py[line:48] - INFO:  With parameters: [0.49378094719810794, 0.9410714627562977, 0.8151102824410176, 1.5247687144698852, 0.9806797796960679, 1.16075441533714, 0.5095165658020266, 1.3720251330974012, 0.05117831258229001, 0.36686787438237706]
2024/03/20 13:13:19 - train.py[line:49] - INFO:  ====================================

2024/03/20 13:13:48 - train.py[line:39] - INFO:  params: 0.09010731105191962 0.9910937896698857 0.6974568906255996 0.9034306643780305 0.9864738295579351 1.0262488611258678 0.039710705350585414 1.4406636618415634 0.07951244475328469 0.39924306956059097
2024/03/20 13:13:48 - train.py[line:40] - INFO:  Score list: [224075]
2024/03/20 13:13:48 - train.py[line:41] - INFO:  Total score: 224075
2024/03/20 13:13:48 - train.py[line:42] - INFO:  Average score: 224075.0
2024/03/20 13:13:49 - train.py[line:47] - INFO:  After call 19: Best score: 239880.0
2024/03/20 13:13:49 - train.py[line:48] - INFO:  With parameters: [0.49378094719810794, 0.9410714627562977, 0.8151102824410176, 1.5247687144698852, 0.9806797796960679, 1.16075441533714, 0.5095165658020266, 1.3720251330974012, 0.05117831258229001, 0.36686787438237706]
2024/03/20 13:13:49 - train.py[line:49] - INFO:  ====================================

2024/03/20 13:14:19 - train.py[line:39] - INFO:  params: 0.21571747407632463 0.995546436065278 0.9518670042669751 1.3488153822269728 0.9177976510341483 0.08134369405768839 0.31412945921497987 0.571540014101862 0.19632105315679177 0.11565936109127864
2024/03/20 13:14:19 - train.py[line:40] - INFO:  Score list: [238513]
2024/03/20 13:14:19 - train.py[line:41] - INFO:  Total score: 238513
2024/03/20 13:14:19 - train.py[line:42] - INFO:  Average score: 238513.0
2024/03/20 13:14:19 - train.py[line:47] - INFO:  After call 20: Best score: 239880.0
2024/03/20 13:14:19 - train.py[line:48] - INFO:  With parameters: [0.49378094719810794, 0.9410714627562977, 0.8151102824410176, 1.5247687144698852, 0.9806797796960679, 1.16075441533714, 0.5095165658020266, 1.3720251330974012, 0.05117831258229001, 0.36686787438237706]
2024/03/20 13:14:19 - train.py[line:49] - INFO:  ====================================

2024/03/20 13:14:49 - train.py[line:39] - INFO:  params: 0.14607268190047953 0.9812685940936157 0.7347941601199514 1.501382194639249 0.6140368835903406 1.775850749107881 0.24355691880777758 0.5550928069692588 0.28990507163318274 0.035622198341591645
2024/03/20 13:14:49 - train.py[line:40] - INFO:  Score list: [239844]
2024/03/20 13:14:49 - train.py[line:41] - INFO:  Total score: 239844
2024/03/20 13:14:49 - train.py[line:42] - INFO:  Average score: 239844.0
2024/03/20 13:14:49 - train.py[line:47] - INFO:  After call 21: Best score: 239880.0
2024/03/20 13:14:49 - train.py[line:48] - INFO:  With parameters: [0.49378094719810794, 0.9410714627562977, 0.8151102824410176, 1.5247687144698852, 0.9806797796960679, 1.16075441533714, 0.5095165658020266, 1.3720251330974012, 0.05117831258229001, 0.36686787438237706]
2024/03/20 13:14:49 - train.py[line:49] - INFO:  ====================================

2024/03/20 13:15:20 - train.py[line:39] - INFO:  params: 0.34012242924103536 0.9736710256574607 0.8558493518137607 1.3800799971623636 0.4082534860774818 1.0386179508223827 0.17092034388829616 0.7853145336039267 0.4476561995058389 0.09991329442882715
2024/03/20 13:15:20 - train.py[line:40] - INFO:  Score list: [221246]
2024/03/20 13:15:20 - train.py[line:41] - INFO:  Total score: 221246
2024/03/20 13:15:20 - train.py[line:42] - INFO:  Average score: 221246.0
2024/03/20 13:15:20 - train.py[line:47] - INFO:  After call 22: Best score: 239880.0
2024/03/20 13:15:20 - train.py[line:48] - INFO:  With parameters: [0.49378094719810794, 0.9410714627562977, 0.8151102824410176, 1.5247687144698852, 0.9806797796960679, 1.16075441533714, 0.5095165658020266, 1.3720251330974012, 0.05117831258229001, 0.36686787438237706]
2024/03/20 13:15:20 - train.py[line:49] - INFO:  ====================================

2024/03/20 13:15:49 - train.py[line:39] - INFO:  params: 0.12678382571842275 0.9632806472009686 0.1698820453027571 1.8855860340600976 0.5710507449584155 0.7411315128564594 0.11703455073288085 0.7581515654687665 0.10416113746393732 0.07722834331211327
2024/03/20 13:15:49 - train.py[line:40] - INFO:  Score list: [239274]
2024/03/20 13:15:49 - train.py[line:41] - INFO:  Total score: 239274
2024/03/20 13:15:49 - train.py[line:42] - INFO:  Average score: 239274.0
2024/03/20 13:15:49 - train.py[line:47] - INFO:  After call 23: Best score: 239880.0
2024/03/20 13:15:49 - train.py[line:48] - INFO:  With parameters: [0.49378094719810794, 0.9410714627562977, 0.8151102824410176, 1.5247687144698852, 0.9806797796960679, 1.16075441533714, 0.5095165658020266, 1.3720251330974012, 0.05117831258229001, 0.36686787438237706]
2024/03/20 13:15:49 - train.py[line:49] - INFO:  ====================================

2024/03/20 13:16:20 - train.py[line:39] - INFO:  params: 0.008544545332470623 0.8954446760545612 0.22032234968704695 0.9684807629844092 0.7148248132658513 0.5682901354295361 0.2903952471399765 1.0820572888393056 0.09879220905623923 0.07081400514310644
2024/03/20 13:16:20 - train.py[line:40] - INFO:  Score list: [240000]
2024/03/20 13:16:20 - train.py[line:41] - INFO:  Total score: 240000
2024/03/20 13:16:20 - train.py[line:42] - INFO:  Average score: 240000.0
2024/03/20 13:16:20 - train.py[line:47] - INFO:  After call 24: Best score: 240000.0
2024/03/20 13:16:20 - train.py[line:48] - INFO:  With parameters: [0.008544545332470623, 0.8954446760545612, 0.22032234968704695, 0.9684807629844092, 0.7148248132658513, 0.5682901354295361, 0.2903952471399765, 1.0820572888393056, 0.09879220905623923, 0.07081400514310644]
2024/03/20 13:16:20 - train.py[line:49] - INFO:  ====================================

2024/03/20 13:16:48 - train.py[line:39] - INFO:  params: 0.1335326585345801 0.6877992638904277 0.33400277686708507 1.9666017172887185 0.8514690011548791 1.5957100041331092 0.28383040268713794 0.6931560185120559 0.16402918267053881 0.028654445011128467
2024/03/20 13:16:48 - train.py[line:40] - INFO:  Score list: [240299]
2024/03/20 13:16:48 - train.py[line:41] - INFO:  Total score: 240299
2024/03/20 13:16:48 - train.py[line:42] - INFO:  Average score: 240299.0
2024/03/20 13:16:48 - train.py[line:47] - INFO:  After call 25: Best score: 240299.0
2024/03/20 13:16:48 - train.py[line:48] - INFO:  With parameters: [0.1335326585345801, 0.6877992638904277, 0.33400277686708507, 1.9666017172887185, 0.8514690011548791, 1.5957100041331092, 0.28383040268713794, 0.6931560185120559, 0.16402918267053881, 0.028654445011128467]
2024/03/20 13:16:48 - train.py[line:49] - INFO:  ====================================

2024/03/20 13:17:17 - train.py[line:39] - INFO:  params: 0.17292100095172538 0.7311650352809766 0.3067367894242064 1.1633706355917035 0.6021630383818374 1.9535766820761598 0.07840500821329856 1.172915696718965 0.3290747102652331 0.021487413147827098
2024/03/20 13:17:17 - train.py[line:40] - INFO:  Score list: [235406]
2024/03/20 13:17:17 - train.py[line:41] - INFO:  Total score: 235406
2024/03/20 13:17:17 - train.py[line:42] - INFO:  Average score: 235406.0
2024/03/20 13:17:17 - train.py[line:47] - INFO:  After call 26: Best score: 240299.0
2024/03/20 13:17:17 - train.py[line:48] - INFO:  With parameters: [0.1335326585345801, 0.6877992638904277, 0.33400277686708507, 1.9666017172887185, 0.8514690011548791, 1.5957100041331092, 0.28383040268713794, 0.6931560185120559, 0.16402918267053881, 0.028654445011128467]
2024/03/20 13:17:17 - train.py[line:49] - INFO:  ====================================

2024/03/20 13:17:48 - train.py[line:39] - INFO:  params: 0.0145186081790214 0.6547591217847287 0.08215564459724779 1.016991313884241 0.7204949349267861 0.737836501684824 0.03822385599131473 0.2416322574872008 0.3723413492686041 0.00809223767786227
2024/03/20 13:17:48 - train.py[line:40] - INFO:  Score list: [233658]
2024/03/20 13:17:48 - train.py[line:41] - INFO:  Total score: 233658
2024/03/20 13:17:48 - train.py[line:42] - INFO:  Average score: 233658.0
2024/03/20 13:17:48 - train.py[line:47] - INFO:  After call 27: Best score: 240299.0
2024/03/20 13:17:48 - train.py[line:48] - INFO:  With parameters: [0.1335326585345801, 0.6877992638904277, 0.33400277686708507, 1.9666017172887185, 0.8514690011548791, 1.5957100041331092, 0.28383040268713794, 0.6931560185120559, 0.16402918267053881, 0.028654445011128467]
2024/03/20 13:17:48 - train.py[line:49] - INFO:  ====================================

2024/03/20 13:18:18 - train.py[line:39] - INFO:  params: 0.04490741706376889 0.9611179942246872 0.5332698923103517 1.135313998694807 0.7281266491006557 0.40963812834816504 0.33470555438414146 0.13676579694957128 0.6126874143260849 0.03837835928892908
2024/03/20 13:18:18 - train.py[line:40] - INFO:  Score list: [239261]
2024/03/20 13:18:18 - train.py[line:41] - INFO:  Total score: 239261
2024/03/20 13:18:18 - train.py[line:42] - INFO:  Average score: 239261.0
2024/03/20 13:18:18 - train.py[line:47] - INFO:  After call 28: Best score: 240299.0
2024/03/20 13:18:18 - train.py[line:48] - INFO:  With parameters: [0.1335326585345801, 0.6877992638904277, 0.33400277686708507, 1.9666017172887185, 0.8514690011548791, 1.5957100041331092, 0.28383040268713794, 0.6931560185120559, 0.16402918267053881, 0.028654445011128467]
2024/03/20 13:18:18 - train.py[line:49] - INFO:  ====================================

