2024/03/18 20:31:47 - log_util.py[line:41] - INFO:  Log file path: /mnt/c/Users/consonnm/Desktop/CodeCraft/log/train_2024-03-18_20-31-47.log
2024/03/18 20:33:09 - train.py[line:56] - INFO:  params: 0.5928446182250184 0.8442657485810175 0.857945617622757 0.8472517387841256 0.6235636967859725 0.38438170729269994 0.29753460654447234 0.056712977317443194 0.27265629458011326 0.47766511732135
2024/03/18 20:33:09 - train.py[line:57] - INFO:  Score list: [138396, 187078, 188501, 139937, 189724, 200775]
2024/03/18 20:33:09 - train.py[line:58] - INFO:  Total score: 1044411
2024/03/18 20:33:09 - train.py[line:59] - INFO:  Average score: 174068.5
2024/03/18 20:33:09 - train.py[line:64] - INFO:  After call 1: Best score: 174068.5
2024/03/18 20:33:09 - train.py[line:65] - INFO:  With parameters: [0.5928446182250184, 0.8442657485810175, 0.857945617622757, 0.8472517387841256, 0.6235636967859725, 0.38438170729269994, 0.29753460654447234, 0.056712977317443194, 0.27265629458011326, 0.47766511732135]
2024/03/18 20:33:09 - train.py[line:66] - INFO:  ====================================

2024/03/18 20:34:40 - train.py[line:56] - INFO:  params: 0.8121687287754934 0.47997717237505744 0.39278479610082984 0.8360787635373778 0.33739616041726844 0.6481718720511973 0.368241539840548 0.9571551589530466 0.14035078041264518 0.8700872583584366
2024/03/18 20:34:40 - train.py[line:57] - INFO:  Score list: [176546, 200825, 188488, 140215, 202030, 201870]
2024/03/18 20:34:40 - train.py[line:58] - INFO:  Total score: 1109974
2024/03/18 20:34:40 - train.py[line:59] - INFO:  Average score: 184995.66666666666
2024/03/18 20:34:40 - train.py[line:64] - INFO:  After call 2: Best score: 184995.66666666666
2024/03/18 20:34:40 - train.py[line:65] - INFO:  With parameters: [0.8121687287754934, 0.47997717237505744, 0.39278479610082984, 0.8360787635373778, 0.33739616041726844, 0.6481718720511973, 0.368241539840548, 0.9571551589530466, 0.14035078041264518, 0.8700872583584366]
2024/03/18 20:34:40 - train.py[line:66] - INFO:  ====================================

2024/03/18 20:36:02 - train.py[line:56] - INFO:  params: 0.4736080452737106 0.8009107519796445 0.5204774795512049 0.6788795301189604 0.7206326547259169 0.5820197920751072 0.5373732294490108 0.7586156243223574 0.10590760718779216 0.47360041934665753
2024/03/18 20:36:02 - train.py[line:57] - INFO:  Score list: [164212, 187832, 175912, 139404, 189441, 200398]
2024/03/18 20:36:02 - train.py[line:58] - INFO:  Total score: 1057199
2024/03/18 20:36:02 - train.py[line:59] - INFO:  Average score: 176199.83333333334
2024/03/18 20:36:02 - train.py[line:64] - INFO:  After call 3: Best score: 184995.66666666666
2024/03/18 20:36:02 - train.py[line:65] - INFO:  With parameters: [0.8121687287754934, 0.47997717237505744, 0.39278479610082984, 0.8360787635373778, 0.33739616041726844, 0.6481718720511973, 0.368241539840548, 0.9571551589530466, 0.14035078041264518, 0.8700872583584366]
2024/03/18 20:36:02 - train.py[line:66] - INFO:  ====================================

2024/03/18 20:37:37 - train.py[line:56] - INFO:  params: 0.18633234332676 0.7369181771289582 0.21655035442437193 0.13521817340545209 0.32414100779321414 0.1496748671836832 0.2223213882515877 0.38648898112586205 0.9025984755294049 0.4499499899112277
2024/03/18 20:37:37 - train.py[line:57] - INFO:  Score list: [175674, 149451, 137877, 112329, 163624, 176941]
2024/03/18 20:37:37 - train.py[line:58] - INFO:  Total score: 915896
2024/03/18 20:37:37 - train.py[line:59] - INFO:  Average score: 152649.33333333334
2024/03/18 20:37:37 - train.py[line:64] - INFO:  After call 4: Best score: 184995.66666666666
2024/03/18 20:37:37 - train.py[line:65] - INFO:  With parameters: [0.8121687287754934, 0.47997717237505744, 0.39278479610082984, 0.8360787635373778, 0.33739616041726844, 0.6481718720511973, 0.368241539840548, 0.9571551589530466, 0.14035078041264518, 0.8700872583584366]
2024/03/18 20:37:37 - train.py[line:66] - INFO:  ====================================

2024/03/18 20:39:02 - train.py[line:56] - INFO:  params: 0.6130634578841325 0.9023485831739845 0.0992803503589739 0.969809067746749 0.6531400357979378 0.17090958513604518 0.35815216696952507 0.7506861412184564 0.6078306687154679 0.32504722900835253
2024/03/18 20:39:02 - train.py[line:57] - INFO:  Score list: [201088, 173370, 161984, 140085, 214751, 213145]
2024/03/18 20:39:02 - train.py[line:58] - INFO:  Total score: 1104423
2024/03/18 20:39:02 - train.py[line:59] - INFO:  Average score: 184070.5
2024/03/18 20:39:02 - train.py[line:64] - INFO:  After call 5: Best score: 184995.66666666666
2024/03/18 20:39:02 - train.py[line:65] - INFO:  With parameters: [0.8121687287754934, 0.47997717237505744, 0.39278479610082984, 0.8360787635373778, 0.33739616041726844, 0.6481718720511973, 0.368241539840548, 0.9571551589530466, 0.14035078041264518, 0.8700872583584366]
2024/03/18 20:39:02 - train.py[line:66] - INFO:  ====================================

2024/03/18 20:40:25 - train.py[line:56] - INFO:  params: 0.03842542647273473 0.6342740579573352 0.9589492686245206 0.652790317005491 0.635058873603564 0.9952995676778879 0.5818503294385344 0.4143685882263689 0.474697502288413 0.6235101011318683
2024/03/18 20:40:25 - train.py[line:57] - INFO:  Score list: [199216, 173253, 184927, 137344, 186776, 222214]
2024/03/18 20:40:25 - train.py[line:58] - INFO:  Total score: 1103730
2024/03/18 20:40:25 - train.py[line:59] - INFO:  Average score: 183955.0
2024/03/18 20:40:25 - train.py[line:64] - INFO:  After call 6: Best score: 184995.66666666666
2024/03/18 20:40:25 - train.py[line:65] - INFO:  With parameters: [0.8121687287754934, 0.47997717237505744, 0.39278479610082984, 0.8360787635373778, 0.33739616041726844, 0.6481718720511973, 0.368241539840548, 0.9571551589530466, 0.14035078041264518, 0.8700872583584366]
2024/03/18 20:40:25 - train.py[line:66] - INFO:  ====================================

