2024/03/19 22:03:14 - log_util.py[line:41] - INFO:  Log file path: /mnt/c/Users/consonnm/Desktop/CodeCraft/log/train_2024-03-19_22-03-14.log
2024/03/19 22:03:51 - train.py[line:39] - INFO:  params: 0.5928446182250184 0.8442657485810175 0.857945617622757 0.8472517387841256 0.6235636967859725 0.38438170729269994 0.29753460654447234 0.11342595463488639 0.5453125891602265 0.47766511732135 0.8121687287754934
2024/03/19 22:03:51 - train.py[line:40] - INFO:  Score list: [188481]
2024/03/19 22:03:51 - train.py[line:41] - INFO:  Total score: 188481
2024/03/19 22:03:51 - train.py[line:42] - INFO:  Average score: 188481.0
2024/03/19 22:03:51 - train.py[line:47] - INFO:  After call 1: Best score: 188481.0
2024/03/19 22:03:51 - train.py[line:48] - INFO:  With parameters: [0.5928446182250184, 0.8442657485810175, 0.857945617622757, 0.8472517387841256, 0.6235636967859725, 0.38438170729269994, 0.29753460654447234, 0.11342595463488639, 0.5453125891602265, 0.47766511732135, 0.8121687287754934]
2024/03/19 22:03:51 - train.py[line:49] - INFO:  ====================================

2024/03/19 22:04:28 - train.py[line:39] - INFO:  params: 0.47997717237505744 0.39278479610082984 0.8360787635373778 0.33739616041726844 0.6481718720511973 0.368241539840548 0.9571551589530466 0.28070156082529035 1.7401745167168732 0.4736080452737106 0.8009107519796445
2024/03/19 22:04:28 - train.py[line:40] - INFO:  Score list: [199004]
2024/03/19 22:04:28 - train.py[line:41] - INFO:  Total score: 199004
2024/03/19 22:04:28 - train.py[line:42] - INFO:  Average score: 199004.0
2024/03/19 22:04:28 - train.py[line:47] - INFO:  After call 2: Best score: 199004.0
2024/03/19 22:04:28 - train.py[line:48] - INFO:  With parameters: [0.47997717237505744, 0.39278479610082984, 0.8360787635373778, 0.33739616041726844, 0.6481718720511973, 0.368241539840548, 0.9571551589530466, 0.28070156082529035, 1.7401745167168732, 0.4736080452737106, 0.8009107519796445]
2024/03/19 22:04:28 - train.py[line:49] - INFO:  ====================================

2024/03/19 22:05:04 - train.py[line:39] - INFO:  params: 0.5204774795512049 0.6788795301189604 0.7206326547259169 0.5820197920751072 0.5373732294490108 0.7586156243223574 0.10590760718779216 0.9472008386933151 0.37266468665352 0.7369181771289582 0.21655035442437193
2024/03/19 22:05:04 - train.py[line:40] - INFO:  Score list: [188330]
2024/03/19 22:05:04 - train.py[line:41] - INFO:  Total score: 188330
2024/03/19 22:05:04 - train.py[line:42] - INFO:  Average score: 188330.0
2024/03/19 22:05:04 - train.py[line:47] - INFO:  After call 3: Best score: 199004.0
2024/03/19 22:05:04 - train.py[line:48] - INFO:  With parameters: [0.47997717237505744, 0.39278479610082984, 0.8360787635373778, 0.33739616041726844, 0.6481718720511973, 0.368241539840548, 0.9571551589530466, 0.28070156082529035, 1.7401745167168732, 0.4736080452737106, 0.8009107519796445]
2024/03/19 22:05:04 - train.py[line:49] - INFO:  ====================================

2024/03/19 22:05:38 - train.py[line:39] - INFO:  params: 0.13521817340545209 0.32414100779321414 0.1496748671836832 0.2223213882515877 0.38648898112586205 0.9025984755294049 0.4499499899112277 1.226126915768265 1.804697166347969 0.0992803503589739 0.969809067746749
2024/03/19 22:05:38 - train.py[line:40] - INFO:  Score list: [188307]
2024/03/19 22:05:38 - train.py[line:41] - INFO:  Total score: 188307
2024/03/19 22:05:38 - train.py[line:42] - INFO:  Average score: 188307.0
2024/03/19 22:05:38 - train.py[line:47] - INFO:  After call 4: Best score: 199004.0
2024/03/19 22:05:38 - train.py[line:48] - INFO:  With parameters: [0.47997717237505744, 0.39278479610082984, 0.8360787635373778, 0.33739616041726844, 0.6481718720511973, 0.368241539840548, 0.9571551589530466, 0.28070156082529035, 1.7401745167168732, 0.4736080452737106, 0.8009107519796445]
2024/03/19 22:05:38 - train.py[line:49] - INFO:  ====================================

2024/03/19 22:06:16 - train.py[line:39] - INFO:  params: 0.6531400357979378 0.17090958513604518 0.35815216696952507 0.7506861412184564 0.6078306687154679 0.32504722900835253 0.03842542647273473 1.2685481159146703 1.9178985372490411 0.652790317005491 0.635058873603564
2024/03/19 22:06:16 - train.py[line:40] - INFO:  Score list: [141854]
2024/03/19 22:06:16 - train.py[line:41] - INFO:  Total score: 141854
2024/03/19 22:06:16 - train.py[line:42] - INFO:  Average score: 141854.0
2024/03/19 22:06:16 - train.py[line:47] - INFO:  After call 5: Best score: 199004.0
2024/03/19 22:06:16 - train.py[line:48] - INFO:  With parameters: [0.47997717237505744, 0.39278479610082984, 0.8360787635373778, 0.33739616041726844, 0.6481718720511973, 0.368241539840548, 0.9571551589530466, 0.28070156082529035, 1.7401745167168732, 0.4736080452737106, 0.8009107519796445]
2024/03/19 22:06:16 - train.py[line:49] - INFO:  ====================================

