2024/03/19 22:13:43 - log_util.py[line:41] - INFO:  Log file path: /mnt/c/Users/consonnm/Desktop/CodeCraft/log/train_2024-03-19_22-13-43.log
2024/03/19 22:14:23 - train.py[line:39] - INFO:  params: 0.5928446182250184 0.8442657485810175 0.857945617622757 0.8472517387841256 0.6235636967859725 0.7687634145853999 0.29753460654447234 0.11342595463488639 0.27265629458011326 0.47766511732135
2024/03/19 22:14:23 - train.py[line:40] - INFO:  Score list: [175660]
2024/03/19 22:14:23 - train.py[line:41] - INFO:  Total score: 175660
2024/03/19 22:14:23 - train.py[line:42] - INFO:  Average score: 175660.0
2024/03/19 22:14:23 - train.py[line:47] - INFO:  After call 1: Best score: 175660.0
2024/03/19 22:14:23 - train.py[line:48] - INFO:  With parameters: [0.5928446182250184, 0.8442657485810175, 0.857945617622757, 0.8472517387841256, 0.6235636967859725, 0.7687634145853999, 0.29753460654447234, 0.11342595463488639, 0.27265629458011326, 0.47766511732135]
2024/03/19 22:14:23 - train.py[line:49] - INFO:  ====================================

2024/03/19 22:15:07 - train.py[line:39] - INFO:  params: 0.8121687287754934 0.47997717237505744 0.39278479610082984 0.8360787635373778 0.33739616041726844 1.2963437441023946 0.368241539840548 1.9143103179060932 0.14035078041264518 0.8700872583584366
2024/03/19 22:15:07 - train.py[line:40] - INFO:  Score list: [167671]
2024/03/19 22:15:07 - train.py[line:41] - INFO:  Total score: 167671
2024/03/19 22:15:07 - train.py[line:42] - INFO:  Average score: 167671.0
2024/03/19 22:15:07 - train.py[line:47] - INFO:  After call 2: Best score: 175660.0
2024/03/19 22:15:07 - train.py[line:48] - INFO:  With parameters: [0.5928446182250184, 0.8442657485810175, 0.857945617622757, 0.8472517387841256, 0.6235636967859725, 0.7687634145853999, 0.29753460654447234, 0.11342595463488639, 0.27265629458011326, 0.47766511732135]
2024/03/19 22:15:07 - train.py[line:49] - INFO:  ====================================

2024/03/19 22:15:50 - train.py[line:39] - INFO:  params: 0.4736080452737106 0.8009107519796445 0.5204774795512049 0.6788795301189604 0.7206326547259169 1.1640395841502145 0.5373732294490108 1.5172312486447148 0.10590760718779216 0.47360041934665753
2024/03/19 22:15:50 - train.py[line:40] - INFO:  Score list: [189610]
2024/03/19 22:15:50 - train.py[line:41] - INFO:  Total score: 189610
2024/03/19 22:15:50 - train.py[line:42] - INFO:  Average score: 189610.0
2024/03/19 22:15:50 - train.py[line:47] - INFO:  After call 3: Best score: 189610.0
2024/03/19 22:15:50 - train.py[line:48] - INFO:  With parameters: [0.4736080452737106, 0.8009107519796445, 0.5204774795512049, 0.6788795301189604, 0.7206326547259169, 1.1640395841502145, 0.5373732294490108, 1.5172312486447148, 0.10590760718779216, 0.47360041934665753]
2024/03/19 22:15:50 - train.py[line:49] - INFO:  ====================================

2024/03/19 22:16:38 - train.py[line:39] - INFO:  params: 0.18633234332676 0.7369181771289582 0.21655035442437193 0.13521817340545209 0.32414100779321414 0.2993497343673664 0.2223213882515877 0.7729779622517241 0.9025984755294049 0.4499499899112277
2024/03/19 22:16:38 - train.py[line:40] - INFO:  Score list: [188454]
2024/03/19 22:16:38 - train.py[line:41] - INFO:  Total score: 188454
2024/03/19 22:16:38 - train.py[line:42] - INFO:  Average score: 188454.0
2024/03/19 22:16:38 - train.py[line:47] - INFO:  After call 4: Best score: 189610.0
2024/03/19 22:16:38 - train.py[line:48] - INFO:  With parameters: [0.4736080452737106, 0.8009107519796445, 0.5204774795512049, 0.6788795301189604, 0.7206326547259169, 1.1640395841502145, 0.5373732294490108, 1.5172312486447148, 0.10590760718779216, 0.47360041934665753]
2024/03/19 22:16:38 - train.py[line:49] - INFO:  ====================================

2024/03/19 22:17:27 - train.py[line:39] - INFO:  params: 0.6130634578841325 0.9023485831739845 0.0992803503589739 0.969809067746749 0.6531400357979378 0.34181917027209036 0.35815216696952507 1.501372282436913 0.6078306687154679 0.32504722900835253
2024/03/19 22:17:27 - train.py[line:40] - INFO:  Score list: [189654]
2024/03/19 22:17:27 - train.py[line:41] - INFO:  Total score: 189654
2024/03/19 22:17:27 - train.py[line:42] - INFO:  Average score: 189654.0
2024/03/19 22:17:27 - train.py[line:47] - INFO:  After call 5: Best score: 189654.0
2024/03/19 22:17:27 - train.py[line:48] - INFO:  With parameters: [0.6130634578841325, 0.9023485831739845, 0.0992803503589739, 0.969809067746749, 0.6531400357979378, 0.34181917027209036, 0.35815216696952507, 1.501372282436913, 0.6078306687154679, 0.32504722900835253]
2024/03/19 22:17:27 - train.py[line:49] - INFO:  ====================================

2024/03/19 22:18:19 - train.py[line:39] - INFO:  params: 0.03842542647273473 0.6342740579573352 0.9589492686245206 0.652790317005491 0.635058873603564 1.9905991353557757 0.5818503294385344 0.8287371764527378 0.474697502288413 0.6235101011318683
2024/03/19 22:18:19 - train.py[line:40] - INFO:  Score list: [185921]
2024/03/19 22:18:19 - train.py[line:41] - INFO:  Total score: 185921
2024/03/19 22:18:19 - train.py[line:42] - INFO:  Average score: 185921.0
2024/03/19 22:18:19 - train.py[line:47] - INFO:  After call 6: Best score: 189654.0
2024/03/19 22:18:19 - train.py[line:48] - INFO:  With parameters: [0.6130634578841325, 0.9023485831739845, 0.0992803503589739, 0.969809067746749, 0.6531400357979378, 0.34181917027209036, 0.35815216696952507, 1.501372282436913, 0.6078306687154679, 0.32504722900835253]
2024/03/19 22:18:19 - train.py[line:49] - INFO:  ====================================

2024/03/19 22:19:06 - train.py[line:39] - INFO:  params: 0.3380076148388918 0.6747523222590208 0.31720174206929613 0.7783454820259093 0.9495710534507423 1.3250537339000887 0.013571635612109837 1.2456921910933392 0.6736596308357895 0.971945002499666
2024/03/19 22:19:06 - train.py[line:40] - INFO:  Score list: [141158]
2024/03/19 22:19:06 - train.py[line:41] - INFO:  Total score: 141158
2024/03/19 22:19:06 - train.py[line:42] - INFO:  Average score: 141158.0
2024/03/19 22:19:06 - train.py[line:47] - INFO:  After call 7: Best score: 189654.0
2024/03/19 22:19:06 - train.py[line:48] - INFO:  With parameters: [0.6130634578841325, 0.9023485831739845, 0.0992803503589739, 0.969809067746749, 0.6531400357979378, 0.34181917027209036, 0.35815216696952507, 1.501372282436913, 0.6078306687154679, 0.32504722900835253]
2024/03/19 22:19:06 - train.py[line:49] - INFO:  ====================================

2024/03/19 22:19:49 - train.py[line:39] - INFO:  params: 0.8781934713471772 0.5096243767199002 0.055714693701606324 0.4511592145209282 0.01998766540875874 0.883421842497691 0.9795867288127287 0.7188889279386431 0.48089353083616293 0.6886611828057705
2024/03/19 22:19:49 - train.py[line:40] - INFO:  Score list: [195777]
2024/03/19 22:19:49 - train.py[line:41] - INFO:  Total score: 195777
2024/03/19 22:19:49 - train.py[line:42] - INFO:  Average score: 195777.0
2024/03/19 22:19:49 - train.py[line:47] - INFO:  After call 8: Best score: 195777.0
2024/03/19 22:19:49 - train.py[line:48] - INFO:  With parameters: [0.8781934713471772, 0.5096243767199002, 0.055714693701606324, 0.4511592145209282, 0.01998766540875874, 0.883421842497691, 0.9795867288127287, 0.7188889279386431, 0.48089353083616293, 0.6886611828057705]
2024/03/19 22:19:49 - train.py[line:49] - INFO:  ====================================

2024/03/19 22:20:36 - train.py[line:39] - INFO:  params: 0.8804758892525957 0.9182354663621449 0.21682213762754293 0.5651888666048754 0.8651025613053852 1.0179379213340292 0.916722954019461 1.8423152204744 0.0831124926306024 0.2777185612810325
2024/03/19 22:20:36 - train.py[line:40] - INFO:  Score list: [194577]
2024/03/19 22:20:36 - train.py[line:41] - INFO:  Total score: 194577
2024/03/19 22:20:36 - train.py[line:42] - INFO:  Average score: 194577.0
2024/03/19 22:20:36 - train.py[line:47] - INFO:  After call 9: Best score: 195777.0
2024/03/19 22:20:36 - train.py[line:48] - INFO:  With parameters: [0.8781934713471772, 0.5096243767199002, 0.055714693701606324, 0.4511592145209282, 0.01998766540875874, 0.883421842497691, 0.9795867288127287, 0.7188889279386431, 0.48089353083616293, 0.6886611828057705]
2024/03/19 22:20:36 - train.py[line:49] - INFO:  ====================================

2024/03/19 22:21:28 - train.py[line:39] - INFO:  params: 0.009356704856532618 0.8423420796677312 0.6471741401875556 0.8413861191973546 0.2647301642834497 0.7956415055172583 0.5528214798875716 0.3298809204837683 0.3698080927483401 0.14644176272911227
2024/03/19 22:21:28 - train.py[line:40] - INFO:  Score list: [173443]
2024/03/19 22:21:28 - train.py[line:41] - INFO:  Total score: 173443
2024/03/19 22:21:28 - train.py[line:42] - INFO:  Average score: 173443.0
2024/03/19 22:21:29 - train.py[line:47] - INFO:  After call 10: Best score: 195777.0
2024/03/19 22:21:29 - train.py[line:48] - INFO:  With parameters: [0.8781934713471772, 0.5096243767199002, 0.055714693701606324, 0.4511592145209282, 0.01998766540875874, 0.883421842497691, 0.9795867288127287, 0.7188889279386431, 0.48089353083616293, 0.6886611828057705]
2024/03/19 22:21:29 - train.py[line:49] - INFO:  ====================================

2024/03/19 22:22:19 - train.py[line:39] - INFO:  params: 0.43998828190397743 0.49389011818610307 0.15892239211401318 0.28857429419619846 0.8280093696736376 0.7313515083103904 0.9854868229199478 0.36526690846161963 0.5973590428659474 0.9741930576818952
2024/03/19 22:22:19 - train.py[line:40] - INFO:  Score list: [202583]
2024/03/19 22:22:19 - train.py[line:41] - INFO:  Total score: 202583
2024/03/19 22:22:19 - train.py[line:42] - INFO:  Average score: 202583.0
2024/03/19 22:22:19 - train.py[line:47] - INFO:  After call 11: Best score: 202583.0
2024/03/19 22:22:19 - train.py[line:48] - INFO:  With parameters: [0.43998828190397743, 0.49389011818610307, 0.15892239211401318, 0.28857429419619846, 0.8280093696736376, 0.7313515083103904, 0.9854868229199478, 0.36526690846161963, 0.5973590428659474, 0.9741930576818952]
2024/03/19 22:22:19 - train.py[line:49] - INFO:  ====================================

2024/03/19 22:23:07 - train.py[line:39] - INFO:  params: 0.5127095736484164 0.5107902873380457 0.33139444636363574 0.4407183382785623 0.4105856420334152 1.408628159398561 0.9833858668103364 1.5474127266808557 0.7538110209608252 0.574057598615699
2024/03/19 22:23:07 - train.py[line:40] - INFO:  Score list: [189595]
2024/03/19 22:23:07 - train.py[line:41] - INFO:  Total score: 189595
2024/03/19 22:23:07 - train.py[line:42] - INFO:  Average score: 189595.0
2024/03/19 22:23:08 - train.py[line:47] - INFO:  After call 12: Best score: 202583.0
2024/03/19 22:23:08 - train.py[line:48] - INFO:  With parameters: [0.43998828190397743, 0.49389011818610307, 0.15892239211401318, 0.28857429419619846, 0.8280093696736376, 0.7313515083103904, 0.9854868229199478, 0.36526690846161963, 0.5973590428659474, 0.9741930576818952]
2024/03/19 22:23:08 - train.py[line:49] - INFO:  ====================================

