2024/03/20 18:57:20 - log_util.py[line:41] - INFO:  Log file path: /mnt/c/Users/consonnm/Desktop/CodeCraft/log/train_2024-03-20_18-57-20.log
2024/03/20 18:58:11 - train.py[line:39] - INFO:  params: 0.5928446182250184 0.8442657485810175 0.857945617622757 1.6945034775682513 0.6235636967859725 0.7687634145853999 0.29753460654447234 0.11342595463488639 0.27265629458011326 0.47766511732135
2024/03/20 18:58:11 - train.py[line:40] - INFO:  Score list: [199636]
2024/03/20 18:58:11 - train.py[line:41] - INFO:  Total score: 199636
2024/03/20 18:58:11 - train.py[line:42] - INFO:  Average score: 199636.0
2024/03/20 18:58:11 - train.py[line:47] - INFO:  After call 1: Best score: 199636.0
2024/03/20 18:58:11 - train.py[line:48] - INFO:  With parameters: [0.5928446182250184, 0.8442657485810175, 0.857945617622757, 1.6945034775682513, 0.6235636967859725, 0.7687634145853999, 0.29753460654447234, 0.11342595463488639, 0.27265629458011326, 0.47766511732135]
2024/03/20 18:58:11 - train.py[line:49] - INFO:  ====================================

2024/03/20 18:59:03 - train.py[line:39] - INFO:  params: 0.8121687287754934 0.47997717237505744 0.39278479610082984 1.6721575270747555 0.33739616041726844 1.2963437441023946 0.368241539840548 1.9143103179060932 0.14035078041264518 0.8700872583584366
2024/03/20 18:59:03 - train.py[line:40] - INFO:  Score list: [207473]
2024/03/20 18:59:03 - train.py[line:41] - INFO:  Total score: 207473
2024/03/20 18:59:03 - train.py[line:42] - INFO:  Average score: 207473.0
2024/03/20 18:59:03 - train.py[line:47] - INFO:  After call 2: Best score: 207473.0
2024/03/20 18:59:03 - train.py[line:48] - INFO:  With parameters: [0.8121687287754934, 0.47997717237505744, 0.39278479610082984, 1.6721575270747555, 0.33739616041726844, 1.2963437441023946, 0.368241539840548, 1.9143103179060932, 0.14035078041264518, 0.8700872583584366]
2024/03/20 18:59:03 - train.py[line:49] - INFO:  ====================================

2024/03/20 18:59:55 - train.py[line:39] - INFO:  params: 0.4736080452737106 0.8009107519796445 0.5204774795512049 1.3577590602379208 0.7206326547259169 1.1640395841502145 0.5373732294490108 1.5172312486447148 0.10590760718779216 0.47360041934665753
2024/03/20 18:59:55 - train.py[line:40] - INFO:  Score list: [243386]
2024/03/20 18:59:55 - train.py[line:41] - INFO:  Total score: 243386
2024/03/20 18:59:55 - train.py[line:42] - INFO:  Average score: 243386.0
2024/03/20 18:59:55 - train.py[line:47] - INFO:  After call 3: Best score: 243386.0
2024/03/20 18:59:55 - train.py[line:48] - INFO:  With parameters: [0.4736080452737106, 0.8009107519796445, 0.5204774795512049, 1.3577590602379208, 0.7206326547259169, 1.1640395841502145, 0.5373732294490108, 1.5172312486447148, 0.10590760718779216, 0.47360041934665753]
2024/03/20 18:59:55 - train.py[line:49] - INFO:  ====================================

2024/03/20 19:00:46 - train.py[line:39] - INFO:  params: 0.18633234332676 0.7369181771289582 0.21655035442437193 0.27043634681090417 0.32414100779321414 0.2993497343673664 0.2223213882515877 0.7729779622517241 0.9025984755294049 0.4499499899112277
2024/03/20 19:00:46 - train.py[line:40] - INFO:  Score list: [211872]
2024/03/20 19:00:46 - train.py[line:41] - INFO:  Total score: 211872
2024/03/20 19:00:46 - train.py[line:42] - INFO:  Average score: 211872.0
2024/03/20 19:00:46 - train.py[line:47] - INFO:  After call 4: Best score: 243386.0
2024/03/20 19:00:46 - train.py[line:48] - INFO:  With parameters: [0.4736080452737106, 0.8009107519796445, 0.5204774795512049, 1.3577590602379208, 0.7206326547259169, 1.1640395841502145, 0.5373732294490108, 1.5172312486447148, 0.10590760718779216, 0.47360041934665753]
2024/03/20 19:00:46 - train.py[line:49] - INFO:  ====================================

2024/03/20 19:01:36 - train.py[line:39] - INFO:  params: 0.6130634578841325 0.9023485831739845 0.0992803503589739 1.939618135493498 0.6531400357979378 0.34181917027209036 0.35815216696952507 1.501372282436913 0.6078306687154679 0.32504722900835253
2024/03/20 19:01:36 - train.py[line:40] - INFO:  Score list: [224986]
2024/03/20 19:01:36 - train.py[line:41] - INFO:  Total score: 224986
2024/03/20 19:01:36 - train.py[line:42] - INFO:  Average score: 224986.0
2024/03/20 19:01:36 - train.py[line:47] - INFO:  After call 5: Best score: 243386.0
2024/03/20 19:01:36 - train.py[line:48] - INFO:  With parameters: [0.4736080452737106, 0.8009107519796445, 0.5204774795512049, 1.3577590602379208, 0.7206326547259169, 1.1640395841502145, 0.5373732294490108, 1.5172312486447148, 0.10590760718779216, 0.47360041934665753]
2024/03/20 19:01:36 - train.py[line:49] - INFO:  ====================================

2024/03/20 19:02:21 - train.py[line:39] - INFO:  params: 0.03842542647273473 0.6342740579573352 0.9589492686245206 1.305580634010982 0.635058873603564 1.9905991353557757 0.5818503294385344 0.8287371764527378 0.474697502288413 0.6235101011318683
2024/03/20 19:02:21 - train.py[line:40] - INFO:  Score list: [190348]
2024/03/20 19:02:21 - train.py[line:41] - INFO:  Total score: 190348
2024/03/20 19:02:21 - train.py[line:42] - INFO:  Average score: 190348.0
2024/03/20 19:02:21 - train.py[line:47] - INFO:  After call 6: Best score: 243386.0
2024/03/20 19:02:21 - train.py[line:48] - INFO:  With parameters: [0.4736080452737106, 0.8009107519796445, 0.5204774795512049, 1.3577590602379208, 0.7206326547259169, 1.1640395841502145, 0.5373732294490108, 1.5172312486447148, 0.10590760718779216, 0.47360041934665753]
2024/03/20 19:02:21 - train.py[line:49] - INFO:  ====================================

2024/03/20 19:03:19 - train.py[line:39] - INFO:  params: 0.3380076148388918 0.6747523222590208 0.31720174206929613 1.5566909640518185 0.9495710534507423 1.3250537339000887 0.013571635612109837 1.2456921910933392 0.6736596308357895 0.971945002499666
2024/03/20 19:03:19 - train.py[line:40] - INFO:  Score list: [167486]
2024/03/20 19:03:19 - train.py[line:41] - INFO:  Total score: 167486
2024/03/20 19:03:19 - train.py[line:42] - INFO:  Average score: 167486.0
2024/03/20 19:03:19 - train.py[line:47] - INFO:  After call 7: Best score: 243386.0
2024/03/20 19:03:19 - train.py[line:48] - INFO:  With parameters: [0.4736080452737106, 0.8009107519796445, 0.5204774795512049, 1.3577590602379208, 0.7206326547259169, 1.1640395841502145, 0.5373732294490108, 1.5172312486447148, 0.10590760718779216, 0.47360041934665753]
2024/03/20 19:03:19 - train.py[line:49] - INFO:  ====================================

2024/03/20 19:04:15 - train.py[line:39] - INFO:  params: 0.8781934713471772 0.5096243767199002 0.055714693701606324 0.9023184290418564 0.01998766540875874 0.883421842497691 0.9795867288127287 0.7188889279386431 0.48089353083616293 0.6886611828057705
2024/03/20 19:04:15 - train.py[line:40] - INFO:  Score list: [231003]
2024/03/20 19:04:15 - train.py[line:41] - INFO:  Total score: 231003
2024/03/20 19:04:15 - train.py[line:42] - INFO:  Average score: 231003.0
2024/03/20 19:04:15 - train.py[line:47] - INFO:  After call 8: Best score: 243386.0
2024/03/20 19:04:15 - train.py[line:48] - INFO:  With parameters: [0.4736080452737106, 0.8009107519796445, 0.5204774795512049, 1.3577590602379208, 0.7206326547259169, 1.1640395841502145, 0.5373732294490108, 1.5172312486447148, 0.10590760718779216, 0.47360041934665753]
2024/03/20 19:04:15 - train.py[line:49] - INFO:  ====================================

2024/03/20 19:05:10 - train.py[line:39] - INFO:  params: 0.8804758892525957 0.9182354663621449 0.21682213762754293 1.1303777332097509 0.8651025613053852 1.0179379213340292 0.916722954019461 1.8423152204744 0.0831124926306024 0.2777185612810325
2024/03/20 19:05:10 - train.py[line:40] - INFO:  Score list: [240243]
2024/03/20 19:05:10 - train.py[line:41] - INFO:  Total score: 240243
2024/03/20 19:05:10 - train.py[line:42] - INFO:  Average score: 240243.0
2024/03/20 19:05:10 - train.py[line:47] - INFO:  After call 9: Best score: 243386.0
2024/03/20 19:05:10 - train.py[line:48] - INFO:  With parameters: [0.4736080452737106, 0.8009107519796445, 0.5204774795512049, 1.3577590602379208, 0.7206326547259169, 1.1640395841502145, 0.5373732294490108, 1.5172312486447148, 0.10590760718779216, 0.47360041934665753]
2024/03/20 19:05:10 - train.py[line:49] - INFO:  ====================================

2024/03/20 19:06:07 - train.py[line:39] - INFO:  params: 0.009356704856532618 0.8423420796677312 0.6471741401875556 1.6827722383947092 0.2647301642834497 0.7956415055172583 0.5528214798875716 0.3298809204837683 0.3698080927483401 0.14644176272911227
2024/03/20 19:06:07 - train.py[line:40] - INFO:  Score list: [243962]
2024/03/20 19:06:07 - train.py[line:41] - INFO:  Total score: 243962
2024/03/20 19:06:07 - train.py[line:42] - INFO:  Average score: 243962.0
2024/03/20 19:06:07 - train.py[line:47] - INFO:  After call 10: Best score: 243962.0
2024/03/20 19:06:07 - train.py[line:48] - INFO:  With parameters: [0.009356704856532618, 0.8423420796677312, 0.6471741401875556, 1.6827722383947092, 0.2647301642834497, 0.7956415055172583, 0.5528214798875716, 0.3298809204837683, 0.3698080927483401, 0.14644176272911227]
2024/03/20 19:06:07 - train.py[line:49] - INFO:  ====================================

2024/03/20 19:07:06 - train.py[line:39] - INFO:  params: 0.19142554040691379 0.8060469618181346 0.9772603435664788 0.34361260291835244 0.7467975236329455 1.5808346404311273 0.6443511990416431 1.3490113816452018 0.35921882269620337 0.032645151822333636
2024/03/20 19:07:06 - train.py[line:40] - INFO:  Score list: [215667]
2024/03/20 19:07:06 - train.py[line:41] - INFO:  Total score: 215667
2024/03/20 19:07:06 - train.py[line:42] - INFO:  Average score: 215667.0
2024/03/20 19:07:06 - train.py[line:47] - INFO:  After call 11: Best score: 243962.0
2024/03/20 19:07:06 - train.py[line:48] - INFO:  With parameters: [0.009356704856532618, 0.8423420796677312, 0.6471741401875556, 1.6827722383947092, 0.2647301642834497, 0.7956415055172583, 0.5528214798875716, 0.3298809204837683, 0.3698080927483401, 0.14644176272911227]
2024/03/20 19:07:06 - train.py[line:49] - INFO:  ====================================

2024/03/20 19:08:07 - train.py[line:39] - INFO:  params: 0.06528567986316415 0.8153813613762024 0.5292654461827064 1.2300262975305252 0.8709843607530279 1.0683515415096567 0.9523775578905317 1.7308198539435227 0.7287106240170196 0.24528872603897772
2024/03/20 19:08:07 - train.py[line:40] - INFO:  Score list: [240424]
2024/03/20 19:08:07 - train.py[line:41] - INFO:  Total score: 240424
2024/03/20 19:08:07 - train.py[line:42] - INFO:  Average score: 240424.0
2024/03/20 19:08:07 - train.py[line:47] - INFO:  After call 12: Best score: 243962.0
2024/03/20 19:08:07 - train.py[line:48] - INFO:  With parameters: [0.009356704856532618, 0.8423420796677312, 0.6471741401875556, 1.6827722383947092, 0.2647301642834497, 0.7956415055172583, 0.5528214798875716, 0.3298809204837683, 0.3698080927483401, 0.14644176272911227]
2024/03/20 19:08:07 - train.py[line:49] - INFO:  ====================================

2024/03/20 19:08:59 - train.py[line:39] - INFO:  params: 0.4231766292840077 0.11302485391183095 0.06110963884485156 1.9115272974058868 0.11417321826168683 1.0473686037028112 0.899251813590362 1.8208533332195547 0.12520633174018805 0.13349345054920916
2024/03/20 19:08:59 - train.py[line:40] - INFO:  Score list: [234446]
2024/03/20 19:08:59 - train.py[line:41] - INFO:  Total score: 234446
2024/03/20 19:08:59 - train.py[line:42] - INFO:  Average score: 234446.0
2024/03/20 19:09:00 - train.py[line:47] - INFO:  After call 13: Best score: 243962.0
2024/03/20 19:09:00 - train.py[line:48] - INFO:  With parameters: [0.009356704856532618, 0.8423420796677312, 0.6471741401875556, 1.6827722383947092, 0.2647301642834497, 0.7956415055172583, 0.5528214798875716, 0.3298809204837683, 0.3698080927483401, 0.14644176272911227]
2024/03/20 19:09:00 - train.py[line:49] - INFO:  ====================================

2024/03/20 19:09:51 - train.py[line:39] - INFO:  params: 0.034526831328209336 0.7157825999901976 0.19763512127793564 0.7350017947257416 0.8585881925438922 1.9698876926032778 0.921117157013177 1.6961082439406885 0.4634948262066054 0.24422558114717902
2024/03/20 19:09:51 - train.py[line:40] - INFO:  Score list: [244304]
2024/03/20 19:09:51 - train.py[line:41] - INFO:  Total score: 244304
2024/03/20 19:09:51 - train.py[line:42] - INFO:  Average score: 244304.0
2024/03/20 19:09:51 - train.py[line:47] - INFO:  After call 14: Best score: 244304.0
2024/03/20 19:09:51 - train.py[line:48] - INFO:  With parameters: [0.034526831328209336, 0.7157825999901976, 0.19763512127793564, 0.7350017947257416, 0.8585881925438922, 1.9698876926032778, 0.921117157013177, 1.6961082439406885, 0.4634948262066054, 0.24422558114717902]
2024/03/20 19:09:51 - train.py[line:49] - INFO:  ====================================

2024/03/20 19:10:44 - train.py[line:39] - INFO:  params: 0.10673237880333178 0.7620188127602129 0.6225610610550949 1.4253968486269648 0.9911913240462578 0.4768428606275582 0.9580773604938447 1.749187697294028 0.8855885069194824 0.7255073517395347
2024/03/20 19:10:44 - train.py[line:40] - INFO:  Score list: [232918]
2024/03/20 19:10:44 - train.py[line:41] - INFO:  Total score: 232918
2024/03/20 19:10:44 - train.py[line:42] - INFO:  Average score: 232918.0
2024/03/20 19:10:44 - train.py[line:47] - INFO:  After call 15: Best score: 244304.0
2024/03/20 19:10:44 - train.py[line:48] - INFO:  With parameters: [0.034526831328209336, 0.7157825999901976, 0.19763512127793564, 0.7350017947257416, 0.8585881925438922, 1.9698876926032778, 0.921117157013177, 1.6961082439406885, 0.4634948262066054, 0.24422558114717902]
2024/03/20 19:10:44 - train.py[line:49] - INFO:  ====================================

2024/03/20 19:11:40 - train.py[line:39] - INFO:  params: 0.00444163722185087 0.04291920297627306 0.44122205159363836 0.07714813653446241 0.7252012187383242 1.1136871582748427 0.9063787391316493 1.76681504884811 0.09939193786049674 0.932097276231969
2024/03/20 19:11:40 - train.py[line:40] - INFO:  Score list: [184624]
2024/03/20 19:11:40 - train.py[line:41] - INFO:  Total score: 184624
2024/03/20 19:11:40 - train.py[line:42] - INFO:  Average score: 184624.0
2024/03/20 19:11:40 - train.py[line:47] - INFO:  After call 16: Best score: 244304.0
2024/03/20 19:11:40 - train.py[line:48] - INFO:  With parameters: [0.034526831328209336, 0.7157825999901976, 0.19763512127793564, 0.7350017947257416, 0.8585881925438922, 1.9698876926032778, 0.921117157013177, 1.6961082439406885, 0.4634948262066054, 0.24422558114717902]
2024/03/20 19:11:40 - train.py[line:49] - INFO:  ====================================

2024/03/20 19:12:34 - train.py[line:39] - INFO:  params: 0.05348922896533505 0.337053385009538 0.4110476453473494 1.4458006392984932 0.9985776200512145 1.243278143303487 0.8789297171535753 1.7090426212121774 0.2510142347030386 0.2379522362385194
2024/03/20 19:12:34 - train.py[line:40] - INFO:  Score list: [245050]
2024/03/20 19:12:34 - train.py[line:41] - INFO:  Total score: 245050
2024/03/20 19:12:34 - train.py[line:42] - INFO:  Average score: 245050.0
2024/03/20 19:12:35 - train.py[line:47] - INFO:  After call 17: Best score: 245050.0
2024/03/20 19:12:35 - train.py[line:48] - INFO:  With parameters: [0.05348922896533505, 0.337053385009538, 0.4110476453473494, 1.4458006392984932, 0.9985776200512145, 1.243278143303487, 0.8789297171535753, 1.7090426212121774, 0.2510142347030386, 0.2379522362385194]
2024/03/20 19:12:35 - train.py[line:49] - INFO:  ====================================

2024/03/20 19:13:34 - train.py[line:39] - INFO:  params: 0.031830910716549095 0.1478974119441944 0.023067986963074775 0.7436228224019245 0.8995687508977527 1.9344756556940543 0.9013902370025348 1.959314304908666 0.8022809166208197 0.4219082803563966
2024/03/20 19:13:34 - train.py[line:40] - INFO:  Score list: [236230]
2024/03/20 19:13:34 - train.py[line:41] - INFO:  Total score: 236230
2024/03/20 19:13:34 - train.py[line:42] - INFO:  Average score: 236230.0
2024/03/20 19:13:34 - train.py[line:47] - INFO:  After call 18: Best score: 245050.0
2024/03/20 19:13:34 - train.py[line:48] - INFO:  With parameters: [0.05348922896533505, 0.337053385009538, 0.4110476453473494, 1.4458006392984932, 0.9985776200512145, 1.243278143303487, 0.8789297171535753, 1.7090426212121774, 0.2510142347030386, 0.2379522362385194]
2024/03/20 19:13:34 - train.py[line:49] - INFO:  ====================================

2024/03/20 19:14:33 - train.py[line:39] - INFO:  params: 0.038405839417436034 0.6803576356167071 0.4423648418097853 1.4659369634788253 0.9596627623367568 1.0440943295701188 0.7957809235588537 0.29873617956845117 0.1687418241765866 0.3980308345612884
2024/03/20 19:14:33 - train.py[line:40] - INFO:  Score list: [240619]
2024/03/20 19:14:33 - train.py[line:41] - INFO:  Total score: 240619
2024/03/20 19:14:33 - train.py[line:42] - INFO:  Average score: 240619.0
2024/03/20 19:14:33 - train.py[line:47] - INFO:  After call 19: Best score: 245050.0
2024/03/20 19:14:33 - train.py[line:48] - INFO:  With parameters: [0.05348922896533505, 0.337053385009538, 0.4110476453473494, 1.4458006392984932, 0.9985776200512145, 1.243278143303487, 0.8789297171535753, 1.7090426212121774, 0.2510142347030386, 0.2379522362385194]
2024/03/20 19:14:33 - train.py[line:49] - INFO:  ====================================

2024/03/20 19:15:32 - train.py[line:39] - INFO:  params: 0.012753619412077536 0.036878574248193415 0.3777013546556247 1.6222493070203639 0.9759965255952973 1.4261247358320628 0.5827543064944296 0.19074884791694974 0.669071893114881 0.28337709130634575
2024/03/20 19:15:32 - train.py[line:40] - INFO:  Score list: [246269]
2024/03/20 19:15:32 - train.py[line:41] - INFO:  Total score: 246269
2024/03/20 19:15:32 - train.py[line:42] - INFO:  Average score: 246269.0
2024/03/20 19:15:33 - train.py[line:47] - INFO:  After call 20: Best score: 246269.0
2024/03/20 19:15:33 - train.py[line:48] - INFO:  With parameters: [0.012753619412077536, 0.036878574248193415, 0.3777013546556247, 1.6222493070203639, 0.9759965255952973, 1.4261247358320628, 0.5827543064944296, 0.19074884791694974, 0.669071893114881, 0.28337709130634575]
2024/03/20 19:15:33 - train.py[line:49] - INFO:  ====================================

2024/03/20 19:16:36 - train.py[line:39] - INFO:  params: 0.012683817586589544 0.5972734303916825 0.40084303256770526 1.6171484620800987 0.9936567108847995 1.4738329440990416 0.6642090479809912 0.357279607014277 0.8575716080306627 0.4644190447544766
2024/03/20 19:16:36 - train.py[line:40] - INFO:  Score list: [232443]
2024/03/20 19:16:36 - train.py[line:41] - INFO:  Total score: 232443
2024/03/20 19:16:36 - train.py[line:42] - INFO:  Average score: 232443.0
2024/03/20 19:16:37 - train.py[line:47] - INFO:  After call 21: Best score: 246269.0
2024/03/20 19:16:37 - train.py[line:48] - INFO:  With parameters: [0.012753619412077536, 0.036878574248193415, 0.3777013546556247, 1.6222493070203639, 0.9759965255952973, 1.4261247358320628, 0.5827543064944296, 0.19074884791694974, 0.669071893114881, 0.28337709130634575]
2024/03/20 19:16:37 - train.py[line:49] - INFO:  ====================================

2024/03/20 19:17:42 - train.py[line:39] - INFO:  params: 0.08994015767323783 0.44446719969341697 0.2668489665621718 1.5028867556514112 0.9799117556516785 1.0370572596934333 0.3138357987825185 1.3440179399095058 0.18856255883834988 0.22868739182508285
2024/03/20 19:17:42 - train.py[line:40] - INFO:  Score list: [235152]
2024/03/20 19:17:42 - train.py[line:41] - INFO:  Total score: 235152
2024/03/20 19:17:42 - train.py[line:42] - INFO:  Average score: 235152.0
2024/03/20 19:17:42 - train.py[line:47] - INFO:  After call 22: Best score: 246269.0
2024/03/20 19:17:42 - train.py[line:48] - INFO:  With parameters: [0.012753619412077536, 0.036878574248193415, 0.3777013546556247, 1.6222493070203639, 0.9759965255952973, 1.4261247358320628, 0.5827543064944296, 0.19074884791694974, 0.669071893114881, 0.28337709130634575]
2024/03/20 19:17:42 - train.py[line:49] - INFO:  ====================================

2024/03/20 19:18:45 - train.py[line:39] - INFO:  params: 0.0038107892592389456 0.03563478185585834 0.48471471522177056 0.7402367153038619 0.9120075910758979 1.3594285944429707 0.8836697641362417 0.9568043211907542 0.487982991106118 0.5362954266938404
2024/03/20 19:18:45 - train.py[line:40] - INFO:  Score list: [228507]
2024/03/20 19:18:45 - train.py[line:41] - INFO:  Total score: 228507
2024/03/20 19:18:45 - train.py[line:42] - INFO:  Average score: 228507.0
2024/03/20 19:18:46 - train.py[line:47] - INFO:  After call 23: Best score: 246269.0
2024/03/20 19:18:46 - train.py[line:48] - INFO:  With parameters: [0.012753619412077536, 0.036878574248193415, 0.3777013546556247, 1.6222493070203639, 0.9759965255952973, 1.4261247358320628, 0.5827543064944296, 0.19074884791694974, 0.669071893114881, 0.28337709130634575]
2024/03/20 19:18:46 - train.py[line:49] - INFO:  ====================================

2024/03/20 19:19:51 - train.py[line:39] - INFO:  params: 0.04020217835868068 0.48606179781131476 0.7793090248729768 1.7467247597451911 0.9933217093675087 0.8133071063975674 0.9310200150811866 0.6241456552477741 0.8421864225178075 0.23881596135308997
2024/03/20 19:19:51 - train.py[line:40] - INFO:  Score list: [245239]
2024/03/20 19:19:51 - train.py[line:41] - INFO:  Total score: 245239
2024/03/20 19:19:51 - train.py[line:42] - INFO:  Average score: 245239.0
2024/03/20 19:19:51 - train.py[line:47] - INFO:  After call 24: Best score: 246269.0
2024/03/20 19:19:51 - train.py[line:48] - INFO:  With parameters: [0.012753619412077536, 0.036878574248193415, 0.3777013546556247, 1.6222493070203639, 0.9759965255952973, 1.4261247358320628, 0.5827543064944296, 0.19074884791694974, 0.669071893114881, 0.28337709130634575]
2024/03/20 19:19:51 - train.py[line:49] - INFO:  ====================================

2024/03/20 19:20:47 - train.py[line:39] - INFO:  params: 0.04201722487507576 0.04094901966712062 0.9551047570184854 1.2248616753748949 0.8949826609241666 1.4441354868552372 0.3138239629188991 0.568113957332366 0.5948474588831477 0.2520084201513762
2024/03/20 19:20:47 - train.py[line:40] - INFO:  Score list: [227601]
2024/03/20 19:20:47 - train.py[line:41] - INFO:  Total score: 227601
2024/03/20 19:20:47 - train.py[line:42] - INFO:  Average score: 227601.0
2024/03/20 19:20:47 - train.py[line:47] - INFO:  After call 25: Best score: 246269.0
2024/03/20 19:20:47 - train.py[line:48] - INFO:  With parameters: [0.012753619412077536, 0.036878574248193415, 0.3777013546556247, 1.6222493070203639, 0.9759965255952973, 1.4261247358320628, 0.5827543064944296, 0.19074884791694974, 0.669071893114881, 0.28337709130634575]
2024/03/20 19:20:47 - train.py[line:49] - INFO:  ====================================

2024/03/20 19:21:43 - train.py[line:39] - INFO:  params: 0.04069795569426105 0.6692309933372866 0.8284891169760952 1.5855054383477052 0.512492032711134 1.9313786810926468 0.9862846605012396 1.0544999552573942 0.6728993601409198 0.14877852199895816
2024/03/20 19:21:43 - train.py[line:40] - INFO:  Score list: [253295]
2024/03/20 19:21:43 - train.py[line:41] - INFO:  Total score: 253295
2024/03/20 19:21:43 - train.py[line:42] - INFO:  Average score: 253295.0
2024/03/20 19:21:43 - train.py[line:47] - INFO:  After call 26: Best score: 253295.0
2024/03/20 19:21:43 - train.py[line:48] - INFO:  With parameters: [0.04069795569426105, 0.6692309933372866, 0.8284891169760952, 1.5855054383477052, 0.512492032711134, 1.9313786810926468, 0.9862846605012396, 1.0544999552573942, 0.6728993601409198, 0.14877852199895816]
2024/03/20 19:21:43 - train.py[line:49] - INFO:  ====================================

2024/03/20 19:22:35 - train.py[line:39] - INFO:  params: 0.04800155215131931 0.6700825328844436 0.7242006459665646 0.18660969402840924 0.5789161777208526 1.9079247294100394 0.9229603159581562 0.12541779096183905 0.7799064346462599 0.15917824133540484
2024/03/20 19:22:35 - train.py[line:40] - INFO:  Score list: [200902]
2024/03/20 19:22:35 - train.py[line:41] - INFO:  Total score: 200902
2024/03/20 19:22:35 - train.py[line:42] - INFO:  Average score: 200902.0
2024/03/20 19:22:35 - train.py[line:47] - INFO:  After call 27: Best score: 253295.0
2024/03/20 19:22:35 - train.py[line:48] - INFO:  With parameters: [0.04069795569426105, 0.6692309933372866, 0.8284891169760952, 1.5855054383477052, 0.512492032711134, 1.9313786810926468, 0.9862846605012396, 1.0544999552573942, 0.6728993601409198, 0.14877852199895816]
2024/03/20 19:22:35 - train.py[line:49] - INFO:  ====================================

2024/03/20 19:23:31 - train.py[line:39] - INFO:  params: 0.10347820980089098 0.2531312479491434 0.9715853447627176 1.6273241324657488 0.15866469325070012 1.8892865640130387 0.9082719156433818 0.21196678369436955 0.3814282515177304 0.074190081907361
2024/03/20 19:23:31 - train.py[line:40] - INFO:  Score list: [254242]
2024/03/20 19:23:31 - train.py[line:41] - INFO:  Total score: 254242
2024/03/20 19:23:31 - train.py[line:42] - INFO:  Average score: 254242.0
2024/03/20 19:23:32 - train.py[line:47] - INFO:  After call 28: Best score: 254242.0
2024/03/20 19:23:32 - train.py[line:48] - INFO:  With parameters: [0.10347820980089098, 0.2531312479491434, 0.9715853447627176, 1.6273241324657488, 0.15866469325070012, 1.8892865640130387, 0.9082719156433818, 0.21196678369436955, 0.3814282515177304, 0.074190081907361]
2024/03/20 19:23:32 - train.py[line:49] - INFO:  ====================================

2024/03/20 19:24:30 - train.py[line:39] - INFO:  params: 0.6414042739890797 0.38255033219366597 0.9045025741861993 1.8359705359178282 0.6870743395527291 1.8736721626464592 0.8542382691093466 0.6847458206732665 0.9619881001046299 0.03872846573564038
2024/03/20 19:24:30 - train.py[line:40] - INFO:  Score list: [247995]
2024/03/20 19:24:30 - train.py[line:41] - INFO:  Total score: 247995
2024/03/20 19:24:30 - train.py[line:42] - INFO:  Average score: 247995.0
2024/03/20 19:24:31 - train.py[line:47] - INFO:  After call 29: Best score: 254242.0
2024/03/20 19:24:31 - train.py[line:48] - INFO:  With parameters: [0.10347820980089098, 0.2531312479491434, 0.9715853447627176, 1.6273241324657488, 0.15866469325070012, 1.8892865640130387, 0.9082719156433818, 0.21196678369436955, 0.3814282515177304, 0.074190081907361]
2024/03/20 19:24:31 - train.py[line:49] - INFO:  ====================================

2024/03/20 19:25:23 - train.py[line:39] - INFO:  params: 0.29044132482118595 0.20314405939850105 0.8056750904714486 1.971498385740644 0.6513537223722912 1.8317091063622486 0.765565835769018 0.15110207423133584 0.22432895497409128 0.07241374536312119
2024/03/20 19:25:23 - train.py[line:40] - INFO:  Score list: [250681]
2024/03/20 19:25:23 - train.py[line:41] - INFO:  Total score: 250681
2024/03/20 19:25:23 - train.py[line:42] - INFO:  Average score: 250681.0
2024/03/20 19:25:23 - train.py[line:47] - INFO:  After call 30: Best score: 254242.0
2024/03/20 19:25:23 - train.py[line:48] - INFO:  With parameters: [0.10347820980089098, 0.2531312479491434, 0.9715853447627176, 1.6273241324657488, 0.15866469325070012, 1.8892865640130387, 0.9082719156433818, 0.21196678369436955, 0.3814282515177304, 0.074190081907361]
2024/03/20 19:25:23 - train.py[line:49] - INFO:  ====================================

2024/03/20 19:26:15 - train.py[line:39] - INFO:  params: 0.17363408843418285 0.6438276893083933 0.7464677773125988 1.7895521291687724 0.11585321373697469 1.876319006499518 0.6360664624325897 0.9938105423686268 0.46764299275944043 0.17581656992652708
2024/03/20 19:26:15 - train.py[line:40] - INFO:  Score list: [251889]
2024/03/20 19:26:15 - train.py[line:41] - INFO:  Total score: 251889
2024/03/20 19:26:15 - train.py[line:42] - INFO:  Average score: 251889.0
2024/03/20 19:26:15 - train.py[line:47] - INFO:  After call 31: Best score: 254242.0
2024/03/20 19:26:15 - train.py[line:48] - INFO:  With parameters: [0.10347820980089098, 0.2531312479491434, 0.9715853447627176, 1.6273241324657488, 0.15866469325070012, 1.8892865640130387, 0.9082719156433818, 0.21196678369436955, 0.3814282515177304, 0.074190081907361]
2024/03/20 19:26:15 - train.py[line:49] - INFO:  ====================================

2024/03/20 19:27:07 - train.py[line:39] - INFO:  params: 0.23147823403778983 0.9429991815421662 0.9309127154266044 1.4413200706049478 0.663179531426732 1.9595696002307414 0.7110174467515475 0.3534470109590678 0.3848487713662133 0.19283052166496445
2024/03/20 19:27:07 - train.py[line:40] - INFO:  Score list: [246055]
2024/03/20 19:27:07 - train.py[line:41] - INFO:  Total score: 246055
2024/03/20 19:27:07 - train.py[line:42] - INFO:  Average score: 246055.0
2024/03/20 19:27:07 - train.py[line:47] - INFO:  After call 32: Best score: 254242.0
2024/03/20 19:27:07 - train.py[line:48] - INFO:  With parameters: [0.10347820980089098, 0.2531312479491434, 0.9715853447627176, 1.6273241324657488, 0.15866469325070012, 1.8892865640130387, 0.9082719156433818, 0.21196678369436955, 0.3814282515177304, 0.074190081907361]
2024/03/20 19:27:07 - train.py[line:49] - INFO:  ====================================

2024/03/20 19:28:08 - train.py[line:39] - INFO:  params: 0.009171770000609538 0.2155000191246414 0.8642728565315324 1.3662841329832383 0.14313997574630313 1.9315673089127172 0.6883696222315253 0.7898069957051606 0.9613565336334932 0.055427741696034497
2024/03/20 19:28:08 - train.py[line:40] - INFO:  Score list: [241744]
2024/03/20 19:28:08 - train.py[line:41] - INFO:  Total score: 241744
2024/03/20 19:28:08 - train.py[line:42] - INFO:  Average score: 241744.0
2024/03/20 19:28:08 - train.py[line:47] - INFO:  After call 33: Best score: 254242.0
2024/03/20 19:28:08 - train.py[line:48] - INFO:  With parameters: [0.10347820980089098, 0.2531312479491434, 0.9715853447627176, 1.6273241324657488, 0.15866469325070012, 1.8892865640130387, 0.9082719156433818, 0.21196678369436955, 0.3814282515177304, 0.074190081907361]
2024/03/20 19:28:08 - train.py[line:49] - INFO:  ====================================

2024/03/20 19:29:01 - train.py[line:39] - INFO:  params: 0.24496624876412781 0.5421537438309518 0.7371373080530241 1.7874327979540061 0.5998175852277693 1.8415156407230686 0.5688381783174851 1.0002919399984256 0.5310768678766237 0.38834421089408677
2024/03/20 19:29:01 - train.py[line:40] - INFO:  Score list: [225831]
2024/03/20 19:29:01 - train.py[line:41] - INFO:  Total score: 225831
2024/03/20 19:29:01 - train.py[line:42] - INFO:  Average score: 225831.0
2024/03/20 19:29:02 - train.py[line:47] - INFO:  After call 34: Best score: 254242.0
2024/03/20 19:29:02 - train.py[line:48] - INFO:  With parameters: [0.10347820980089098, 0.2531312479491434, 0.9715853447627176, 1.6273241324657488, 0.15866469325070012, 1.8892865640130387, 0.9082719156433818, 0.21196678369436955, 0.3814282515177304, 0.074190081907361]
2024/03/20 19:29:02 - train.py[line:49] - INFO:  ====================================

2024/03/20 19:29:54 - train.py[line:39] - INFO:  params: 0.17455304298566157 0.5306677394337836 0.7832490623036632 1.1852905858855196 0.5410182194287267 1.9770500204004606 0.9752333108515168 0.7162144863838608 0.42640735143809405 0.1113117400999846
2024/03/20 19:29:54 - train.py[line:40] - INFO:  Score list: [248814]
2024/03/20 19:29:54 - train.py[line:41] - INFO:  Total score: 248814
2024/03/20 19:29:54 - train.py[line:42] - INFO:  Average score: 248814.0
2024/03/20 19:29:54 - train.py[line:47] - INFO:  After call 35: Best score: 254242.0
2024/03/20 19:29:54 - train.py[line:48] - INFO:  With parameters: [0.10347820980089098, 0.2531312479491434, 0.9715853447627176, 1.6273241324657488, 0.15866469325070012, 1.8892865640130387, 0.9082719156433818, 0.21196678369436955, 0.3814282515177304, 0.074190081907361]
2024/03/20 19:29:54 - train.py[line:49] - INFO:  ====================================

2024/03/20 19:30:46 - train.py[line:39] - INFO:  params: 0.48461265189611147 0.960166821692957 0.9663661558635963 1.8219416670049218 0.04990026890483891 1.8808249965111565 0.260404677323862 1.2251731772865413 0.4401564875536229 0.10914359711818569
2024/03/20 19:30:46 - train.py[line:40] - INFO:  Score list: [245228]
2024/03/20 19:30:46 - train.py[line:41] - INFO:  Total score: 245228
2024/03/20 19:30:46 - train.py[line:42] - INFO:  Average score: 245228.0
2024/03/20 19:30:46 - train.py[line:47] - INFO:  After call 36: Best score: 254242.0
2024/03/20 19:30:46 - train.py[line:48] - INFO:  With parameters: [0.10347820980089098, 0.2531312479491434, 0.9715853447627176, 1.6273241324657488, 0.15866469325070012, 1.8892865640130387, 0.9082719156433818, 0.21196678369436955, 0.3814282515177304, 0.074190081907361]
2024/03/20 19:30:46 - train.py[line:49] - INFO:  ====================================

2024/03/20 19:31:38 - train.py[line:39] - INFO:  params: 0.21053256281581462 0.5123108425599218 0.8459220286193404 0.750134310015339 0.028581067763579056 1.8423382154039531 0.9149698026988091 0.2126441248847733 0.0015988357845855288 0.04982235579345175
2024/03/20 19:31:38 - train.py[line:40] - INFO:  Score list: [254515]
2024/03/20 19:31:38 - train.py[line:41] - INFO:  Total score: 254515
2024/03/20 19:31:38 - train.py[line:42] - INFO:  Average score: 254515.0
2024/03/20 19:31:38 - train.py[line:47] - INFO:  After call 37: Best score: 254515.0
2024/03/20 19:31:38 - train.py[line:48] - INFO:  With parameters: [0.21053256281581462, 0.5123108425599218, 0.8459220286193404, 0.750134310015339, 0.028581067763579056, 1.8423382154039531, 0.9149698026988091, 0.2126441248847733, 0.0015988357845855288, 0.04982235579345175]
2024/03/20 19:31:38 - train.py[line:49] - INFO:  ====================================

2024/03/20 19:32:30 - train.py[line:39] - INFO:  params: 0.578252375160464 0.31776487348536525 0.8269484200781868 0.804630309456648 0.0029495789556270866 1.990188165771226 0.7651437906734462 0.20052518375173084 0.11183925341153436 0.057019094468259826
2024/03/20 19:32:30 - train.py[line:40] - INFO:  Score list: [238268]
2024/03/20 19:32:30 - train.py[line:41] - INFO:  Total score: 238268
2024/03/20 19:32:30 - train.py[line:42] - INFO:  Average score: 238268.0
2024/03/20 19:32:30 - train.py[line:47] - INFO:  After call 38: Best score: 254515.0
2024/03/20 19:32:30 - train.py[line:48] - INFO:  With parameters: [0.21053256281581462, 0.5123108425599218, 0.8459220286193404, 0.750134310015339, 0.028581067763579056, 1.8423382154039531, 0.9149698026988091, 0.2126441248847733, 0.0015988357845855288, 0.04982235579345175]
2024/03/20 19:32:30 - train.py[line:49] - INFO:  ====================================

2024/03/20 19:33:22 - train.py[line:39] - INFO:  params: 0.09189159284164307 0.6694848356342268 0.9792894055386638 1.1095082692776412 0.6785036788976332 1.909759684599457 0.9155966878353531 1.1614736223493947 0.5668163205313955 0.07256960094492017
2024/03/20 19:33:22 - train.py[line:40] - INFO:  Score list: [245521]
2024/03/20 19:33:22 - train.py[line:41] - INFO:  Total score: 245521
2024/03/20 19:33:22 - train.py[line:42] - INFO:  Average score: 245521.0
2024/03/20 19:33:23 - train.py[line:47] - INFO:  After call 39: Best score: 254515.0
2024/03/20 19:33:23 - train.py[line:48] - INFO:  With parameters: [0.21053256281581462, 0.5123108425599218, 0.8459220286193404, 0.750134310015339, 0.028581067763579056, 1.8423382154039531, 0.9149698026988091, 0.2126441248847733, 0.0015988357845855288, 0.04982235579345175]
2024/03/20 19:33:23 - train.py[line:49] - INFO:  ====================================

2024/03/20 19:34:14 - train.py[line:39] - INFO:  params: 0.3325661247170126 0.8447200742144695 0.8048349217780646 0.7923718315862027 0.00610883493154535 1.849176321845709 0.9533754212456164 0.8424312115326278 0.742753843034141 0.10083645065482008
2024/03/20 19:34:14 - train.py[line:40] - INFO:  Score list: [249405]
2024/03/20 19:34:14 - train.py[line:41] - INFO:  Total score: 249405
2024/03/20 19:34:14 - train.py[line:42] - INFO:  Average score: 249405.0
2024/03/20 19:34:14 - train.py[line:47] - INFO:  After call 40: Best score: 254515.0
2024/03/20 19:34:14 - train.py[line:48] - INFO:  With parameters: [0.21053256281581462, 0.5123108425599218, 0.8459220286193404, 0.750134310015339, 0.028581067763579056, 1.8423382154039531, 0.9149698026988091, 0.2126441248847733, 0.0015988357845855288, 0.04982235579345175]
2024/03/20 19:34:14 - train.py[line:49] - INFO:  ====================================

2024/03/20 19:35:15 - train.py[line:39] - INFO:  params: 0.2977348221096206 0.07991816319460666 0.9641783486826274 0.5187337895621343 0.2095447005421041 1.8442857418811276 0.9877000121814932 1.2560887111971228 0.36120975193858723 0.17868318887698634
2024/03/20 19:35:15 - train.py[line:40] - INFO:  Score list: [227390]
2024/03/20 19:35:15 - train.py[line:41] - INFO:  Total score: 227390
2024/03/20 19:35:15 - train.py[line:42] - INFO:  Average score: 227390.0
2024/03/20 19:35:15 - train.py[line:47] - INFO:  After call 41: Best score: 254515.0
2024/03/20 19:35:15 - train.py[line:48] - INFO:  With parameters: [0.21053256281581462, 0.5123108425599218, 0.8459220286193404, 0.750134310015339, 0.028581067763579056, 1.8423382154039531, 0.9149698026988091, 0.2126441248847733, 0.0015988357845855288, 0.04982235579345175]
2024/03/20 19:35:15 - train.py[line:49] - INFO:  ====================================

2024/03/20 19:36:28 - train.py[line:39] - INFO:  params: 0.15353977552293577 0.5594825818434687 0.7299802399768356 0.6489720695739786 0.06598360151205308 1.821484649532787 0.765095991515807 0.461247596943141 0.7815270541770108 0.05344867785061537
2024/03/20 19:36:28 - train.py[line:40] - INFO:  Score list: [249357]
2024/03/20 19:36:28 - train.py[line:41] - INFO:  Total score: 249357
2024/03/20 19:36:28 - train.py[line:42] - INFO:  Average score: 249357.0
2024/03/20 19:36:28 - train.py[line:47] - INFO:  After call 42: Best score: 254515.0
2024/03/20 19:36:28 - train.py[line:48] - INFO:  With parameters: [0.21053256281581462, 0.5123108425599218, 0.8459220286193404, 0.750134310015339, 0.028581067763579056, 1.8423382154039531, 0.9149698026988091, 0.2126441248847733, 0.0015988357845855288, 0.04982235579345175]
2024/03/20 19:36:28 - train.py[line:49] - INFO:  ====================================

2024/03/20 19:37:49 - train.py[line:39] - INFO:  params: 0.26964421054654303 0.010682116945636368 0.7327767067267065 1.7325232914816224 0.6895854163574511 1.88337770945724 0.15963477801858375 0.30397976575570823 0.8184099785546718 0.09059171129071043
2024/03/20 19:37:49 - train.py[line:40] - INFO:  Score list: [165325]
2024/03/20 19:37:49 - train.py[line:41] - INFO:  Total score: 165325
2024/03/20 19:37:49 - train.py[line:42] - INFO:  Average score: 165325.0
2024/03/20 19:37:49 - train.py[line:47] - INFO:  After call 43: Best score: 254515.0
2024/03/20 19:37:49 - train.py[line:48] - INFO:  With parameters: [0.21053256281581462, 0.5123108425599218, 0.8459220286193404, 0.750134310015339, 0.028581067763579056, 1.8423382154039531, 0.9149698026988091, 0.2126441248847733, 0.0015988357845855288, 0.04982235579345175]
2024/03/20 19:37:49 - train.py[line:49] - INFO:  ====================================

2024/03/20 19:39:14 - train.py[line:39] - INFO:  params: 0.4131733473504592 0.12629041366490326 0.6644345047109876 1.81533507222454 0.4763305764460338 0.5707775584599976 0.6024933961105987 0.27945469091785285 0.8246383544704317 0.004603641808955229
2024/03/20 19:39:14 - train.py[line:40] - INFO:  Score list: [230287]
2024/03/20 19:39:14 - train.py[line:41] - INFO:  Total score: 230287
2024/03/20 19:39:14 - train.py[line:42] - INFO:  Average score: 230287.0
2024/03/20 19:39:14 - train.py[line:47] - INFO:  After call 44: Best score: 254515.0
2024/03/20 19:39:14 - train.py[line:48] - INFO:  With parameters: [0.21053256281581462, 0.5123108425599218, 0.8459220286193404, 0.750134310015339, 0.028581067763579056, 1.8423382154039531, 0.9149698026988091, 0.2126441248847733, 0.0015988357845855288, 0.04982235579345175]
2024/03/20 19:39:14 - train.py[line:49] - INFO:  ====================================

2024/03/20 19:40:30 - train.py[line:39] - INFO:  params: 0.018521951556472852 0.6982232652821838 0.06256287868202294 1.9372349253545167 0.10783798248603818 1.706391533672021 0.45411990028240523 0.18583488807455087 0.7639689891369342 0.07087302366327265
2024/03/20 19:40:30 - train.py[line:40] - INFO:  Score list: [249079]
2024/03/20 19:40:30 - train.py[line:41] - INFO:  Total score: 249079
2024/03/20 19:40:30 - train.py[line:42] - INFO:  Average score: 249079.0
2024/03/20 19:40:30 - train.py[line:47] - INFO:  After call 45: Best score: 254515.0
2024/03/20 19:40:30 - train.py[line:48] - INFO:  With parameters: [0.21053256281581462, 0.5123108425599218, 0.8459220286193404, 0.750134310015339, 0.028581067763579056, 1.8423382154039531, 0.9149698026988091, 0.2126441248847733, 0.0015988357845855288, 0.04982235579345175]
2024/03/20 19:40:30 - train.py[line:49] - INFO:  ====================================

2024/03/20 19:41:42 - train.py[line:39] - INFO:  params: 0.15784493820408355 0.6019716758113457 0.6707032449761438 1.720185419440621 0.007583557690839628 1.9608276704184928 0.38693378738727424 0.8046247759752196 0.8970545509576807 0.08540001397489495
2024/03/20 19:41:42 - train.py[line:40] - INFO:  Score list: [254024]
2024/03/20 19:41:42 - train.py[line:41] - INFO:  Total score: 254024
2024/03/20 19:41:42 - train.py[line:42] - INFO:  Average score: 254024.0
2024/03/20 19:41:43 - train.py[line:47] - INFO:  After call 46: Best score: 254515.0
2024/03/20 19:41:43 - train.py[line:48] - INFO:  With parameters: [0.21053256281581462, 0.5123108425599218, 0.8459220286193404, 0.750134310015339, 0.028581067763579056, 1.8423382154039531, 0.9149698026988091, 0.2126441248847733, 0.0015988357845855288, 0.04982235579345175]
2024/03/20 19:41:43 - train.py[line:49] - INFO:  ====================================

2024/03/20 19:42:48 - train.py[line:39] - INFO:  params: 0.13819014057032022 0.38449019632871484 0.7992521323525295 1.8075365535797705 0.09268756607210106 1.5516452551155286 0.19325036077219376 0.5669019049795901 0.14677387364855168 0.014877972656642372
2024/03/20 19:42:48 - train.py[line:40] - INFO:  Score list: [257196]
2024/03/20 19:42:48 - train.py[line:41] - INFO:  Total score: 257196
2024/03/20 19:42:48 - train.py[line:42] - INFO:  Average score: 257196.0
2024/03/20 19:42:49 - train.py[line:47] - INFO:  After call 47: Best score: 257196.0
2024/03/20 19:42:49 - train.py[line:48] - INFO:  With parameters: [0.13819014057032022, 0.38449019632871484, 0.7992521323525295, 1.8075365535797705, 0.09268756607210106, 1.5516452551155286, 0.19325036077219376, 0.5669019049795901, 0.14677387364855168, 0.014877972656642372]
2024/03/20 19:42:49 - train.py[line:49] - INFO:  ====================================

2024/03/20 19:44:07 - train.py[line:39] - INFO:  params: 0.11054522046555318 0.8183178832939544 0.3192189601875734 1.630540380457032 0.04073101672039881 1.7277020044246 0.04672129421714622 0.08967838955639819 0.9505179988210494 0.02358748104359077
2024/03/20 19:44:07 - train.py[line:40] - INFO:  Score list: [246791]
2024/03/20 19:44:07 - train.py[line:41] - INFO:  Total score: 246791
2024/03/20 19:44:07 - train.py[line:42] - INFO:  Average score: 246791.0
2024/03/20 19:44:07 - train.py[line:47] - INFO:  After call 48: Best score: 257196.0
2024/03/20 19:44:07 - train.py[line:48] - INFO:  With parameters: [0.13819014057032022, 0.38449019632871484, 0.7992521323525295, 1.8075365535797705, 0.09268756607210106, 1.5516452551155286, 0.19325036077219376, 0.5669019049795901, 0.14677387364855168, 0.014877972656642372]
2024/03/20 19:44:07 - train.py[line:49] - INFO:  ====================================

2024/03/20 19:45:36 - train.py[line:39] - INFO:  params: 0.19474879138430207 0.605949850963652 0.6560511868869121 1.7771482165543742 0.001056544604283616 1.8820444299647712 0.15168556545672643 0.3912196686716175 0.14252281338911968 0.051028346838304386
2024/03/20 19:45:36 - train.py[line:40] - INFO:  Score list: [236018]
2024/03/20 19:45:36 - train.py[line:41] - INFO:  Total score: 236018
2024/03/20 19:45:36 - train.py[line:42] - INFO:  Average score: 236018.0
2024/03/20 19:45:36 - train.py[line:47] - INFO:  After call 49: Best score: 257196.0
2024/03/20 19:45:36 - train.py[line:48] - INFO:  With parameters: [0.13819014057032022, 0.38449019632871484, 0.7992521323525295, 1.8075365535797705, 0.09268756607210106, 1.5516452551155286, 0.19325036077219376, 0.5669019049795901, 0.14677387364855168, 0.014877972656642372]
2024/03/20 19:45:36 - train.py[line:49] - INFO:  ====================================

2024/03/20 19:46:45 - train.py[line:39] - INFO:  params: 0.14233197149755386 0.2804728897659849 0.6710977645631464 1.1811185831938955 0.3734155437249707 1.804746032799415 0.03546924375304817 0.5302273273854511 0.665027983170769 0.12521705871336078
2024/03/20 19:46:45 - train.py[line:40] - INFO:  Score list: [182652]
2024/03/20 19:46:45 - train.py[line:41] - INFO:  Total score: 182652
2024/03/20 19:46:45 - train.py[line:42] - INFO:  Average score: 182652.0
2024/03/20 19:46:46 - train.py[line:47] - INFO:  After call 50: Best score: 257196.0
2024/03/20 19:46:46 - train.py[line:48] - INFO:  With parameters: [0.13819014057032022, 0.38449019632871484, 0.7992521323525295, 1.8075365535797705, 0.09268756607210106, 1.5516452551155286, 0.19325036077219376, 0.5669019049795901, 0.14677387364855168, 0.014877972656642372]
2024/03/20 19:46:46 - train.py[line:49] - INFO:  ====================================

2024/03/20 19:47:49 - train.py[line:39] - INFO:  params: 0.09655990680551543 0.18272416297197128 0.03395611870887028 1.7410304924764934 0.10928404207105649 0.42918444939124767 0.06901046055693429 1.0620560409693531 0.6480240058327433 0.08762554617630082
2024/03/20 19:47:49 - train.py[line:40] - INFO:  Score list: [221112]
2024/03/20 19:47:49 - train.py[line:41] - INFO:  Total score: 221112
2024/03/20 19:47:49 - train.py[line:42] - INFO:  Average score: 221112.0
2024/03/20 19:47:50 - train.py[line:47] - INFO:  After call 51: Best score: 257196.0
2024/03/20 19:47:50 - train.py[line:48] - INFO:  With parameters: [0.13819014057032022, 0.38449019632871484, 0.7992521323525295, 1.8075365535797705, 0.09268756607210106, 1.5516452551155286, 0.19325036077219376, 0.5669019049795901, 0.14677387364855168, 0.014877972656642372]
2024/03/20 19:47:50 - train.py[line:49] - INFO:  ====================================

2024/03/20 19:49:06 - train.py[line:39] - INFO:  params: 0.6408240670202017 0.42898169847462475 0.5874514713145108 1.937665427552668 0.10157033360086323 1.6080009940549604 0.15573095798556505 0.7012745679609645 0.433183936012122 0.12091469714265893
2024/03/20 19:49:06 - train.py[line:40] - INFO:  Score list: [228969]
2024/03/20 19:49:06 - train.py[line:41] - INFO:  Total score: 228969
2024/03/20 19:49:06 - train.py[line:42] - INFO:  Average score: 228969.0
2024/03/20 19:49:07 - train.py[line:47] - INFO:  After call 52: Best score: 257196.0
2024/03/20 19:49:07 - train.py[line:48] - INFO:  With parameters: [0.13819014057032022, 0.38449019632871484, 0.7992521323525295, 1.8075365535797705, 0.09268756607210106, 1.5516452551155286, 0.19325036077219376, 0.5669019049795901, 0.14677387364855168, 0.014877972656642372]
2024/03/20 19:49:07 - train.py[line:49] - INFO:  ====================================

2024/03/20 19:50:07 - train.py[line:39] - INFO:  params: 0.18672772976900545 0.671935994977186 0.8439766814819272 1.4787319593726183 0.15747139425356652 1.765468643284673 0.0229115196187113 0.4728845917360992 0.382178017758392 0.058435656663639604
2024/03/20 19:50:07 - train.py[line:40] - INFO:  Score list: [175636]
2024/03/20 19:50:07 - train.py[line:41] - INFO:  Total score: 175636
2024/03/20 19:50:07 - train.py[line:42] - INFO:  Average score: 175636.0
2024/03/20 19:50:07 - train.py[line:47] - INFO:  After call 53: Best score: 257196.0
2024/03/20 19:50:07 - train.py[line:48] - INFO:  With parameters: [0.13819014057032022, 0.38449019632871484, 0.7992521323525295, 1.8075365535797705, 0.09268756607210106, 1.5516452551155286, 0.19325036077219376, 0.5669019049795901, 0.14677387364855168, 0.014877972656642372]
2024/03/20 19:50:07 - train.py[line:49] - INFO:  ====================================

2024/03/20 19:51:15 - train.py[line:39] - INFO:  params: 0.022697502135612172 0.15953368721172714 0.6991554023644178 1.7190128394739053 0.13272664687583072 1.8500067100920083 0.19849985892852612 0.3600662198476399 0.5595652014129647 0.1431688629851822
2024/03/20 19:51:15 - train.py[line:40] - INFO:  Score list: [230962]
2024/03/20 19:51:15 - train.py[line:41] - INFO:  Total score: 230962
2024/03/20 19:51:15 - train.py[line:42] - INFO:  Average score: 230962.0
2024/03/20 19:51:15 - train.py[line:47] - INFO:  After call 54: Best score: 257196.0
2024/03/20 19:51:15 - train.py[line:48] - INFO:  With parameters: [0.13819014057032022, 0.38449019632871484, 0.7992521323525295, 1.8075365535797705, 0.09268756607210106, 1.5516452551155286, 0.19325036077219376, 0.5669019049795901, 0.14677387364855168, 0.014877972656642372]
2024/03/20 19:51:15 - train.py[line:49] - INFO:  ====================================

2024/03/20 19:52:24 - train.py[line:39] - INFO:  params: 0.1516151599719249 0.780825116439226 0.8342853986639799 0.7503648821288582 0.12952991143643325 1.5501795128680678 0.18366331793209748 0.6417069845878672 0.11033601169716103 0.04105839731832029
2024/03/20 19:52:24 - train.py[line:40] - INFO:  Score list: [251753]
2024/03/20 19:52:24 - train.py[line:41] - INFO:  Total score: 251753
2024/03/20 19:52:24 - train.py[line:42] - INFO:  Average score: 251753.0
2024/03/20 19:52:24 - train.py[line:47] - INFO:  After call 55: Best score: 257196.0
2024/03/20 19:52:24 - train.py[line:48] - INFO:  With parameters: [0.13819014057032022, 0.38449019632871484, 0.7992521323525295, 1.8075365535797705, 0.09268756607210106, 1.5516452551155286, 0.19325036077219376, 0.5669019049795901, 0.14677387364855168, 0.014877972656642372]
2024/03/20 19:52:24 - train.py[line:49] - INFO:  ====================================

2024/03/20 19:53:22 - train.py[line:39] - INFO:  params: 0.4440134125887105 0.7736957519696213 0.9787761064485004 1.244473595974209 0.03609763027027891 1.8023240316070723 0.12534599254478854 0.9559361402547046 0.3676096860905201 0.021170932004015878
2024/03/20 19:53:22 - train.py[line:40] - INFO:  Score list: [249211]
2024/03/20 19:53:22 - train.py[line:41] - INFO:  Total score: 249211
2024/03/20 19:53:22 - train.py[line:42] - INFO:  Average score: 249211.0
2024/03/20 19:53:23 - train.py[line:47] - INFO:  After call 56: Best score: 257196.0
2024/03/20 19:53:23 - train.py[line:48] - INFO:  With parameters: [0.13819014057032022, 0.38449019632871484, 0.7992521323525295, 1.8075365535797705, 0.09268756607210106, 1.5516452551155286, 0.19325036077219376, 0.5669019049795901, 0.14677387364855168, 0.014877972656642372]
2024/03/20 19:53:23 - train.py[line:49] - INFO:  ====================================

2024/03/20 19:54:19 - train.py[line:39] - INFO:  params: 0.08886221497472092 0.9270432430266786 0.7333579465919274 1.535970447629001 0.2891248835900893 1.6830064917617729 0.20731018354478942 0.8229543982448508 0.12303093327602724 0.01541931171463529
2024/03/20 19:54:19 - train.py[line:40] - INFO:  Score list: [247633]
2024/03/20 19:54:19 - train.py[line:41] - INFO:  Total score: 247633
2024/03/20 19:54:19 - train.py[line:42] - INFO:  Average score: 247633.0
2024/03/20 19:54:19 - train.py[line:47] - INFO:  After call 57: Best score: 257196.0
2024/03/20 19:54:19 - train.py[line:48] - INFO:  With parameters: [0.13819014057032022, 0.38449019632871484, 0.7992521323525295, 1.8075365535797705, 0.09268756607210106, 1.5516452551155286, 0.19325036077219376, 0.5669019049795901, 0.14677387364855168, 0.014877972656642372]
2024/03/20 19:54:19 - train.py[line:49] - INFO:  ====================================

2024/03/20 19:55:17 - train.py[line:39] - INFO:  params: 0.7749665265530519 0.8219599994218669 0.9917258768438599 1.442752279171029 0.2169948780056276 0.014939452970109238 0.08922872944623707 0.8118965095349895 0.013260754107782161 0.05438333746674408
2024/03/20 19:55:17 - train.py[line:40] - INFO:  Score list: [248903]
2024/03/20 19:55:17 - train.py[line:41] - INFO:  Total score: 248903
2024/03/20 19:55:17 - train.py[line:42] - INFO:  Average score: 248903.0
2024/03/20 19:55:17 - train.py[line:47] - INFO:  After call 58: Best score: 257196.0
2024/03/20 19:55:17 - train.py[line:48] - INFO:  With parameters: [0.13819014057032022, 0.38449019632871484, 0.7992521323525295, 1.8075365535797705, 0.09268756607210106, 1.5516452551155286, 0.19325036077219376, 0.5669019049795901, 0.14677387364855168, 0.014877972656642372]
2024/03/20 19:55:17 - train.py[line:49] - INFO:  ====================================

2024/03/20 19:56:15 - train.py[line:39] - INFO:  params: 0.11722138592692102 0.768767285795848 0.8497863888683065 1.969770969692086 0.274843223363272 1.9339138426817264 0.2376928848057151 0.1970734059172093 0.9938675612728045 0.014568943677551686
2024/03/20 19:56:15 - train.py[line:40] - INFO:  Score list: [252369]
2024/03/20 19:56:15 - train.py[line:41] - INFO:  Total score: 252369
2024/03/20 19:56:15 - train.py[line:42] - INFO:  Average score: 252369.0
2024/03/20 19:56:16 - train.py[line:47] - INFO:  After call 59: Best score: 257196.0
2024/03/20 19:56:16 - train.py[line:48] - INFO:  With parameters: [0.13819014057032022, 0.38449019632871484, 0.7992521323525295, 1.8075365535797705, 0.09268756607210106, 1.5516452551155286, 0.19325036077219376, 0.5669019049795901, 0.14677387364855168, 0.014877972656642372]
2024/03/20 19:56:16 - train.py[line:49] - INFO:  ====================================

2024/03/20 19:57:10 - train.py[line:39] - INFO:  params: 0.37513968563340316 0.7285008749412365 0.9037098388779181 0.827047599836017 0.2126945523140184 1.3795372266303918 0.1354230695161273 0.8691773572887003 0.6703639173828708 0.0031754753424722013
2024/03/20 19:57:10 - train.py[line:40] - INFO:  Score list: [243215]
2024/03/20 19:57:10 - train.py[line:41] - INFO:  Total score: 243215
2024/03/20 19:57:10 - train.py[line:42] - INFO:  Average score: 243215.0
2024/03/20 19:57:11 - train.py[line:47] - INFO:  After call 60: Best score: 257196.0
2024/03/20 19:57:11 - train.py[line:48] - INFO:  With parameters: [0.13819014057032022, 0.38449019632871484, 0.7992521323525295, 1.8075365535797705, 0.09268756607210106, 1.5516452551155286, 0.19325036077219376, 0.5669019049795901, 0.14677387364855168, 0.014877972656642372]
2024/03/20 19:57:11 - train.py[line:49] - INFO:  ====================================

2024/03/20 19:58:07 - train.py[line:39] - INFO:  params: 0.3411047272096665 0.7635403273984419 0.8552549480892178 1.0116649820143069 0.4446521306899709 1.984927269375251 0.15117841254551082 0.5080050912807405 0.17974140625668147 0.046157205339029346
2024/03/20 19:58:07 - train.py[line:40] - INFO:  Score list: [247317]
2024/03/20 19:58:07 - train.py[line:41] - INFO:  Total score: 247317
2024/03/20 19:58:07 - train.py[line:42] - INFO:  Average score: 247317.0
2024/03/20 19:58:08 - train.py[line:47] - INFO:  After call 61: Best score: 257196.0
2024/03/20 19:58:08 - train.py[line:48] - INFO:  With parameters: [0.13819014057032022, 0.38449019632871484, 0.7992521323525295, 1.8075365535797705, 0.09268756607210106, 1.5516452551155286, 0.19325036077219376, 0.5669019049795901, 0.14677387364855168, 0.014877972656642372]
2024/03/20 19:58:08 - train.py[line:49] - INFO:  ====================================

2024/03/20 19:59:08 - train.py[line:39] - INFO:  params: 0.5511346687959269 0.8339216666671484 0.8962531466595723 1.2519666165114014 0.22039712466286615 1.7610390248224252 0.00595987190323777 1.0169383220246484 0.0864370368268891 0.02984536014725237
2024/03/20 19:59:08 - train.py[line:40] - INFO:  Score list: [242223]
2024/03/20 19:59:08 - train.py[line:41] - INFO:  Total score: 242223
2024/03/20 19:59:08 - train.py[line:42] - INFO:  Average score: 242223.0
2024/03/20 19:59:08 - train.py[line:47] - INFO:  After call 62: Best score: 257196.0
2024/03/20 19:59:08 - train.py[line:48] - INFO:  With parameters: [0.13819014057032022, 0.38449019632871484, 0.7992521323525295, 1.8075365535797705, 0.09268756607210106, 1.5516452551155286, 0.19325036077219376, 0.5669019049795901, 0.14677387364855168, 0.014877972656642372]
2024/03/20 19:59:08 - train.py[line:49] - INFO:  ====================================

2024/03/20 20:00:11 - train.py[line:39] - INFO:  params: 0.17365817777499618 0.8110294049565019 0.0056879939282386 1.3156826604819531 0.3203958434775614 1.5043144139334779 0.01941175701469167 1.7254766321887236 0.10371914616129788 0.019624485428942243
2024/03/20 20:00:11 - train.py[line:40] - INFO:  Score list: [252732]
2024/03/20 20:00:11 - train.py[line:41] - INFO:  Total score: 252732
2024/03/20 20:00:11 - train.py[line:42] - INFO:  Average score: 252732.0
2024/03/20 20:00:11 - train.py[line:47] - INFO:  After call 63: Best score: 257196.0
2024/03/20 20:00:11 - train.py[line:48] - INFO:  With parameters: [0.13819014057032022, 0.38449019632871484, 0.7992521323525295, 1.8075365535797705, 0.09268756607210106, 1.5516452551155286, 0.19325036077219376, 0.5669019049795901, 0.14677387364855168, 0.014877972656642372]
2024/03/20 20:00:11 - train.py[line:49] - INFO:  ====================================

2024/03/20 20:01:16 - train.py[line:39] - INFO:  params: 0.13149763307175336 0.3871402084937481 0.3929484815916241 1.1121653512143148 0.11274041879343813 1.4568666742856644 0.11058320204755948 0.44800521903530865 0.17413415906422894 0.026035733620077835
2024/03/20 20:01:16 - train.py[line:40] - INFO:  Score list: [235914]
2024/03/20 20:01:16 - train.py[line:41] - INFO:  Total score: 235914
2024/03/20 20:01:16 - train.py[line:42] - INFO:  Average score: 235914.0
2024/03/20 20:01:16 - train.py[line:47] - INFO:  After call 64: Best score: 257196.0
2024/03/20 20:01:16 - train.py[line:48] - INFO:  With parameters: [0.13819014057032022, 0.38449019632871484, 0.7992521323525295, 1.8075365535797705, 0.09268756607210106, 1.5516452551155286, 0.19325036077219376, 0.5669019049795901, 0.14677387364855168, 0.014877972656642372]
2024/03/20 20:01:16 - train.py[line:49] - INFO:  ====================================

2024/03/20 20:02:23 - train.py[line:39] - INFO:  params: 0.13165919296790465 0.6656640513099531 0.8122560009222373 1.997661418882335 0.3125938292470241 1.6629201305684502 0.3812059855555989 0.5895628505848022 0.3121182828916405 0.04645857136775745
2024/03/20 20:02:23 - train.py[line:40] - INFO:  Score list: [258011]
2024/03/20 20:02:23 - train.py[line:41] - INFO:  Total score: 258011
2024/03/20 20:02:23 - train.py[line:42] - INFO:  Average score: 258011.0
2024/03/20 20:02:24 - train.py[line:47] - INFO:  After call 65: Best score: 258011.0
2024/03/20 20:02:24 - train.py[line:48] - INFO:  With parameters: [0.13165919296790465, 0.6656640513099531, 0.8122560009222373, 1.997661418882335, 0.3125938292470241, 1.6629201305684502, 0.3812059855555989, 0.5895628505848022, 0.3121182828916405, 0.04645857136775745]
2024/03/20 20:02:24 - train.py[line:49] - INFO:  ====================================

2024/03/20 20:03:24 - train.py[line:39] - INFO:  params: 0.014841033644511396 0.9998592685533765 0.6051159631898769 1.0788872518208432 0.1404581954002833 1.1724029621348138 0.03776306327703605 0.3206183740834057 0.9462571754037804 0.038830756867286216
2024/03/20 20:03:24 - train.py[line:40] - INFO:  Score list: [230230]
2024/03/20 20:03:24 - train.py[line:41] - INFO:  Total score: 230230
2024/03/20 20:03:24 - train.py[line:42] - INFO:  Average score: 230230.0
2024/03/20 20:03:25 - train.py[line:47] - INFO:  After call 66: Best score: 258011.0
2024/03/20 20:03:25 - train.py[line:48] - INFO:  With parameters: [0.13165919296790465, 0.6656640513099531, 0.8122560009222373, 1.997661418882335, 0.3125938292470241, 1.6629201305684502, 0.3812059855555989, 0.5895628505848022, 0.3121182828916405, 0.04645857136775745]
2024/03/20 20:03:25 - train.py[line:49] - INFO:  ====================================

2024/03/20 20:04:21 - train.py[line:39] - INFO:  params: 0.06134226938216948 0.51917823323476 0.9607624023969789 0.9888082987620381 0.08024079644176176 1.9415578696890792 0.16992249889288905 0.017654818283431076 0.29553085361408143 0.08242574418119976
2024/03/20 20:04:21 - train.py[line:40] - INFO:  Score list: [233607]
2024/03/20 20:04:21 - train.py[line:41] - INFO:  Total score: 233607
2024/03/20 20:04:21 - train.py[line:42] - INFO:  Average score: 233607.0
2024/03/20 20:04:21 - train.py[line:47] - INFO:  After call 67: Best score: 258011.0
2024/03/20 20:04:21 - train.py[line:48] - INFO:  With parameters: [0.13165919296790465, 0.6656640513099531, 0.8122560009222373, 1.997661418882335, 0.3125938292470241, 1.6629201305684502, 0.3812059855555989, 0.5895628505848022, 0.3121182828916405, 0.04645857136775745]
2024/03/20 20:04:21 - train.py[line:49] - INFO:  ====================================

2024/03/20 20:05:20 - train.py[line:39] - INFO:  params: 0.513730670161917 0.941709700735667 0.7685738515855242 1.8081693131092433 0.9970820407913978 1.347190688154306 0.011052246248272503 1.0050256966536721 0.05557021777532058 0.041985388269443986
2024/03/20 20:05:20 - train.py[line:40] - INFO:  Score list: [250548]
2024/03/20 20:05:20 - train.py[line:41] - INFO:  Total score: 250548
2024/03/20 20:05:20 - train.py[line:42] - INFO:  Average score: 250548.0
2024/03/20 20:05:20 - train.py[line:47] - INFO:  After call 68: Best score: 258011.0
2024/03/20 20:05:20 - train.py[line:48] - INFO:  With parameters: [0.13165919296790465, 0.6656640513099531, 0.8122560009222373, 1.997661418882335, 0.3125938292470241, 1.6629201305684502, 0.3812059855555989, 0.5895628505848022, 0.3121182828916405, 0.04645857136775745]
2024/03/20 20:05:20 - train.py[line:49] - INFO:  ====================================

2024/03/20 20:06:16 - train.py[line:39] - INFO:  params: 0.49021570706353734 0.6172666098397668 0.3153513015388993 1.7766460197262233 0.4659355804433427 0.8934709359533901 0.015156375632610634 0.1449785734957301 0.006684745732940424 0.005034947479008013
2024/03/20 20:06:16 - train.py[line:40] - INFO:  Score list: [257597]
2024/03/20 20:06:16 - train.py[line:41] - INFO:  Total score: 257597
2024/03/20 20:06:16 - train.py[line:42] - INFO:  Average score: 257597.0
2024/03/20 20:06:16 - train.py[line:47] - INFO:  After call 69: Best score: 258011.0
2024/03/20 20:06:16 - train.py[line:48] - INFO:  With parameters: [0.13165919296790465, 0.6656640513099531, 0.8122560009222373, 1.997661418882335, 0.3125938292470241, 1.6629201305684502, 0.3812059855555989, 0.5895628505848022, 0.3121182828916405, 0.04645857136775745]
2024/03/20 20:06:16 - train.py[line:49] - INFO:  ====================================

2024/03/20 20:07:24 - train.py[line:39] - INFO:  params: 0.6526040916547616 0.6518009899521406 0.8566899983015932 1.54246101141044 0.7606583448490181 1.9450808798612045 0.07550285652043832 0.20774585036232335 0.8680753821266199 0.004493697259249641
2024/03/20 20:07:24 - train.py[line:40] - INFO:  Score list: [246597]
2024/03/20 20:07:24 - train.py[line:41] - INFO:  Total score: 246597
2024/03/20 20:07:24 - train.py[line:42] - INFO:  Average score: 246597.0
2024/03/20 20:07:25 - train.py[line:47] - INFO:  After call 70: Best score: 258011.0
2024/03/20 20:07:25 - train.py[line:48] - INFO:  With parameters: [0.13165919296790465, 0.6656640513099531, 0.8122560009222373, 1.997661418882335, 0.3125938292470241, 1.6629201305684502, 0.3812059855555989, 0.5895628505848022, 0.3121182828916405, 0.04645857136775745]
2024/03/20 20:07:25 - train.py[line:49] - INFO:  ====================================

2024/03/20 20:08:24 - train.py[line:39] - INFO:  params: 0.46174904226918667 0.6141513802189942 0.7195834883974851 1.3554045468852178 0.5920650110944785 1.7192829460210153 0.028466306248733704 0.6112814010127511 0.017144298283786833 0.06700492383455316
2024/03/20 20:08:24 - train.py[line:40] - INFO:  Score list: [246664]
2024/03/20 20:08:24 - train.py[line:41] - INFO:  Total score: 246664
2024/03/20 20:08:24 - train.py[line:42] - INFO:  Average score: 246664.0
2024/03/20 20:08:24 - train.py[line:47] - INFO:  After call 71: Best score: 258011.0
2024/03/20 20:08:24 - train.py[line:48] - INFO:  With parameters: [0.13165919296790465, 0.6656640513099531, 0.8122560009222373, 1.997661418882335, 0.3125938292470241, 1.6629201305684502, 0.3812059855555989, 0.5895628505848022, 0.3121182828916405, 0.04645857136775745]
2024/03/20 20:08:24 - train.py[line:49] - INFO:  ====================================

2024/03/20 20:09:30 - train.py[line:39] - INFO:  params: 0.00948465623224626 0.18211830922450314 0.2487701350309635 0.6244323674560132 0.6423622071625243 1.865451569579338 0.10918753002865014 0.33261342258440224 0.019970784680252155 0.007547879287846062
2024/03/20 20:09:30 - train.py[line:40] - INFO:  Score list: [248141]
2024/03/20 20:09:30 - train.py[line:41] - INFO:  Total score: 248141
2024/03/20 20:09:30 - train.py[line:42] - INFO:  Average score: 248141.0
2024/03/20 20:09:30 - train.py[line:47] - INFO:  After call 72: Best score: 258011.0
2024/03/20 20:09:30 - train.py[line:48] - INFO:  With parameters: [0.13165919296790465, 0.6656640513099531, 0.8122560009222373, 1.997661418882335, 0.3125938292470241, 1.6629201305684502, 0.3812059855555989, 0.5895628505848022, 0.3121182828916405, 0.04645857136775745]
2024/03/20 20:09:30 - train.py[line:49] - INFO:  ====================================

2024/03/20 20:10:28 - train.py[line:39] - INFO:  params: 0.13754985124448263 0.7781993517000625 0.9387701799666807 1.8025875954414166 0.5358635376651513 1.8241855280831354 0.22086645593649118 1.7686425323938686 0.93734889885692 0.07170969081196389
2024/03/20 20:10:28 - train.py[line:40] - INFO:  Score list: [251564]
2024/03/20 20:10:28 - train.py[line:41] - INFO:  Total score: 251564
2024/03/20 20:10:28 - train.py[line:42] - INFO:  Average score: 251564.0
2024/03/20 20:10:28 - train.py[line:47] - INFO:  After call 73: Best score: 258011.0
2024/03/20 20:10:28 - train.py[line:48] - INFO:  With parameters: [0.13165919296790465, 0.6656640513099531, 0.8122560009222373, 1.997661418882335, 0.3125938292470241, 1.6629201305684502, 0.3812059855555989, 0.5895628505848022, 0.3121182828916405, 0.04645857136775745]
2024/03/20 20:10:28 - train.py[line:49] - INFO:  ====================================

2024/03/20 20:11:24 - train.py[line:39] - INFO:  params: 0.5290770382437581 0.8748782796494601 0.009673312471650155 1.9012696166924878 0.7792272635130102 1.5759728387326468 0.02887271994107677 0.1559118602652583 0.3792513291981314 0.05170032954550875
2024/03/20 20:11:24 - train.py[line:40] - INFO:  Score list: [191891]
2024/03/20 20:11:24 - train.py[line:41] - INFO:  Total score: 191891
2024/03/20 20:11:24 - train.py[line:42] - INFO:  Average score: 191891.0
2024/03/20 20:11:24 - train.py[line:47] - INFO:  After call 74: Best score: 258011.0
2024/03/20 20:11:24 - train.py[line:48] - INFO:  With parameters: [0.13165919296790465, 0.6656640513099531, 0.8122560009222373, 1.997661418882335, 0.3125938292470241, 1.6629201305684502, 0.3812059855555989, 0.5895628505848022, 0.3121182828916405, 0.04645857136775745]
2024/03/20 20:11:24 - train.py[line:49] - INFO:  ====================================

2024/03/20 20:12:28 - train.py[line:39] - INFO:  params: 0.35387515824261334 0.24281108719625505 0.18415211810019574 1.7926137243243079 0.5703733055218544 1.5396176802756671 0.05531285381760255 0.34832115780177114 0.11846021681155419 0.004535592954440616
2024/03/20 20:12:28 - train.py[line:40] - INFO:  Score list: [247656]
2024/03/20 20:12:28 - train.py[line:41] - INFO:  Total score: 247656
2024/03/20 20:12:28 - train.py[line:42] - INFO:  Average score: 247656.0
2024/03/20 20:12:29 - train.py[line:47] - INFO:  After call 75: Best score: 258011.0
2024/03/20 20:12:29 - train.py[line:48] - INFO:  With parameters: [0.13165919296790465, 0.6656640513099531, 0.8122560009222373, 1.997661418882335, 0.3125938292470241, 1.6629201305684502, 0.3812059855555989, 0.5895628505848022, 0.3121182828916405, 0.04645857136775745]
2024/03/20 20:12:29 - train.py[line:49] - INFO:  ====================================

2024/03/20 20:13:34 - train.py[line:39] - INFO:  params: 0.36782337995148556 0.28508237748258486 0.4943178280832716 1.0735375350367244 0.4792893202708034 1.6303426568989903 0.025680646231142086 0.9515626729301938 0.029305240435772435 0.0559321830349916
2024/03/20 20:13:34 - train.py[line:40] - INFO:  Score list: [244794]
2024/03/20 20:13:34 - train.py[line:41] - INFO:  Total score: 244794
2024/03/20 20:13:34 - train.py[line:42] - INFO:  Average score: 244794.0
2024/03/20 20:13:34 - train.py[line:47] - INFO:  After call 76: Best score: 258011.0
2024/03/20 20:13:34 - train.py[line:48] - INFO:  With parameters: [0.13165919296790465, 0.6656640513099531, 0.8122560009222373, 1.997661418882335, 0.3125938292470241, 1.6629201305684502, 0.3812059855555989, 0.5895628505848022, 0.3121182828916405, 0.04645857136775745]
2024/03/20 20:13:34 - train.py[line:49] - INFO:  ====================================

2024/03/20 20:14:31 - train.py[line:39] - INFO:  params: 0.054689523988823555 0.3986722790226105 0.43302852927528257 1.880803486768764 0.5296459546813853 1.662958231864497 0.22025387946209435 0.3545774528385797 0.8628751321388197 0.05928347732361018
2024/03/20 20:14:31 - train.py[line:40] - INFO:  Score list: [249494]
2024/03/20 20:14:31 - train.py[line:41] - INFO:  Total score: 249494
2024/03/20 20:14:31 - train.py[line:42] - INFO:  Average score: 249494.0
2024/03/20 20:14:31 - train.py[line:47] - INFO:  After call 77: Best score: 258011.0
2024/03/20 20:14:31 - train.py[line:48] - INFO:  With parameters: [0.13165919296790465, 0.6656640513099531, 0.8122560009222373, 1.997661418882335, 0.3125938292470241, 1.6629201305684502, 0.3812059855555989, 0.5895628505848022, 0.3121182828916405, 0.04645857136775745]
2024/03/20 20:14:31 - train.py[line:49] - INFO:  ====================================

2024/03/20 20:15:27 - train.py[line:39] - INFO:  params: 0.059407972490182495 0.9250273181905819 0.6516058291005884 1.816917982867261 0.828427395402115 1.9981681194794143 0.15798344726344052 1.921356872787749 0.9301513122349078 0.08245704347220474
2024/03/20 20:15:27 - train.py[line:40] - INFO:  Score list: [243412]
2024/03/20 20:15:27 - train.py[line:41] - INFO:  Total score: 243412
2024/03/20 20:15:27 - train.py[line:42] - INFO:  Average score: 243412.0
2024/03/20 20:15:28 - train.py[line:47] - INFO:  After call 78: Best score: 258011.0
2024/03/20 20:15:28 - train.py[line:48] - INFO:  With parameters: [0.13165919296790465, 0.6656640513099531, 0.8122560009222373, 1.997661418882335, 0.3125938292470241, 1.6629201305684502, 0.3812059855555989, 0.5895628505848022, 0.3121182828916405, 0.04645857136775745]
2024/03/20 20:15:28 - train.py[line:49] - INFO:  ====================================

2024/03/20 20:16:21 - train.py[line:39] - INFO:  params: 0.31216629343289787 0.3504413390027446 0.8463073731180955 1.9163413640886426 0.5607995178718348 0.9796318221086917 0.14802159009628016 0.015561342254540426 0.8538675547723071 0.048502618620770224
2024/03/20 20:16:21 - train.py[line:40] - INFO:  Score list: [248854]
2024/03/20 20:16:21 - train.py[line:41] - INFO:  Total score: 248854
2024/03/20 20:16:21 - train.py[line:42] - INFO:  Average score: 248854.0
2024/03/20 20:16:22 - train.py[line:47] - INFO:  After call 79: Best score: 258011.0
2024/03/20 20:16:22 - train.py[line:48] - INFO:  With parameters: [0.13165919296790465, 0.6656640513099531, 0.8122560009222373, 1.997661418882335, 0.3125938292470241, 1.6629201305684502, 0.3812059855555989, 0.5895628505848022, 0.3121182828916405, 0.04645857136775745]
2024/03/20 20:16:22 - train.py[line:49] - INFO:  ====================================

2024/03/20 20:17:23 - train.py[line:39] - INFO:  params: 0.00019307968964898953 0.3784848700198884 0.9365665267160026 1.7635466970275613 0.060971902037451745 1.8186555604907968 0.0601887412743274 0.7898832405960656 0.27850454624061854 0.04667915402622647
2024/03/20 20:17:23 - train.py[line:40] - INFO:  Score list: [221515]
2024/03/20 20:17:23 - train.py[line:41] - INFO:  Total score: 221515
2024/03/20 20:17:23 - train.py[line:42] - INFO:  Average score: 221515.0
2024/03/20 20:17:24 - train.py[line:47] - INFO:  After call 80: Best score: 258011.0
2024/03/20 20:17:24 - train.py[line:48] - INFO:  With parameters: [0.13165919296790465, 0.6656640513099531, 0.8122560009222373, 1.997661418882335, 0.3125938292470241, 1.6629201305684502, 0.3812059855555989, 0.5895628505848022, 0.3121182828916405, 0.04645857136775745]
2024/03/20 20:17:24 - train.py[line:49] - INFO:  ====================================

2024/03/20 20:18:23 - train.py[line:39] - INFO:  params: 0.11471898377813364 0.39043565041559314 0.06596465879033765 1.9094681260773518 0.6916030539357678 0.47306480611369295 0.014024029814530662 0.2401739552348539 0.08841154415556031 0.04817654829082253
2024/03/20 20:18:23 - train.py[line:40] - INFO:  Score list: [239323]
2024/03/20 20:18:23 - train.py[line:41] - INFO:  Total score: 239323
2024/03/20 20:18:23 - train.py[line:42] - INFO:  Average score: 239323.0
2024/03/20 20:18:23 - train.py[line:47] - INFO:  After call 81: Best score: 258011.0
2024/03/20 20:18:23 - train.py[line:48] - INFO:  With parameters: [0.13165919296790465, 0.6656640513099531, 0.8122560009222373, 1.997661418882335, 0.3125938292470241, 1.6629201305684502, 0.3812059855555989, 0.5895628505848022, 0.3121182828916405, 0.04645857136775745]
2024/03/20 20:18:23 - train.py[line:49] - INFO:  ====================================

2024/03/20 20:19:32 - train.py[line:39] - INFO:  params: 0.16994423378586868 0.043357130654983596 0.4417704478457628 0.6595948260662495 0.3329624284342308 1.20536578075323 0.03495070298794268 0.5781362230813517 0.011914123308710448 0.01757382781494832
2024/03/20 20:19:32 - train.py[line:40] - INFO:  Score list: [230937]
2024/03/20 20:19:32 - train.py[line:41] - INFO:  Total score: 230937
2024/03/20 20:19:32 - train.py[line:42] - INFO:  Average score: 230937.0
2024/03/20 20:19:32 - train.py[line:47] - INFO:  After call 82: Best score: 258011.0
2024/03/20 20:19:32 - train.py[line:48] - INFO:  With parameters: [0.13165919296790465, 0.6656640513099531, 0.8122560009222373, 1.997661418882335, 0.3125938292470241, 1.6629201305684502, 0.3812059855555989, 0.5895628505848022, 0.3121182828916405, 0.04645857136775745]
2024/03/20 20:19:32 - train.py[line:49] - INFO:  ====================================

2024/03/20 20:20:34 - train.py[line:39] - INFO:  params: 0.5232780288830144 0.9496912824291679 0.4233520942551905 1.9046301983453668 0.9556886132266199 1.1103302923317753 0.01896362319693157 1.5170139175000807 0.179912747006069 0.019921290588424848
2024/03/20 20:20:34 - train.py[line:40] - INFO:  Score list: [231710]
2024/03/20 20:20:34 - train.py[line:41] - INFO:  Total score: 231710
2024/03/20 20:20:34 - train.py[line:42] - INFO:  Average score: 231710.0
2024/03/20 20:20:35 - train.py[line:47] - INFO:  After call 83: Best score: 258011.0
2024/03/20 20:20:35 - train.py[line:48] - INFO:  With parameters: [0.13165919296790465, 0.6656640513099531, 0.8122560009222373, 1.997661418882335, 0.3125938292470241, 1.6629201305684502, 0.3812059855555989, 0.5895628505848022, 0.3121182828916405, 0.04645857136775745]
2024/03/20 20:20:35 - train.py[line:49] - INFO:  ====================================

2024/03/20 20:21:41 - train.py[line:39] - INFO:  params: 0.7167480175084143 0.25962432080983094 0.7455312930436658 1.4423749595304787 0.41226489727733795 1.5863007585679485 0.15346706421780534 0.9184067612949016 0.9404352563498336 0.031649671086110394
2024/03/20 20:21:41 - train.py[line:40] - INFO:  Score list: [230129]
2024/03/20 20:21:41 - train.py[line:41] - INFO:  Total score: 230129
2024/03/20 20:21:41 - train.py[line:42] - INFO:  Average score: 230129.0
2024/03/20 20:21:42 - train.py[line:47] - INFO:  After call 84: Best score: 258011.0
2024/03/20 20:21:42 - train.py[line:48] - INFO:  With parameters: [0.13165919296790465, 0.6656640513099531, 0.8122560009222373, 1.997661418882335, 0.3125938292470241, 1.6629201305684502, 0.3812059855555989, 0.5895628505848022, 0.3121182828916405, 0.04645857136775745]
2024/03/20 20:21:42 - train.py[line:49] - INFO:  ====================================

2024/03/20 20:22:50 - train.py[line:39] - INFO:  params: 0.2080443016239602 0.5528990599385268 0.932906929528974 1.723190172041571 0.20533931255114174 0.5966112179476307 0.3248641782803782 0.5877906222495012 0.38491197683846023 0.08526819415070498
2024/03/20 20:22:50 - train.py[line:40] - INFO:  Score list: [252466]
2024/03/20 20:22:50 - train.py[line:41] - INFO:  Total score: 252466
2024/03/20 20:22:50 - train.py[line:42] - INFO:  Average score: 252466.0
2024/03/20 20:22:50 - train.py[line:47] - INFO:  After call 85: Best score: 258011.0
2024/03/20 20:22:50 - train.py[line:48] - INFO:  With parameters: [0.13165919296790465, 0.6656640513099531, 0.8122560009222373, 1.997661418882335, 0.3125938292470241, 1.6629201305684502, 0.3812059855555989, 0.5895628505848022, 0.3121182828916405, 0.04645857136775745]
2024/03/20 20:22:50 - train.py[line:49] - INFO:  ====================================

