2024/03/20 13:01:39 - log_util.py[line:41] - INFO:  Log file path: /mnt/c/Users/consonnm/Desktop/CodeCraft/log/train_2024-03-20_13-01-39.log
2024/03/20 13:02:10 - train.py[line:39] - INFO:  params: 0.5928446182250184 0.8442657485810175 0.857945617622757 1.6945034775682513 0.6235636967859725 0.7687634145853999 0.29753460654447234 0.11342595463488639 0.27265629458011326 0.47766511732135
2024/03/20 13:02:10 - train.py[line:40] - INFO:  Score list: [181038]
2024/03/20 13:02:10 - train.py[line:41] - INFO:  Total score: 181038
2024/03/20 13:02:10 - train.py[line:42] - INFO:  Average score: 181038.0
2024/03/20 13:02:10 - train.py[line:47] - INFO:  After call 1: Best score: 181038.0
2024/03/20 13:02:10 - train.py[line:48] - INFO:  With parameters: [0.5928446182250184, 0.8442657485810175, 0.857945617622757, 1.6945034775682513, 0.6235636967859725, 0.7687634145853999, 0.29753460654447234, 0.11342595463488639, 0.27265629458011326, 0.47766511732135]
2024/03/20 13:02:10 - train.py[line:49] - INFO:  ====================================

2024/03/20 13:02:42 - train.py[line:39] - INFO:  params: 0.8121687287754934 0.47997717237505744 0.39278479610082984 1.6721575270747555 0.33739616041726844 1.2963437441023946 0.368241539840548 1.9143103179060932 0.14035078041264518 0.8700872583584366
2024/03/20 13:02:42 - train.py[line:40] - INFO:  Score list: [206610]
2024/03/20 13:02:42 - train.py[line:41] - INFO:  Total score: 206610
2024/03/20 13:02:42 - train.py[line:42] - INFO:  Average score: 206610.0
2024/03/20 13:02:42 - train.py[line:47] - INFO:  After call 2: Best score: 206610.0
2024/03/20 13:02:42 - train.py[line:48] - INFO:  With parameters: [0.8121687287754934, 0.47997717237505744, 0.39278479610082984, 1.6721575270747555, 0.33739616041726844, 1.2963437441023946, 0.368241539840548, 1.9143103179060932, 0.14035078041264518, 0.8700872583584366]
2024/03/20 13:02:42 - train.py[line:49] - INFO:  ====================================

2024/03/20 13:03:14 - train.py[line:39] - INFO:  params: 0.4736080452737106 0.8009107519796445 0.5204774795512049 1.3577590602379208 0.7206326547259169 1.1640395841502145 0.5373732294490108 1.5172312486447148 0.10590760718779216 0.47360041934665753
2024/03/20 13:03:14 - train.py[line:40] - INFO:  Score list: [232365]
2024/03/20 13:03:14 - train.py[line:41] - INFO:  Total score: 232365
2024/03/20 13:03:14 - train.py[line:42] - INFO:  Average score: 232365.0
2024/03/20 13:03:14 - train.py[line:47] - INFO:  After call 3: Best score: 232365.0
2024/03/20 13:03:14 - train.py[line:48] - INFO:  With parameters: [0.4736080452737106, 0.8009107519796445, 0.5204774795512049, 1.3577590602379208, 0.7206326547259169, 1.1640395841502145, 0.5373732294490108, 1.5172312486447148, 0.10590760718779216, 0.47360041934665753]
2024/03/20 13:03:14 - train.py[line:49] - INFO:  ====================================

