2024/03/19 12:40:17 - log_util.py[line:41] - INFO:  Log file path: /mnt/c/Users/consonnm/Desktop/CodeCraft/log/train_2024-03-19_12-40-17.log
2024/03/19 12:40:43 - train.py[line:38] - INFO:  params: 0.5928446182250184 0.8442657485810175 0.857945617622757 0.8472517387841256 0.6235636967859725 0.38438170729269994 0.29753460654447234 0.056712977317443194 0.27265629458011326 0.47766511732135
2024/03/19 12:40:43 - train.py[line:39] - INFO:  Score list: [201846]
2024/03/19 12:40:43 - train.py[line:40] - INFO:  Total score: 201846
2024/03/19 12:40:43 - train.py[line:41] - INFO:  Average score: 201846.0
2024/03/19 12:40:43 - train.py[line:46] - INFO:  After call 1: Best score: 201846.0
2024/03/19 12:40:43 - train.py[line:47] - INFO:  With parameters: [0.5928446182250184, 0.8442657485810175, 0.857945617622757, 0.8472517387841256, 0.6235636967859725, 0.38438170729269994, 0.29753460654447234, 0.056712977317443194, 0.27265629458011326, 0.47766511732135]
2024/03/19 12:40:43 - train.py[line:48] - INFO:  ====================================

2024/03/19 12:41:09 - train.py[line:38] - INFO:  params: 0.8121687287754934 0.47997717237505744 0.39278479610082984 0.8360787635373778 0.33739616041726844 0.6481718720511973 0.368241539840548 0.9571551589530466 0.14035078041264518 0.8700872583584366
2024/03/19 12:41:09 - train.py[line:39] - INFO:  Score list: [201687]
2024/03/19 12:41:09 - train.py[line:40] - INFO:  Total score: 201687
2024/03/19 12:41:09 - train.py[line:41] - INFO:  Average score: 201687.0
2024/03/19 12:41:09 - train.py[line:46] - INFO:  After call 2: Best score: 201846.0
2024/03/19 12:41:09 - train.py[line:47] - INFO:  With parameters: [0.5928446182250184, 0.8442657485810175, 0.857945617622757, 0.8472517387841256, 0.6235636967859725, 0.38438170729269994, 0.29753460654447234, 0.056712977317443194, 0.27265629458011326, 0.47766511732135]
2024/03/19 12:41:09 - train.py[line:48] - INFO:  ====================================

2024/03/19 12:41:35 - train.py[line:38] - INFO:  params: 0.4736080452737106 0.8009107519796445 0.5204774795512049 0.6788795301189604 0.7206326547259169 0.5820197920751072 0.5373732294490108 0.7586156243223574 0.10590760718779216 0.47360041934665753
2024/03/19 12:41:35 - train.py[line:39] - INFO:  Score list: [189488]
2024/03/19 12:41:35 - train.py[line:40] - INFO:  Total score: 189488
2024/03/19 12:41:35 - train.py[line:41] - INFO:  Average score: 189488.0
2024/03/19 12:41:35 - train.py[line:46] - INFO:  After call 3: Best score: 201846.0
2024/03/19 12:41:35 - train.py[line:47] - INFO:  With parameters: [0.5928446182250184, 0.8442657485810175, 0.857945617622757, 0.8472517387841256, 0.6235636967859725, 0.38438170729269994, 0.29753460654447234, 0.056712977317443194, 0.27265629458011326, 0.47766511732135]
2024/03/19 12:41:35 - train.py[line:48] - INFO:  ====================================

2024/03/19 12:42:03 - train.py[line:38] - INFO:  params: 0.18633234332676 0.7369181771289582 0.21655035442437193 0.13521817340545209 0.32414100779321414 0.1496748671836832 0.2223213882515877 0.38648898112586205 0.9025984755294049 0.4499499899112277
2024/03/19 12:42:03 - train.py[line:39] - INFO:  Score list: [184208]
2024/03/19 12:42:03 - train.py[line:40] - INFO:  Total score: 184208
2024/03/19 12:42:03 - train.py[line:41] - INFO:  Average score: 184208.0
2024/03/19 12:42:03 - train.py[line:46] - INFO:  After call 4: Best score: 201846.0
2024/03/19 12:42:03 - train.py[line:47] - INFO:  With parameters: [0.5928446182250184, 0.8442657485810175, 0.857945617622757, 0.8472517387841256, 0.6235636967859725, 0.38438170729269994, 0.29753460654447234, 0.056712977317443194, 0.27265629458011326, 0.47766511732135]
2024/03/19 12:42:03 - train.py[line:48] - INFO:  ====================================

2024/03/19 12:42:29 - train.py[line:38] - INFO:  params: 0.6130634578841325 0.9023485831739845 0.0992803503589739 0.969809067746749 0.6531400357979378 0.17090958513604518 0.35815216696952507 0.7506861412184564 0.6078306687154679 0.32504722900835253
2024/03/19 12:42:29 - train.py[line:39] - INFO:  Score list: [214264]
2024/03/19 12:42:29 - train.py[line:40] - INFO:  Total score: 214264
2024/03/19 12:42:29 - train.py[line:41] - INFO:  Average score: 214264.0
2024/03/19 12:42:29 - train.py[line:46] - INFO:  After call 5: Best score: 214264.0
2024/03/19 12:42:29 - train.py[line:47] - INFO:  With parameters: [0.6130634578841325, 0.9023485831739845, 0.0992803503589739, 0.969809067746749, 0.6531400357979378, 0.17090958513604518, 0.35815216696952507, 0.7506861412184564, 0.6078306687154679, 0.32504722900835253]
2024/03/19 12:42:29 - train.py[line:48] - INFO:  ====================================

