2024/03/19 22:28:16 - log_util.py[line:41] - INFO:  Log file path: /mnt/c/Users/consonnm/Desktop/CodeCraft/log/train_2024-03-19_22-28-16.log
2024/03/19 22:28:58 - train.py[line:39] - INFO:  params: 0.5928446182250184 0.8442657485810175 0.857945617622757 1.6945034775682513 0.6235636967859725 0.7687634145853999 0.29753460654447234 0.11342595463488639 0.27265629458011326 0.47766511732135
2024/03/19 22:28:58 - train.py[line:40] - INFO:  Score list: [185685]
2024/03/19 22:28:58 - train.py[line:41] - INFO:  Total score: 185685
2024/03/19 22:28:58 - train.py[line:42] - INFO:  Average score: 185685.0
2024/03/19 22:28:58 - train.py[line:47] - INFO:  After call 1: Best score: 185685.0
2024/03/19 22:28:58 - train.py[line:48] - INFO:  With parameters: [0.5928446182250184, 0.8442657485810175, 0.857945617622757, 1.6945034775682513, 0.6235636967859725, 0.7687634145853999, 0.29753460654447234, 0.11342595463488639, 0.27265629458011326, 0.47766511732135]
2024/03/19 22:28:58 - train.py[line:49] - INFO:  ====================================

2024/03/19 22:29:39 - train.py[line:39] - INFO:  params: 0.8121687287754934 0.47997717237505744 0.39278479610082984 1.6721575270747555 0.33739616041726844 1.2963437441023946 0.368241539840548 1.9143103179060932 0.14035078041264518 0.8700872583584366
2024/03/19 22:29:39 - train.py[line:40] - INFO:  Score list: [164454]
2024/03/19 22:29:39 - train.py[line:41] - INFO:  Total score: 164454
2024/03/19 22:29:39 - train.py[line:42] - INFO:  Average score: 164454.0
2024/03/19 22:29:39 - train.py[line:47] - INFO:  After call 2: Best score: 185685.0
2024/03/19 22:29:39 - train.py[line:48] - INFO:  With parameters: [0.5928446182250184, 0.8442657485810175, 0.857945617622757, 1.6945034775682513, 0.6235636967859725, 0.7687634145853999, 0.29753460654447234, 0.11342595463488639, 0.27265629458011326, 0.47766511732135]
2024/03/19 22:29:39 - train.py[line:49] - INFO:  ====================================

2024/03/19 22:30:15 - train.py[line:39] - INFO:  params: 0.4736080452737106 0.8009107519796445 0.5204774795512049 1.3577590602379208 0.7206326547259169 1.1640395841502145 0.5373732294490108 1.5172312486447148 0.10590760718779216 0.47360041934665753
2024/03/19 22:30:15 - train.py[line:40] - INFO:  Score list: [186592]
2024/03/19 22:30:15 - train.py[line:41] - INFO:  Total score: 186592
2024/03/19 22:30:15 - train.py[line:42] - INFO:  Average score: 186592.0
2024/03/19 22:30:15 - train.py[line:47] - INFO:  After call 3: Best score: 186592.0
2024/03/19 22:30:15 - train.py[line:48] - INFO:  With parameters: [0.4736080452737106, 0.8009107519796445, 0.5204774795512049, 1.3577590602379208, 0.7206326547259169, 1.1640395841502145, 0.5373732294490108, 1.5172312486447148, 0.10590760718779216, 0.47360041934665753]
2024/03/19 22:30:15 - train.py[line:49] - INFO:  ====================================

2024/03/19 22:30:52 - train.py[line:39] - INFO:  params: 0.18633234332676 0.7369181771289582 0.21655035442437193 0.27043634681090417 0.32414100779321414 0.2993497343673664 0.2223213882515877 0.7729779622517241 0.9025984755294049 0.4499499899112277
2024/03/19 22:30:52 - train.py[line:40] - INFO:  Score list: [188901]
2024/03/19 22:30:52 - train.py[line:41] - INFO:  Total score: 188901
2024/03/19 22:30:52 - train.py[line:42] - INFO:  Average score: 188901.0
2024/03/19 22:30:52 - train.py[line:47] - INFO:  After call 4: Best score: 188901.0
2024/03/19 22:30:52 - train.py[line:48] - INFO:  With parameters: [0.18633234332676, 0.7369181771289582, 0.21655035442437193, 0.27043634681090417, 0.32414100779321414, 0.2993497343673664, 0.2223213882515877, 0.7729779622517241, 0.9025984755294049, 0.4499499899112277]
2024/03/19 22:30:52 - train.py[line:49] - INFO:  ====================================

