2024/03/19 12:43:44 - log_util.py[line:41] - INFO:  Log file path: /mnt/c/Users/consonnm/Desktop/CodeCraft/log/train_2024-03-19_12-43-44.log
2024/03/19 12:44:15 - train.py[line:38] - INFO:  params: 0.5928446182250184 0.8442657485810175 0.857945617622757 0.8472517387841256 0.6235636967859725 0.38438170729269994 0.29753460654447234 0.056712977317443194 0.27265629458011326 0.47766511732135
2024/03/19 12:44:15 - train.py[line:39] - INFO:  Score list: [201446]
2024/03/19 12:44:15 - train.py[line:40] - INFO:  Total score: 201446
2024/03/19 12:44:15 - train.py[line:41] - INFO:  Average score: 201446.0
2024/03/19 12:44:15 - train.py[line:46] - INFO:  After call 1: Best score: 201446.0
2024/03/19 12:44:15 - train.py[line:47] - INFO:  With parameters: [0.5928446182250184, 0.8442657485810175, 0.857945617622757, 0.8472517387841256, 0.6235636967859725, 0.38438170729269994, 0.29753460654447234, 0.056712977317443194, 0.27265629458011326, 0.47766511732135]
2024/03/19 12:44:15 - train.py[line:48] - INFO:  ====================================

2024/03/19 12:44:45 - train.py[line:38] - INFO:  params: 0.8121687287754934 0.47997717237505744 0.39278479610082984 0.8360787635373778 0.33739616041726844 0.6481718720511973 0.368241539840548 0.9571551589530466 0.14035078041264518 0.8700872583584366
2024/03/19 12:44:45 - train.py[line:39] - INFO:  Score list: [203400]
2024/03/19 12:44:45 - train.py[line:40] - INFO:  Total score: 203400
2024/03/19 12:44:45 - train.py[line:41] - INFO:  Average score: 203400.0
2024/03/19 12:44:45 - train.py[line:46] - INFO:  After call 2: Best score: 203400.0
2024/03/19 12:44:45 - train.py[line:47] - INFO:  With parameters: [0.8121687287754934, 0.47997717237505744, 0.39278479610082984, 0.8360787635373778, 0.33739616041726844, 0.6481718720511973, 0.368241539840548, 0.9571551589530466, 0.14035078041264518, 0.8700872583584366]
2024/03/19 12:44:45 - train.py[line:48] - INFO:  ====================================

2024/03/19 12:45:09 - train.py[line:38] - INFO:  params: 0.4736080452737106 0.8009107519796445 0.5204774795512049 0.6788795301189604 0.7206326547259169 0.5820197920751072 0.5373732294490108 0.7586156243223574 0.10590760718779216 0.47360041934665753
2024/03/19 12:45:09 - train.py[line:39] - INFO:  Score list: [201922]
2024/03/19 12:45:09 - train.py[line:40] - INFO:  Total score: 201922
2024/03/19 12:45:09 - train.py[line:41] - INFO:  Average score: 201922.0
2024/03/19 12:45:09 - train.py[line:46] - INFO:  After call 3: Best score: 203400.0
2024/03/19 12:45:09 - train.py[line:47] - INFO:  With parameters: [0.8121687287754934, 0.47997717237505744, 0.39278479610082984, 0.8360787635373778, 0.33739616041726844, 0.6481718720511973, 0.368241539840548, 0.9571551589530466, 0.14035078041264518, 0.8700872583584366]
2024/03/19 12:45:09 - train.py[line:48] - INFO:  ====================================

2024/03/19 12:45:37 - train.py[line:38] - INFO:  params: 0.18633234332676 0.7369181771289582 0.21655035442437193 0.13521817340545209 0.32414100779321414 0.1496748671836832 0.2223213882515877 0.38648898112586205 0.9025984755294049 0.4499499899112277
2024/03/19 12:45:37 - train.py[line:39] - INFO:  Score list: [178658]
2024/03/19 12:45:37 - train.py[line:40] - INFO:  Total score: 178658
2024/03/19 12:45:37 - train.py[line:41] - INFO:  Average score: 178658.0
2024/03/19 12:45:37 - train.py[line:46] - INFO:  After call 4: Best score: 203400.0
2024/03/19 12:45:37 - train.py[line:47] - INFO:  With parameters: [0.8121687287754934, 0.47997717237505744, 0.39278479610082984, 0.8360787635373778, 0.33739616041726844, 0.6481718720511973, 0.368241539840548, 0.9571551589530466, 0.14035078041264518, 0.8700872583584366]
2024/03/19 12:45:37 - train.py[line:48] - INFO:  ====================================

2024/03/19 12:46:06 - train.py[line:38] - INFO:  params: 0.6130634578841325 0.9023485831739845 0.0992803503589739 0.969809067746749 0.6531400357979378 0.17090958513604518 0.35815216696952507 0.7506861412184564 0.6078306687154679 0.32504722900835253
2024/03/19 12:46:06 - train.py[line:39] - INFO:  Score list: [224818]
2024/03/19 12:46:06 - train.py[line:40] - INFO:  Total score: 224818
2024/03/19 12:46:06 - train.py[line:41] - INFO:  Average score: 224818.0
2024/03/19 12:46:06 - train.py[line:46] - INFO:  After call 5: Best score: 224818.0
2024/03/19 12:46:06 - train.py[line:47] - INFO:  With parameters: [0.6130634578841325, 0.9023485831739845, 0.0992803503589739, 0.969809067746749, 0.6531400357979378, 0.17090958513604518, 0.35815216696952507, 0.7506861412184564, 0.6078306687154679, 0.32504722900835253]
2024/03/19 12:46:06 - train.py[line:48] - INFO:  ====================================

2024/03/19 12:46:35 - train.py[line:38] - INFO:  params: 0.03842542647273473 0.6342740579573352 0.9589492686245206 0.652790317005491 0.635058873603564 0.9952995676778879 0.5818503294385344 0.4143685882263689 0.474697502288413 0.6235101011318683
2024/03/19 12:46:35 - train.py[line:39] - INFO:  Score list: [199902]
2024/03/19 12:46:35 - train.py[line:40] - INFO:  Total score: 199902
2024/03/19 12:46:35 - train.py[line:41] - INFO:  Average score: 199902.0
2024/03/19 12:46:35 - train.py[line:46] - INFO:  After call 6: Best score: 224818.0
2024/03/19 12:46:35 - train.py[line:47] - INFO:  With parameters: [0.6130634578841325, 0.9023485831739845, 0.0992803503589739, 0.969809067746749, 0.6531400357979378, 0.17090958513604518, 0.35815216696952507, 0.7506861412184564, 0.6078306687154679, 0.32504722900835253]
2024/03/19 12:46:35 - train.py[line:48] - INFO:  ====================================

2024/03/19 12:47:07 - train.py[line:38] - INFO:  params: 0.3380076148388918 0.6747523222590208 0.31720174206929613 0.7783454820259093 0.9495710534507423 0.6625268669500444 0.013571635612109837 0.6228460955466696 0.6736596308357895 0.971945002499666
2024/03/19 12:47:07 - train.py[line:39] - INFO:  Score list: [151381]
2024/03/19 12:47:07 - train.py[line:40] - INFO:  Total score: 151381
2024/03/19 12:47:07 - train.py[line:41] - INFO:  Average score: 151381.0
2024/03/19 12:47:07 - train.py[line:46] - INFO:  After call 7: Best score: 224818.0
2024/03/19 12:47:07 - train.py[line:47] - INFO:  With parameters: [0.6130634578841325, 0.9023485831739845, 0.0992803503589739, 0.969809067746749, 0.6531400357979378, 0.17090958513604518, 0.35815216696952507, 0.7506861412184564, 0.6078306687154679, 0.32504722900835253]
2024/03/19 12:47:07 - train.py[line:48] - INFO:  ====================================

2024/03/19 12:47:38 - train.py[line:38] - INFO:  params: 0.8781934713471772 0.5096243767199002 0.055714693701606324 0.4511592145209282 0.01998766540875874 0.4417109212488455 0.9795867288127287 0.35944446396932156 0.48089353083616293 0.6886611828057705
2024/03/19 12:47:38 - train.py[line:39] - INFO:  Score list: [202220]
2024/03/19 12:47:38 - train.py[line:40] - INFO:  Total score: 202220
2024/03/19 12:47:38 - train.py[line:41] - INFO:  Average score: 202220.0
2024/03/19 12:47:38 - train.py[line:46] - INFO:  After call 8: Best score: 224818.0
2024/03/19 12:47:38 - train.py[line:47] - INFO:  With parameters: [0.6130634578841325, 0.9023485831739845, 0.0992803503589739, 0.969809067746749, 0.6531400357979378, 0.17090958513604518, 0.35815216696952507, 0.7506861412184564, 0.6078306687154679, 0.32504722900835253]
2024/03/19 12:47:38 - train.py[line:48] - INFO:  ====================================

2024/03/19 12:48:09 - train.py[line:38] - INFO:  params: 0.8804758892525957 0.9182354663621449 0.21682213762754293 0.5651888666048754 0.8651025613053852 0.5089689606670146 0.916722954019461 0.9211576102372 0.0831124926306024 0.2777185612810325
2024/03/19 12:48:09 - train.py[line:39] - INFO:  Score list: [189414]
2024/03/19 12:48:09 - train.py[line:40] - INFO:  Total score: 189414
2024/03/19 12:48:09 - train.py[line:41] - INFO:  Average score: 189414.0
2024/03/19 12:48:09 - train.py[line:46] - INFO:  After call 9: Best score: 224818.0
2024/03/19 12:48:09 - train.py[line:47] - INFO:  With parameters: [0.6130634578841325, 0.9023485831739845, 0.0992803503589739, 0.969809067746749, 0.6531400357979378, 0.17090958513604518, 0.35815216696952507, 0.7506861412184564, 0.6078306687154679, 0.32504722900835253]
2024/03/19 12:48:09 - train.py[line:48] - INFO:  ====================================

2024/03/19 12:48:42 - train.py[line:38] - INFO:  params: 0.009356704856532618 0.8423420796677312 0.6471741401875556 0.8413861191973546 0.2647301642834497 0.39782075275862916 0.5528214798875716 0.16494046024188416 0.3698080927483401 0.14644176272911227
2024/03/19 12:48:42 - train.py[line:39] - INFO:  Score list: [197882]
2024/03/19 12:48:42 - train.py[line:40] - INFO:  Total score: 197882
2024/03/19 12:48:42 - train.py[line:41] - INFO:  Average score: 197882.0
2024/03/19 12:48:42 - train.py[line:46] - INFO:  After call 10: Best score: 224818.0
2024/03/19 12:48:42 - train.py[line:47] - INFO:  With parameters: [0.6130634578841325, 0.9023485831739845, 0.0992803503589739, 0.969809067746749, 0.6531400357979378, 0.17090958513604518, 0.35815216696952507, 0.7506861412184564, 0.6078306687154679, 0.32504722900835253]
2024/03/19 12:48:42 - train.py[line:48] - INFO:  ====================================

2024/03/19 12:49:18 - train.py[line:38] - INFO:  params: 0.6692369637703356 0.8756123560583124 0.34598465720698185 0.7855745424192777 0.694739049405536 0.3556837571803744 0.04111262673700634 0.818515045440504 0.6800997409646751 0.22580223809129202
2024/03/19 12:49:18 - train.py[line:39] - INFO:  Score list: [173871]
2024/03/19 12:49:18 - train.py[line:40] - INFO:  Total score: 173871
2024/03/19 12:49:18 - train.py[line:41] - INFO:  Average score: 173871.0
2024/03/19 12:49:18 - train.py[line:46] - INFO:  After call 11: Best score: 224818.0
2024/03/19 12:49:18 - train.py[line:47] - INFO:  With parameters: [0.6130634578841325, 0.9023485831739845, 0.0992803503589739, 0.969809067746749, 0.6531400357979378, 0.17090958513604518, 0.35815216696952507, 0.7506861412184564, 0.6078306687154679, 0.32504722900835253]
2024/03/19 12:49:18 - train.py[line:48] - INFO:  ====================================

2024/03/19 12:49:55 - train.py[line:38] - INFO:  params: 0.6996715317581373 0.847403979480919 0.15634097873792765 0.9561222852111846 0.27668161245517303 0.8400140375044157 0.17363824714096635 0.8582656585399931 0.5590607352495475 0.33067161885636825
2024/03/19 12:49:55 - train.py[line:39] - INFO:  Score list: [213831]
2024/03/19 12:49:55 - train.py[line:40] - INFO:  Total score: 213831
2024/03/19 12:49:55 - train.py[line:41] - INFO:  Average score: 213831.0
2024/03/19 12:49:55 - train.py[line:46] - INFO:  After call 12: Best score: 224818.0
2024/03/19 12:49:55 - train.py[line:47] - INFO:  With parameters: [0.6130634578841325, 0.9023485831739845, 0.0992803503589739, 0.969809067746749, 0.6531400357979378, 0.17090958513604518, 0.35815216696952507, 0.7506861412184564, 0.6078306687154679, 0.32504722900835253]
2024/03/19 12:49:55 - train.py[line:48] - INFO:  ====================================

2024/03/19 12:50:21 - train.py[line:38] - INFO:  params: 0.7587704737965831 0.9633868649622832 0.031163583555457126 0.9758503519094793 0.9318693684692176 0.5237160296482705 0.407218417150748 0.7521490341755536 0.8095014307564475 0.356230656277775
2024/03/19 12:50:21 - train.py[line:39] - INFO:  Score list: [233395]
2024/03/19 12:50:21 - train.py[line:40] - INFO:  Total score: 233395
2024/03/19 12:50:21 - train.py[line:41] - INFO:  Average score: 233395.0
2024/03/19 12:50:21 - train.py[line:46] - INFO:  After call 13: Best score: 233395.0
2024/03/19 12:50:21 - train.py[line:47] - INFO:  With parameters: [0.7587704737965831, 0.9633868649622832, 0.031163583555457126, 0.9758503519094793, 0.9318693684692176, 0.5237160296482705, 0.407218417150748, 0.7521490341755536, 0.8095014307564475, 0.356230656277775]
2024/03/19 12:50:21 - train.py[line:48] - INFO:  ====================================

2024/03/19 12:50:46 - train.py[line:38] - INFO:  params: 0.8348440001633454 0.6889580395172952 0.01855837330698307 0.9743631142739559 0.32801210982105783 0.33293932798715414 0.1803599384753556 0.06311702009106747 0.7761097087172114 0.0819756506074686
2024/03/19 12:50:46 - train.py[line:39] - INFO:  Score list: [214925]
2024/03/19 12:50:46 - train.py[line:40] - INFO:  Total score: 214925
2024/03/19 12:50:46 - train.py[line:41] - INFO:  Average score: 214925.0
2024/03/19 12:50:46 - train.py[line:46] - INFO:  After call 14: Best score: 233395.0
2024/03/19 12:50:46 - train.py[line:47] - INFO:  With parameters: [0.7587704737965831, 0.9633868649622832, 0.031163583555457126, 0.9758503519094793, 0.9318693684692176, 0.5237160296482705, 0.407218417150748, 0.7521490341755536, 0.8095014307564475, 0.356230656277775]
2024/03/19 12:50:46 - train.py[line:48] - INFO:  ====================================

2024/03/19 12:51:20 - train.py[line:38] - INFO:  params: 0.6783629949537497 0.8199492441269053 0.012818941645578955 0.9871486395006962 0.8451546629363494 0.6657608127451757 0.059759262333089716 0.406907670082575 0.8262846212478924 0.49069801101710653
2024/03/19 12:51:20 - train.py[line:39] - INFO:  Score list: [89367]
2024/03/19 12:51:20 - train.py[line:40] - INFO:  Total score: 89367
2024/03/19 12:51:20 - train.py[line:41] - INFO:  Average score: 89367.0
2024/03/19 12:51:20 - train.py[line:46] - INFO:  After call 15: Best score: 233395.0
2024/03/19 12:51:20 - train.py[line:47] - INFO:  With parameters: [0.7587704737965831, 0.9633868649622832, 0.031163583555457126, 0.9758503519094793, 0.9318693684692176, 0.5237160296482705, 0.407218417150748, 0.7521490341755536, 0.8095014307564475, 0.356230656277775]
2024/03/19 12:51:20 - train.py[line:48] - INFO:  ====================================

2024/03/19 12:51:47 - train.py[line:38] - INFO:  params: 0.7179409788260042 0.2840676859333227 0.06469440074455048 0.9919237151426112 0.8233397177748841 0.6395744738906028 0.8045630641705653 0.6433908816905474 0.9830296888655141 0.7111251365436285
2024/03/19 12:51:47 - train.py[line:39] - INFO:  Score list: [163533]
2024/03/19 12:51:47 - train.py[line:40] - INFO:  Total score: 163533
2024/03/19 12:51:47 - train.py[line:41] - INFO:  Average score: 163533.0
2024/03/19 12:51:47 - train.py[line:46] - INFO:  After call 16: Best score: 233395.0
2024/03/19 12:51:47 - train.py[line:47] - INFO:  With parameters: [0.7587704737965831, 0.9633868649622832, 0.031163583555457126, 0.9758503519094793, 0.9318693684692176, 0.5237160296482705, 0.407218417150748, 0.7521490341755536, 0.8095014307564475, 0.356230656277775]
2024/03/19 12:51:47 - train.py[line:48] - INFO:  ====================================

2024/03/19 12:52:14 - train.py[line:38] - INFO:  params: 0.8224111975889228 0.9009207297787653 0.02997098930132492 0.9893033675065955 0.9748236525831698 0.22528639077727403 0.26854621813142826 0.13875662992607832 0.8584489166344118 0.47749333014635276
2024/03/19 12:52:14 - train.py[line:39] - INFO:  Score list: [162997]
2024/03/19 12:52:14 - train.py[line:40] - INFO:  Total score: 162997
2024/03/19 12:52:14 - train.py[line:41] - INFO:  Average score: 162997.0
2024/03/19 12:52:14 - train.py[line:46] - INFO:  After call 17: Best score: 233395.0
2024/03/19 12:52:14 - train.py[line:47] - INFO:  With parameters: [0.7587704737965831, 0.9633868649622832, 0.031163583555457126, 0.9758503519094793, 0.9318693684692176, 0.5237160296482705, 0.407218417150748, 0.7521490341755536, 0.8095014307564475, 0.356230656277775]
2024/03/19 12:52:14 - train.py[line:48] - INFO:  ====================================

2024/03/19 12:52:41 - train.py[line:38] - INFO:  params: 0.3135097658583394 0.4747356624032678 0.12772407396228383 0.9372743166364418 0.9445959904957337 0.7664277755205657 0.18204959087867637 0.726851012566145 0.768663864362494 0.3338055265837632
2024/03/19 12:52:41 - train.py[line:39] - INFO:  Score list: [185168]
2024/03/19 12:52:41 - train.py[line:40] - INFO:  Total score: 185168
2024/03/19 12:52:41 - train.py[line:41] - INFO:  Average score: 185168.0
2024/03/19 12:52:42 - train.py[line:46] - INFO:  After call 18: Best score: 233395.0
2024/03/19 12:52:42 - train.py[line:47] - INFO:  With parameters: [0.7587704737965831, 0.9633868649622832, 0.031163583555457126, 0.9758503519094793, 0.9318693684692176, 0.5237160296482705, 0.407218417150748, 0.7521490341755536, 0.8095014307564475, 0.356230656277775]
2024/03/19 12:52:42 - train.py[line:48] - INFO:  ====================================

2024/03/19 12:53:13 - train.py[line:38] - INFO:  params: 0.9389133435405859 0.5008052662446029 0.014099087259575541 0.9798901021863821 0.3629914917239418 0.49143178521938 0.009376724150888973 0.8732276530308349 0.44987804510151874 0.2813275423618001
2024/03/19 12:53:13 - train.py[line:39] - INFO:  Score list: [114901]
2024/03/19 12:53:13 - train.py[line:40] - INFO:  Total score: 114901
2024/03/19 12:53:13 - train.py[line:41] - INFO:  Average score: 114901.0
2024/03/19 12:53:13 - train.py[line:46] - INFO:  After call 19: Best score: 233395.0
2024/03/19 12:53:13 - train.py[line:47] - INFO:  With parameters: [0.7587704737965831, 0.9633868649622832, 0.031163583555457126, 0.9758503519094793, 0.9318693684692176, 0.5237160296482705, 0.407218417150748, 0.7521490341755536, 0.8095014307564475, 0.356230656277775]
2024/03/19 12:53:13 - train.py[line:48] - INFO:  ====================================

2024/03/19 12:53:40 - train.py[line:38] - INFO:  params: 0.6941682688335563 0.8281206364674241 0.007528121708352932 0.7651335344585868 0.7991590942979048 0.8871797107459335 0.40711905037827756 0.7941609463831288 0.9447769696512827 0.2049906456775334
2024/03/19 12:53:40 - train.py[line:39] - INFO:  Score list: [214521]
2024/03/19 12:53:40 - train.py[line:40] - INFO:  Total score: 214521
2024/03/19 12:53:40 - train.py[line:41] - INFO:  Average score: 214521.0
2024/03/19 12:53:40 - train.py[line:46] - INFO:  After call 20: Best score: 233395.0
2024/03/19 12:53:40 - train.py[line:47] - INFO:  With parameters: [0.7587704737965831, 0.9633868649622832, 0.031163583555457126, 0.9758503519094793, 0.9318693684692176, 0.5237160296482705, 0.407218417150748, 0.7521490341755536, 0.8095014307564475, 0.356230656277775]
2024/03/19 12:53:40 - train.py[line:48] - INFO:  ====================================

2024/03/19 12:54:07 - train.py[line:38] - INFO:  params: 0.6792666398837175 0.9489280658649059 0.008798306782129341 0.9581114591322696 0.9134925096894048 0.24485711486143574 0.37183349072802024 0.9155253478188089 0.10142470047593025 0.18012348726549246
2024/03/19 12:54:07 - train.py[line:39] - INFO:  Score list: [200413]
2024/03/19 12:54:07 - train.py[line:40] - INFO:  Total score: 200413
2024/03/19 12:54:07 - train.py[line:41] - INFO:  Average score: 200413.0
2024/03/19 12:54:07 - train.py[line:46] - INFO:  After call 21: Best score: 233395.0
2024/03/19 12:54:07 - train.py[line:47] - INFO:  With parameters: [0.7587704737965831, 0.9633868649622832, 0.031163583555457126, 0.9758503519094793, 0.9318693684692176, 0.5237160296482705, 0.407218417150748, 0.7521490341755536, 0.8095014307564475, 0.356230656277775]
2024/03/19 12:54:07 - train.py[line:48] - INFO:  ====================================

2024/03/19 12:54:37 - train.py[line:38] - INFO:  params: 0.7422268892870958 0.7664539294220515 0.5163978238364195 0.9973943875085913 0.8191451507457312 0.4475478917711795 0.3933863413512608 0.7425727095951167 0.7054757831305102 0.5339153644407959
2024/03/19 12:54:37 - train.py[line:39] - INFO:  Score list: [213613]
2024/03/19 12:54:37 - train.py[line:40] - INFO:  Total score: 213613
2024/03/19 12:54:37 - train.py[line:41] - INFO:  Average score: 213613.0
2024/03/19 12:54:37 - train.py[line:46] - INFO:  After call 22: Best score: 233395.0
2024/03/19 12:54:37 - train.py[line:47] - INFO:  With parameters: [0.7587704737965831, 0.9633868649622832, 0.031163583555457126, 0.9758503519094793, 0.9318693684692176, 0.5237160296482705, 0.407218417150748, 0.7521490341755536, 0.8095014307564475, 0.356230656277775]
2024/03/19 12:54:37 - train.py[line:48] - INFO:  ====================================

2024/03/19 12:55:07 - train.py[line:38] - INFO:  params: 0.09274733697268912 0.882642141601266 0.05699781102843905 0.9870396738431089 0.9483205632966539 0.7647388966408499 0.3570258162707533 0.31581543561448094 0.984985727008073 0.35197070874806596
2024/03/19 12:55:07 - train.py[line:39] - INFO:  Score list: [172794]
2024/03/19 12:55:07 - train.py[line:40] - INFO:  Total score: 172794
2024/03/19 12:55:07 - train.py[line:41] - INFO:  Average score: 172794.0
2024/03/19 12:55:07 - train.py[line:46] - INFO:  After call 23: Best score: 233395.0
2024/03/19 12:55:07 - train.py[line:47] - INFO:  With parameters: [0.7587704737965831, 0.9633868649622832, 0.031163583555457126, 0.9758503519094793, 0.9318693684692176, 0.5237160296482705, 0.407218417150748, 0.7521490341755536, 0.8095014307564475, 0.356230656277775]
2024/03/19 12:55:07 - train.py[line:48] - INFO:  ====================================

2024/03/19 12:55:37 - train.py[line:38] - INFO:  params: 0.8547761543018284 0.12613236771343264 0.04235018605992447 0.9966238251582459 0.16478718466324174 0.013634411754065327 0.29327743989034843 0.9002684456779124 0.6290141816192546 0.8868692521980222
2024/03/19 12:55:37 - train.py[line:39] - INFO:  Score list: [165611]
2024/03/19 12:55:37 - train.py[line:40] - INFO:  Total score: 165611
2024/03/19 12:55:37 - train.py[line:41] - INFO:  Average score: 165611.0
2024/03/19 12:55:37 - train.py[line:46] - INFO:  After call 24: Best score: 233395.0
2024/03/19 12:55:37 - train.py[line:47] - INFO:  With parameters: [0.7587704737965831, 0.9633868649622832, 0.031163583555457126, 0.9758503519094793, 0.9318693684692176, 0.5237160296482705, 0.407218417150748, 0.7521490341755536, 0.8095014307564475, 0.356230656277775]
2024/03/19 12:55:37 - train.py[line:48] - INFO:  ====================================

2024/03/19 12:56:03 - train.py[line:38] - INFO:  params: 0.5831236862777771 0.98749368325064 0.004425317292582887 0.6575588387030922 0.22618855472752247 0.8938519172945208 0.11374772279634074 0.8532007695999951 0.542873026503019 0.29389270552392605
2024/03/19 12:56:03 - train.py[line:39] - INFO:  Score list: [215022]
2024/03/19 12:56:03 - train.py[line:40] - INFO:  Total score: 215022
2024/03/19 12:56:03 - train.py[line:41] - INFO:  Average score: 215022.0
2024/03/19 12:56:04 - train.py[line:46] - INFO:  After call 25: Best score: 233395.0
2024/03/19 12:56:04 - train.py[line:47] - INFO:  With parameters: [0.7587704737965831, 0.9633868649622832, 0.031163583555457126, 0.9758503519094793, 0.9318693684692176, 0.5237160296482705, 0.407218417150748, 0.7521490341755536, 0.8095014307564475, 0.356230656277775]
2024/03/19 12:56:04 - train.py[line:48] - INFO:  ====================================

2024/03/19 12:56:29 - train.py[line:38] - INFO:  params: 0.8163632567459507 0.932580840599003 0.08245647608431973 0.4536329459682735 0.11310168139615398 0.5797850406052272 0.0944870036941309 0.8011590593817489 0.514871427230418 0.07630902098113325
2024/03/19 12:56:29 - train.py[line:39] - INFO:  Score list: [217955]
2024/03/19 12:56:29 - train.py[line:40] - INFO:  Total score: 217955
2024/03/19 12:56:29 - train.py[line:41] - INFO:  Average score: 217955.0
2024/03/19 12:56:30 - train.py[line:46] - INFO:  After call 26: Best score: 233395.0
2024/03/19 12:56:30 - train.py[line:47] - INFO:  With parameters: [0.7587704737965831, 0.9633868649622832, 0.031163583555457126, 0.9758503519094793, 0.9318693684692176, 0.5237160296482705, 0.407218417150748, 0.7521490341755536, 0.8095014307564475, 0.356230656277775]
2024/03/19 12:56:30 - train.py[line:48] - INFO:  ====================================

2024/03/19 12:57:01 - train.py[line:38] - INFO:  params: 0.6725224195578386 0.9431575663097639 0.13988575621824487 0.12671534140919374 0.10672092107282308 0.8111308772693131 0.008293848319009147 0.7362809318834155 0.5407273056252806 0.23641301614902127
2024/03/19 12:57:01 - train.py[line:39] - INFO:  Score list: [151861]
2024/03/19 12:57:01 - train.py[line:40] - INFO:  Total score: 151861
2024/03/19 12:57:01 - train.py[line:41] - INFO:  Average score: 151861.0
2024/03/19 12:57:01 - train.py[line:46] - INFO:  After call 27: Best score: 233395.0
2024/03/19 12:57:01 - train.py[line:47] - INFO:  With parameters: [0.7587704737965831, 0.9633868649622832, 0.031163583555457126, 0.9758503519094793, 0.9318693684692176, 0.5237160296482705, 0.407218417150748, 0.7521490341755536, 0.8095014307564475, 0.356230656277775]
2024/03/19 12:57:01 - train.py[line:48] - INFO:  ====================================

2024/03/19 12:57:28 - train.py[line:38] - INFO:  params: 0.7996897631343696 0.852357955186399 0.07394727086364318 0.7574969243403802 0.2801218412405793 0.82526828048583 0.10191193412676261 0.7904041751968169 0.003186946215191334 0.2685575870258429
2024/03/19 12:57:28 - train.py[line:39] - INFO:  Score list: [214378]
2024/03/19 12:57:28 - train.py[line:40] - INFO:  Total score: 214378
2024/03/19 12:57:28 - train.py[line:41] - INFO:  Average score: 214378.0
2024/03/19 12:57:29 - train.py[line:46] - INFO:  After call 28: Best score: 233395.0
2024/03/19 12:57:29 - train.py[line:47] - INFO:  With parameters: [0.7587704737965831, 0.9633868649622832, 0.031163583555457126, 0.9758503519094793, 0.9318693684692176, 0.5237160296482705, 0.407218417150748, 0.7521490341755536, 0.8095014307564475, 0.356230656277775]
2024/03/19 12:57:29 - train.py[line:48] - INFO:  ====================================

2024/03/19 12:57:55 - train.py[line:38] - INFO:  params: 0.7757700194539173 0.6662675830392014 0.0027829252354288907 0.996421880348385 0.06665192933104348 0.6956308818158813 0.1353339914098162 0.9025755713058511 0.6709596673322769 0.05116892410509079
2024/03/19 12:57:55 - train.py[line:39] - INFO:  Score list: [220390]
2024/03/19 12:57:55 - train.py[line:40] - INFO:  Total score: 220390
2024/03/19 12:57:55 - train.py[line:41] - INFO:  Average score: 220390.0
2024/03/19 12:57:55 - train.py[line:46] - INFO:  After call 29: Best score: 233395.0
2024/03/19 12:57:55 - train.py[line:47] - INFO:  With parameters: [0.7587704737965831, 0.9633868649622832, 0.031163583555457126, 0.9758503519094793, 0.9318693684692176, 0.5237160296482705, 0.407218417150748, 0.7521490341755536, 0.8095014307564475, 0.356230656277775]
2024/03/19 12:57:55 - train.py[line:48] - INFO:  ====================================

2024/03/19 12:58:24 - train.py[line:38] - INFO:  params: 0.7609477799283059 0.7499863376871597 0.021520462916972852 0.20746699558842202 0.27935937586669973 0.17051262667548542 0.09550868102339563 0.6814290772792598 0.5650319134024026 0.19974702616075118
2024/03/19 12:58:24 - train.py[line:39] - INFO:  Score list: [213350]
2024/03/19 12:58:24 - train.py[line:40] - INFO:  Total score: 213350
2024/03/19 12:58:24 - train.py[line:41] - INFO:  Average score: 213350.0
2024/03/19 12:58:25 - train.py[line:46] - INFO:  After call 30: Best score: 233395.0
2024/03/19 12:58:25 - train.py[line:47] - INFO:  With parameters: [0.7587704737965831, 0.9633868649622832, 0.031163583555457126, 0.9758503519094793, 0.9318693684692176, 0.5237160296482705, 0.407218417150748, 0.7521490341755536, 0.8095014307564475, 0.356230656277775]
2024/03/19 12:58:25 - train.py[line:48] - INFO:  ====================================

2024/03/19 12:58:55 - train.py[line:38] - INFO:  params: 0.8119398179610298 0.7039428472268485 0.1064959693408565 0.5440135855262523 0.36075032384641975 0.8137717044516545 0.12064791769940555 0.971414962668238 0.9598526294468358 0.1207366593007985
2024/03/19 12:58:55 - train.py[line:39] - INFO:  Score list: [212111]
2024/03/19 12:58:55 - train.py[line:40] - INFO:  Total score: 212111
2024/03/19 12:58:55 - train.py[line:41] - INFO:  Average score: 212111.0
2024/03/19 12:58:55 - train.py[line:46] - INFO:  After call 31: Best score: 233395.0
2024/03/19 12:58:55 - train.py[line:47] - INFO:  With parameters: [0.7587704737965831, 0.9633868649622832, 0.031163583555457126, 0.9758503519094793, 0.9318693684692176, 0.5237160296482705, 0.407218417150748, 0.7521490341755536, 0.8095014307564475, 0.356230656277775]
2024/03/19 12:58:55 - train.py[line:48] - INFO:  ====================================

2024/03/19 12:59:21 - train.py[line:38] - INFO:  params: 0.8584527651386396 0.8014110430403492 0.18481881259326807 0.9851728694719596 0.7596386184128052 0.6074583276156419 0.07924257381652135 0.7138208227113574 0.405652731758816 0.11388616507708774
2024/03/19 12:59:21 - train.py[line:39] - INFO:  Score list: [222156]
2024/03/19 12:59:21 - train.py[line:40] - INFO:  Total score: 222156
2024/03/19 12:59:21 - train.py[line:41] - INFO:  Average score: 222156.0
2024/03/19 12:59:21 - train.py[line:46] - INFO:  After call 32: Best score: 233395.0
2024/03/19 12:59:21 - train.py[line:47] - INFO:  With parameters: [0.7587704737965831, 0.9633868649622832, 0.031163583555457126, 0.9758503519094793, 0.9318693684692176, 0.5237160296482705, 0.407218417150748, 0.7521490341755536, 0.8095014307564475, 0.356230656277775]
2024/03/19 12:59:21 - train.py[line:48] - INFO:  ====================================

2024/03/19 12:59:54 - train.py[line:38] - INFO:  params: 0.7564603536925975 0.9462018004237465 0.000543156395518052 0.9373355024777548 0.38820074581125186 0.21297432932879284 0.09445592404531891 0.8763845500099849 0.8510584989946552 0.41476297079763536
2024/03/19 12:59:54 - train.py[line:39] - INFO:  Score list: [89426]
2024/03/19 12:59:54 - train.py[line:40] - INFO:  Total score: 89426
2024/03/19 12:59:54 - train.py[line:41] - INFO:  Average score: 89426.0
2024/03/19 12:59:55 - train.py[line:46] - INFO:  After call 33: Best score: 233395.0
2024/03/19 12:59:55 - train.py[line:47] - INFO:  With parameters: [0.7587704737965831, 0.9633868649622832, 0.031163583555457126, 0.9758503519094793, 0.9318693684692176, 0.5237160296482705, 0.407218417150748, 0.7521490341755536, 0.8095014307564475, 0.356230656277775]
2024/03/19 12:59:55 - train.py[line:48] - INFO:  ====================================

